        -:    0:Source:/usr/include/c++/8/bits/basic_string.h
        -:    0:Programs:6
        -:    1:// Components for manipulating sequences of characters -*- C++ -*-
        -:    2:
        -:    3:// Copyright (C) 1997-2018 Free Software Foundation, Inc.
        -:    4://
        -:    5:// This file is part of the GNU ISO C++ Library.  This library is free
        -:    6:// software; you can redistribute it and/or modify it under the
        -:    7:// terms of the GNU General Public License as published by the
        -:    8:// Free Software Foundation; either version 3, or (at your option)
        -:    9:// any later version.
        -:   10:
        -:   11:// This library is distributed in the hope that it will be useful,
        -:   12:// but WITHOUT ANY WARRANTY; without even the implied warranty of
        -:   13:// MERCHANTABILITY or FITNESS FOR A PARTICULAR PURPOSE.  See the
        -:   14:// GNU General Public License for more details.
        -:   15:
        -:   16:// Under Section 7 of GPL version 3, you are granted additional
        -:   17:// permissions described in the GCC Runtime Library Exception, version
        -:   18:// 3.1, as published by the Free Software Foundation.
        -:   19:
        -:   20:// You should have received a copy of the GNU General Public License and
        -:   21:// a copy of the GCC Runtime Library Exception along with this program;
        -:   22:// see the files COPYING3 and COPYING.RUNTIME respectively.  If not, see
        -:   23:// <http://www.gnu.org/licenses/>.
        -:   24:
        -:   25:/** @file bits/basic_string.h
        -:   26: *  This is an internal header file, included by other library headers.
        -:   27: *  Do not attempt to use it directly. @headername{string}
        -:   28: */
        -:   29:
        -:   30://
        -:   31:// ISO C++ 14882: 21 Strings library
        -:   32://
        -:   33:
        -:   34:#ifndef _BASIC_STRING_H
        -:   35:#define _BASIC_STRING_H 1
        -:   36:
        -:   37:#pragma GCC system_header
        -:   38:
        -:   39:#include <ext/atomicity.h>
        -:   40:#include <ext/alloc_traits.h>
        -:   41:#include <debug/debug.h>
        -:   42:
        -:   43:#if __cplusplus >= 201103L
        -:   44:#include <initializer_list>
        -:   45:#endif
        -:   46:
        -:   47:#if __cplusplus > 201402L
        -:   48:# include <string_view>
        -:   49:#endif
        -:   50:
        -:   51:
        -:   52:namespace std _GLIBCXX_VISIBILITY(default)
        -:   53:{
        -:   54:_GLIBCXX_BEGIN_NAMESPACE_VERSION
        -:   55:
        -:   56:#if _GLIBCXX_USE_CXX11_ABI
        -:   57:_GLIBCXX_BEGIN_NAMESPACE_CXX11
        -:   58:  /**
        -:   59:   *  @class basic_string basic_string.h <string>
        -:   60:   *  @brief  Managing sequences of characters and character-like objects.
        -:   61:   *
        -:   62:   *  @ingroup strings
        -:   63:   *  @ingroup sequences
        -:   64:   *
        -:   65:   *  @tparam _CharT  Type of character
        -:   66:   *  @tparam _Traits  Traits for character type, defaults to
        -:   67:   *                   char_traits<_CharT>.
        -:   68:   *  @tparam _Alloc  Allocator type, defaults to allocator<_CharT>.
        -:   69:   *
        -:   70:   *  Meets the requirements of a <a href="tables.html#65">container</a>, a
        -:   71:   *  <a href="tables.html#66">reversible container</a>, and a
        -:   72:   *  <a href="tables.html#67">sequence</a>.  Of the
        -:   73:   *  <a href="tables.html#68">optional sequence requirements</a>, only
        -:   74:   *  @c push_back, @c at, and @c %array access are supported.
        -:   75:   */
        -:   76:  template<typename _CharT, typename _Traits, typename _Alloc>
        -:   77:    class basic_string
        -:   78:    {
        -:   79:      typedef typename __gnu_cxx::__alloc_traits<_Alloc>::template
        -:   80:	rebind<_CharT>::other _Char_alloc_type;
        -:   81:      typedef __gnu_cxx::__alloc_traits<_Char_alloc_type> _Alloc_traits;
        -:   82:
        -:   83:      // Types:
        -:   84:    public:
        -:   85:      typedef _Traits					traits_type;
        -:   86:      typedef typename _Traits::char_type		value_type;
        -:   87:      typedef _Char_alloc_type				allocator_type;
        -:   88:      typedef typename _Alloc_traits::size_type		size_type;
        -:   89:      typedef typename _Alloc_traits::difference_type	difference_type;
        -:   90:      typedef typename _Alloc_traits::reference		reference;
        -:   91:      typedef typename _Alloc_traits::const_reference	const_reference;
        -:   92:      typedef typename _Alloc_traits::pointer		pointer;
        -:   93:      typedef typename _Alloc_traits::const_pointer	const_pointer;
        -:   94:      typedef __gnu_cxx::__normal_iterator<pointer, basic_string>  iterator;
        -:   95:      typedef __gnu_cxx::__normal_iterator<const_pointer, basic_string>
        -:   96:							const_iterator;
        -:   97:      typedef std::reverse_iterator<const_iterator>	const_reverse_iterator;
        -:   98:      typedef std::reverse_iterator<iterator>		reverse_iterator;
        -:   99:
        -:  100:      ///  Value returned by various member functions when they fail.
        -:  101:      static const size_type	npos = static_cast<size_type>(-1);
        -:  102:
        -:  103:    private:
        -:  104:      // type used for positions in insert, erase etc.
        -:  105:#if __cplusplus < 201103L
        -:  106:      typedef iterator __const_iterator;
        -:  107:#else
        -:  108:      typedef const_iterator __const_iterator;
        -:  109:#endif
        -:  110:
        -:  111:#if __cplusplus > 201402L
        -:  112:      // A helper type for avoiding boiler-plate.
        -:  113:      typedef basic_string_view<_CharT, _Traits> __sv_type;
        -:  114:
        -:  115:      template<typename _Tp, typename _Res>
        -:  116:	using _If_sv = enable_if_t<
        -:  117:	  __and_<is_convertible<const _Tp&, __sv_type>,
        -:  118:		 __not_<is_convertible<const _Tp*, const basic_string*>>,
        -:  119:		 __not_<is_convertible<const _Tp&, const _CharT*>>>::value,
        -:  120:	  _Res>;
        -:  121:
        -:  122:      // Allows an implicit conversion to __sv_type.
        -:  123:      static __sv_type
        -:  124:      _S_to_string_view(__sv_type __svt) noexcept
        -:  125:      { return __svt; }
        -:  126:
        -:  127:      // Wraps a string_view by explicit conversion and thus
        -:  128:      // allows to add an internal constructor that does not
        -:  129:      // participate in overload resolution when a string_view
        -:  130:      // is provided.
        -:  131:      struct __sv_wrapper
        -:  132:      {
        -:  133:	explicit __sv_wrapper(__sv_type __sv) noexcept : _M_sv(__sv) { }
        -:  134:	__sv_type _M_sv;
        -:  135:      };
        -:  136:#endif
        -:  137:
        -:  138:      // Use empty-base optimization: http://www.cantrip.org/emptyopt.html
        -:  139:      struct _Alloc_hider : allocator_type // TODO check __is_final
        -:  140:      {
        -:  141:#if __cplusplus < 201103L
        -:  142:	_Alloc_hider(pointer __dat, const _Alloc& __a = _Alloc())
        -:  143:	: allocator_type(__a), _M_p(__dat) { }
        -:  144:#else
        -:  145:	_Alloc_hider(pointer __dat, const _Alloc& __a)
        -:  146:	: allocator_type(__a), _M_p(__dat) { }
        -:  147:
        -:  148:	_Alloc_hider(pointer __dat, _Alloc&& __a = _Alloc())
        -:  149:	: allocator_type(std::move(__a)), _M_p(__dat) { }
        -:  150:#endif
        -:  151:
        -:  152:	pointer _M_p; // The actual data.
        -:  153:      };
        -:  154:
        -:  155:      _Alloc_hider	_M_dataplus;
        -:  156:      size_type		_M_string_length;
        -:  157:
        -:  158:      enum { _S_local_capacity = 15 / sizeof(_CharT) };
        -:  159:
        -:  160:      union
        -:  161:      {
        -:  162:	_CharT           _M_local_buf[_S_local_capacity + 1];
        -:  163:	size_type        _M_allocated_capacity;
        -:  164:      };
        -:  165:
        -:  166:      void
        -:  167:      _M_data(pointer __p)
        -:  168:      { _M_dataplus._M_p = __p; }
        -:  169:
        -:  170:      void
        -:  171:      _M_length(size_type __length)
        -:  172:      { _M_string_length = __length; }
        -:  173:
        -:  174:      pointer
        -:  175:      _M_data() const
        -:  176:      { return _M_dataplus._M_p; }
        -:  177:
        -:  178:      pointer
        -:  179:      _M_local_data()
        -:  180:      {
        -:  181:#if __cplusplus >= 201103L
        -:  182:	return std::pointer_traits<pointer>::pointer_to(*_M_local_buf);
        -:  183:#else
        -:  184:	return pointer(_M_local_buf);
        -:  185:#endif
        -:  186:      }
        -:  187:
        -:  188:      const_pointer
        -:  189:      _M_local_data() const
        -:  190:      {
        -:  191:#if __cplusplus >= 201103L
        -:  192:	return std::pointer_traits<const_pointer>::pointer_to(*_M_local_buf);
        -:  193:#else
        -:  194:	return const_pointer(_M_local_buf);
        -:  195:#endif
        -:  196:      }
        -:  197:
        -:  198:      void
        -:  199:      _M_capacity(size_type __capacity)
        -:  200:      { _M_allocated_capacity = __capacity; }
        -:  201:
        -:  202:      void
        -:  203:      _M_set_length(size_type __n)
        -:  204:      {
        -:  205:	_M_length(__n);
        -:  206:	traits_type::assign(_M_data()[__n], _CharT());
        -:  207:      }
        -:  208:
        -:  209:      bool
        -:  210:      _M_is_local() const
        -:  211:      { return _M_data() == _M_local_data(); }
        -:  212:
        -:  213:      // Create & Destroy
        -:  214:      pointer
        -:  215:      _M_create(size_type&, size_type);
        -:  216:
        -:  217:      void
        -:  218:      _M_dispose()
        -:  219:      {
        -:  220:	if (!_M_is_local())
        -:  221:	  _M_destroy(_M_allocated_capacity);
        -:  222:      }
        -:  223:
        -:  224:      void
        -:  225:      _M_destroy(size_type __size) throw()
        -:  226:      { _Alloc_traits::deallocate(_M_get_allocator(), _M_data(), __size + 1); }
        -:  227:
        -:  228:      // _M_construct_aux is used to implement the 21.3.1 para 15 which
        -:  229:      // requires special behaviour if _InIterator is an integral type
        -:  230:      template<typename _InIterator>
        -:  231:        void
      18*:  232:        _M_construct_aux(_InIterator __beg, _InIterator __end,
        -:  233:			 std::__false_type)
        -:  234:	{
        -:  235:          typedef typename iterator_traits<_InIterator>::iterator_category _Tag;
      18*:  236:          _M_construct(__beg, __end, _Tag());
      18*:  237:	}
------------------
_ZNSt7__cxx1112basic_stringIcSt11char_traitsIcESaIcEE16_M_construct_auxIPKcEEvT_S8_St12__false_type:
    #####:  232:        _M_construct_aux(_InIterator __beg, _InIterator __end,
        -:  233:			 std::__false_type)
        -:  234:	{
        -:  235:          typedef typename iterator_traits<_InIterator>::iterator_category _Tag;
    #####:  236:          _M_construct(__beg, __end, _Tag());
    #####:  237:	}
------------------
_ZNSt7__cxx1112basic_stringIcSt11char_traitsIcESaIcEE16_M_construct_auxIPcEEvT_S7_St12__false_type:
    #####:  232:        _M_construct_aux(_InIterator __beg, _InIterator __end,
        -:  233:			 std::__false_type)
        -:  234:	{
        -:  235:          typedef typename iterator_traits<_InIterator>::iterator_category _Tag;
    #####:  236:          _M_construct(__beg, __end, _Tag());
    #####:  237:	}
------------------
_ZNSt7__cxx1112basic_stringIcSt11char_traitsIcESaIcEE16_M_construct_auxIPKcEEvT_S8_St12__false_type:
    #####:  232:        _M_construct_aux(_InIterator __beg, _InIterator __end,
        -:  233:			 std::__false_type)
        -:  234:	{
        -:  235:          typedef typename iterator_traits<_InIterator>::iterator_category _Tag;
    #####:  236:          _M_construct(__beg, __end, _Tag());
    #####:  237:	}
------------------
_ZNSt7__cxx1112basic_stringIcSt11char_traitsIcESaIcEE16_M_construct_auxIPKcEEvT_S8_St12__false_type:
    #####:  232:        _M_construct_aux(_InIterator __beg, _InIterator __end,
        -:  233:			 std::__false_type)
        -:  234:	{
        -:  235:          typedef typename iterator_traits<_InIterator>::iterator_category _Tag;
    #####:  236:          _M_construct(__beg, __end, _Tag());
    #####:  237:	}
------------------
_ZNSt7__cxx1112basic_stringIcSt11char_traitsIcESaIcEE16_M_construct_auxIPKcEEvT_S8_St12__false_type:
    #####:  232:        _M_construct_aux(_InIterator __beg, _InIterator __end,
        -:  233:			 std::__false_type)
        -:  234:	{
        -:  235:          typedef typename iterator_traits<_InIterator>::iterator_category _Tag;
    #####:  236:          _M_construct(__beg, __end, _Tag());
    #####:  237:	}
------------------
_ZNSt7__cxx1112basic_stringIcSt11char_traitsIcESaIcEE16_M_construct_auxIPKcEEvT_S8_St12__false_type:
    #####:  232:        _M_construct_aux(_InIterator __beg, _InIterator __end,
        -:  233:			 std::__false_type)
        -:  234:	{
        -:  235:          typedef typename iterator_traits<_InIterator>::iterator_category _Tag;
    #####:  236:          _M_construct(__beg, __end, _Tag());
    #####:  237:	}
------------------
_ZNSt7__cxx1112basic_stringIcSt11char_traitsIcESaIcEE16_M_construct_auxIPcEEvT_S7_St12__false_type:
       18:  232:        _M_construct_aux(_InIterator __beg, _InIterator __end,
        -:  233:			 std::__false_type)
        -:  234:	{
        -:  235:          typedef typename iterator_traits<_InIterator>::iterator_category _Tag;
       18:  236:          _M_construct(__beg, __end, _Tag());
       18:  237:	}
------------------
_ZNSt7__cxx1112basic_stringIcSt11char_traitsIcESaIcEE16_M_construct_auxIPKcEEvT_S8_St12__false_type:
    #####:  232:        _M_construct_aux(_InIterator __beg, _InIterator __end,
        -:  233:			 std::__false_type)
        -:  234:	{
        -:  235:          typedef typename iterator_traits<_InIterator>::iterator_category _Tag;
    #####:  236:          _M_construct(__beg, __end, _Tag());
    #####:  237:	}
------------------
        -:  238:
        -:  239:      // _GLIBCXX_RESOLVE_LIB_DEFECTS
        -:  240:      // 438. Ambiguity in the "do the right thing" clause
        -:  241:      template<typename _Integer>
        -:  242:        void
        -:  243:        _M_construct_aux(_Integer __beg, _Integer __end, std::__true_type)
        -:  244:	{ _M_construct_aux_2(static_cast<size_type>(__beg), __end); }
        -:  245:
        -:  246:      void
        -:  247:      _M_construct_aux_2(size_type __req, _CharT __c)
        -:  248:      { _M_construct(__req, __c); }
        -:  249:
        -:  250:      template<typename _InIterator>
        -:  251:        void
      18*:  252:        _M_construct(_InIterator __beg, _InIterator __end)
        -:  253:	{
        -:  254:	  typedef typename std::__is_integer<_InIterator>::__type _Integral;
      18*:  255:	  _M_construct_aux(__beg, __end, _Integral());
      18*:  256:        }
------------------
_ZNSt7__cxx1112basic_stringIcSt11char_traitsIcESaIcEE12_M_constructIPKcEEvT_S8_:
    #####:  252:        _M_construct(_InIterator __beg, _InIterator __end)
        -:  253:	{
        -:  254:	  typedef typename std::__is_integer<_InIterator>::__type _Integral;
    #####:  255:	  _M_construct_aux(__beg, __end, _Integral());
    #####:  256:        }
------------------
_ZNSt7__cxx1112basic_stringIcSt11char_traitsIcESaIcEE12_M_constructIPcEEvT_S7_:
    #####:  252:        _M_construct(_InIterator __beg, _InIterator __end)
        -:  253:	{
        -:  254:	  typedef typename std::__is_integer<_InIterator>::__type _Integral;
    #####:  255:	  _M_construct_aux(__beg, __end, _Integral());
    #####:  256:        }
------------------
_ZNSt7__cxx1112basic_stringIcSt11char_traitsIcESaIcEE12_M_constructIPKcEEvT_S8_:
    #####:  252:        _M_construct(_InIterator __beg, _InIterator __end)
        -:  253:	{
        -:  254:	  typedef typename std::__is_integer<_InIterator>::__type _Integral;
    #####:  255:	  _M_construct_aux(__beg, __end, _Integral());
    #####:  256:        }
------------------
_ZNSt7__cxx1112basic_stringIcSt11char_traitsIcESaIcEE12_M_constructIPKcEEvT_S8_:
    #####:  252:        _M_construct(_InIterator __beg, _InIterator __end)
        -:  253:	{
        -:  254:	  typedef typename std::__is_integer<_InIterator>::__type _Integral;
    #####:  255:	  _M_construct_aux(__beg, __end, _Integral());
    #####:  256:        }
------------------
_ZNSt7__cxx1112basic_stringIcSt11char_traitsIcESaIcEE12_M_constructIPKcEEvT_S8_:
    #####:  252:        _M_construct(_InIterator __beg, _InIterator __end)
        -:  253:	{
        -:  254:	  typedef typename std::__is_integer<_InIterator>::__type _Integral;
    #####:  255:	  _M_construct_aux(__beg, __end, _Integral());
    #####:  256:        }
------------------
_ZNSt7__cxx1112basic_stringIcSt11char_traitsIcESaIcEE12_M_constructIPKcEEvT_S8_:
    #####:  252:        _M_construct(_InIterator __beg, _InIterator __end)
        -:  253:	{
        -:  254:	  typedef typename std::__is_integer<_InIterator>::__type _Integral;
    #####:  255:	  _M_construct_aux(__beg, __end, _Integral());
    #####:  256:        }
------------------
_ZNSt7__cxx1112basic_stringIcSt11char_traitsIcESaIcEE12_M_constructIPcEEvT_S7_:
       18:  252:        _M_construct(_InIterator __beg, _InIterator __end)
        -:  253:	{
        -:  254:	  typedef typename std::__is_integer<_InIterator>::__type _Integral;
       18:  255:	  _M_construct_aux(__beg, __end, _Integral());
       18:  256:        }
------------------
_ZNSt7__cxx1112basic_stringIcSt11char_traitsIcESaIcEE12_M_constructIPKcEEvT_S8_:
    #####:  252:        _M_construct(_InIterator __beg, _InIterator __end)
        -:  253:	{
        -:  254:	  typedef typename std::__is_integer<_InIterator>::__type _Integral;
    #####:  255:	  _M_construct_aux(__beg, __end, _Integral());
    #####:  256:        }
------------------
        -:  257:
        -:  258:      // For Input Iterators, used in istreambuf_iterators, etc.
        -:  259:      template<typename _InIterator>
        -:  260:        void
        -:  261:        _M_construct(_InIterator __beg, _InIterator __end,
        -:  262:		     std::input_iterator_tag);
        -:  263:
        -:  264:      // For forward_iterators up to random_access_iterators, used for
        -:  265:      // string::iterator, _CharT*, etc.
        -:  266:      template<typename _FwdIterator>
        -:  267:        void
        -:  268:        _M_construct(_FwdIterator __beg, _FwdIterator __end,
        -:  269:		     std::forward_iterator_tag);
        -:  270:
        -:  271:      void
        -:  272:      _M_construct(size_type __req, _CharT __c);
        -:  273:
        -:  274:      allocator_type&
        -:  275:      _M_get_allocator()
        -:  276:      { return _M_dataplus; }
        -:  277:
        -:  278:      const allocator_type&
        -:  279:      _M_get_allocator() const
        -:  280:      { return _M_dataplus; }
        -:  281:
        -:  282:    private:
        -:  283:
        -:  284:#ifdef _GLIBCXX_DISAMBIGUATE_REPLACE_INST
        -:  285:      // The explicit instantiations in misc-inst.cc require this due to
        -:  286:      // https://gcc.gnu.org/bugzilla/show_bug.cgi?id=64063
        -:  287:      template<typename _Tp, bool _Requires =
        -:  288:	       !__are_same<_Tp, _CharT*>::__value
        -:  289:	       && !__are_same<_Tp, const _CharT*>::__value
        -:  290:	       && !__are_same<_Tp, iterator>::__value
        -:  291:	       && !__are_same<_Tp, const_iterator>::__value>
        -:  292:	struct __enable_if_not_native_iterator
        -:  293:	{ typedef basic_string& __type; };
        -:  294:      template<typename _Tp>
        -:  295:	struct __enable_if_not_native_iterator<_Tp, false> { };
        -:  296:#endif
        -:  297:
        -:  298:      size_type
        -:  299:      _M_check(size_type __pos, const char* __s) const
        -:  300:      {
        -:  301:	if (__pos > this->size())
        -:  302:	  __throw_out_of_range_fmt(__N("%s: __pos (which is %zu) > "
        -:  303:				       "this->size() (which is %zu)"),
        -:  304:				   __s, __pos, this->size());
        -:  305:	return __pos;
        -:  306:      }
        -:  307:
        -:  308:      void
        -:  309:      _M_check_length(size_type __n1, size_type __n2, const char* __s) const
        -:  310:      {
        -:  311:	if (this->max_size() - (this->size() - __n1) < __n2)
        -:  312:	  __throw_length_error(__N(__s));
        -:  313:      }
        -:  314:
        -:  315:
        -:  316:      // NB: _M_limit doesn't check for a bad __pos value.
        -:  317:      size_type
        -:  318:      _M_limit(size_type __pos, size_type __off) const _GLIBCXX_NOEXCEPT
        -:  319:      {
        -:  320:	const bool __testoff =  __off < this->size() - __pos;
        -:  321:	return __testoff ? __off : this->size() - __pos;
        -:  322:      }
        -:  323:
        -:  324:      // True if _Rep and source do not overlap.
        -:  325:      bool
        -:  326:      _M_disjunct(const _CharT* __s) const _GLIBCXX_NOEXCEPT
        -:  327:      {
        -:  328:	return (less<const _CharT*>()(__s, _M_data())
        -:  329:		|| less<const _CharT*>()(_M_data() + this->size(), __s));
        -:  330:      }
        -:  331:
        -:  332:      // When __n = 1 way faster than the general multichar
        -:  333:      // traits_type::copy/move/assign.
        -:  334:      static void
        -:  335:      _S_copy(_CharT* __d, const _CharT* __s, size_type __n)
        -:  336:      {
        -:  337:	if (__n == 1)
        -:  338:	  traits_type::assign(*__d, *__s);
        -:  339:	else
        -:  340:	  traits_type::copy(__d, __s, __n);
        -:  341:      }
        -:  342:
        -:  343:      static void
        -:  344:      _S_move(_CharT* __d, const _CharT* __s, size_type __n)
        -:  345:      {
        -:  346:	if (__n == 1)
        -:  347:	  traits_type::assign(*__d, *__s);
        -:  348:	else
        -:  349:	  traits_type::move(__d, __s, __n);
        -:  350:      }
        -:  351:
        -:  352:      static void
        -:  353:      _S_assign(_CharT* __d, size_type __n, _CharT __c)
        -:  354:      {
        -:  355:	if (__n == 1)
        -:  356:	  traits_type::assign(*__d, __c);
        -:  357:	else
        -:  358:	  traits_type::assign(__d, __n, __c);
        -:  359:      }
        -:  360:
        -:  361:      // _S_copy_chars is a separate template to permit specialization
        -:  362:      // to optimize for the common case of pointers as iterators.
        -:  363:      template<class _Iterator>
        -:  364:        static void
        -:  365:        _S_copy_chars(_CharT* __p, _Iterator __k1, _Iterator __k2)
        -:  366:        {
        -:  367:	  for (; __k1 != __k2; ++__k1, (void)++__p)
        -:  368:	    traits_type::assign(*__p, *__k1); // These types are off.
        -:  369:	}
        -:  370:
        -:  371:      static void
        -:  372:      _S_copy_chars(_CharT* __p, iterator __k1, iterator __k2) _GLIBCXX_NOEXCEPT
        -:  373:      { _S_copy_chars(__p, __k1.base(), __k2.base()); }
        -:  374:
        -:  375:      static void
        -:  376:      _S_copy_chars(_CharT* __p, const_iterator __k1, const_iterator __k2)
        -:  377:      _GLIBCXX_NOEXCEPT
        -:  378:      { _S_copy_chars(__p, __k1.base(), __k2.base()); }
        -:  379:
        -:  380:      static void
        -:  381:      _S_copy_chars(_CharT* __p, _CharT* __k1, _CharT* __k2) _GLIBCXX_NOEXCEPT
        -:  382:      { _S_copy(__p, __k1, __k2 - __k1); }
        -:  383:
        -:  384:      static void
        -:  385:      _S_copy_chars(_CharT* __p, const _CharT* __k1, const _CharT* __k2)
        -:  386:      _GLIBCXX_NOEXCEPT
        -:  387:      { _S_copy(__p, __k1, __k2 - __k1); }
        -:  388:
        -:  389:      static int
        -:  390:      _S_compare(size_type __n1, size_type __n2) _GLIBCXX_NOEXCEPT
        -:  391:      {
        -:  392:	const difference_type __d = difference_type(__n1 - __n2);
        -:  393:
        -:  394:	if (__d > __gnu_cxx::__numeric_traits<int>::__max)
        -:  395:	  return __gnu_cxx::__numeric_traits<int>::__max;
        -:  396:	else if (__d < __gnu_cxx::__numeric_traits<int>::__min)
        -:  397:	  return __gnu_cxx::__numeric_traits<int>::__min;
        -:  398:	else
        -:  399:	  return int(__d);
        -:  400:      }
        -:  401:
        -:  402:      void
        -:  403:      _M_assign(const basic_string&);
        -:  404:
        -:  405:      void
        -:  406:      _M_mutate(size_type __pos, size_type __len1, const _CharT* __s,
        -:  407:		size_type __len2);
        -:  408:
        -:  409:      void
        -:  410:      _M_erase(size_type __pos, size_type __n);
        -:  411:
        -:  412:    public:
        -:  413:      // Construct/copy/destroy:
        -:  414:      // NB: We overload ctors in some cases instead of using default
        -:  415:      // arguments, per 17.4.4.4 para. 2 item 2.
        -:  416:
        -:  417:      /**
        -:  418:       *  @brief  Default constructor creates an empty string.
        -:  419:       */
        -:  420:      basic_string()
        -:  421:      _GLIBCXX_NOEXCEPT_IF(is_nothrow_default_constructible<_Alloc>::value)
        -:  422:      : _M_dataplus(_M_local_data())
        -:  423:      { _M_set_length(0); }
        -:  424:
        -:  425:      /**
        -:  426:       *  @brief  Construct an empty string using allocator @a a.
        -:  427:       */
        -:  428:      explicit
        -:  429:      basic_string(const _Alloc& __a) _GLIBCXX_NOEXCEPT
        -:  430:      : _M_dataplus(_M_local_data(), __a)
        -:  431:      { _M_set_length(0); }
        -:  432:
        -:  433:      /**
        -:  434:       *  @brief  Construct string with copy of value of @a __str.
        -:  435:       *  @param  __str  Source string.
        -:  436:       */
        -:  437:      basic_string(const basic_string& __str)
        -:  438:      : _M_dataplus(_M_local_data(),
        -:  439:		    _Alloc_traits::_S_select_on_copy(__str._M_get_allocator()))
        -:  440:      { _M_construct(__str._M_data(), __str._M_data() + __str.length()); }
        -:  441:
        -:  442:      // _GLIBCXX_RESOLVE_LIB_DEFECTS
        -:  443:      // 2583. no way to supply an allocator for basic_string(str, pos)
        -:  444:      /**
        -:  445:       *  @brief  Construct string as copy of a substring.
        -:  446:       *  @param  __str  Source string.
        -:  447:       *  @param  __pos  Index of first character to copy from.
        -:  448:       *  @param  __a  Allocator to use.
        -:  449:       */
        -:  450:      basic_string(const basic_string& __str, size_type __pos,
        -:  451:		   const _Alloc& __a = _Alloc())
        -:  452:      : _M_dataplus(_M_local_data(), __a)
        -:  453:      {
        -:  454:	const _CharT* __start = __str._M_data()
        -:  455:	  + __str._M_check(__pos, "basic_string::basic_string");
        -:  456:	_M_construct(__start, __start + __str._M_limit(__pos, npos));
        -:  457:      }
        -:  458:
        -:  459:      /**
        -:  460:       *  @brief  Construct string as copy of a substring.
        -:  461:       *  @param  __str  Source string.
        -:  462:       *  @param  __pos  Index of first character to copy from.
        -:  463:       *  @param  __n  Number of characters to copy.
        -:  464:       */
        -:  465:      basic_string(const basic_string& __str, size_type __pos,
        -:  466:		   size_type __n)
        -:  467:      : _M_dataplus(_M_local_data())
        -:  468:      {
        -:  469:	const _CharT* __start = __str._M_data()
        -:  470:	  + __str._M_check(__pos, "basic_string::basic_string");
        -:  471:	_M_construct(__start, __start + __str._M_limit(__pos, __n));
        -:  472:      }
        -:  473:
        -:  474:      /**
        -:  475:       *  @brief  Construct string as copy of a substring.
        -:  476:       *  @param  __str  Source string.
        -:  477:       *  @param  __pos  Index of first character to copy from.
        -:  478:       *  @param  __n  Number of characters to copy.
        -:  479:       *  @param  __a  Allocator to use.
        -:  480:       */
        -:  481:      basic_string(const basic_string& __str, size_type __pos,
        -:  482:		   size_type __n, const _Alloc& __a)
        -:  483:      : _M_dataplus(_M_local_data(), __a)
        -:  484:      {
        -:  485:	const _CharT* __start
        -:  486:	  = __str._M_data() + __str._M_check(__pos, "string::string");
        -:  487:	_M_construct(__start, __start + __str._M_limit(__pos, __n));
        -:  488:      }
        -:  489:
        -:  490:      /**
        -:  491:       *  @brief  Construct string initialized by a character %array.
        -:  492:       *  @param  __s  Source character %array.
        -:  493:       *  @param  __n  Number of characters to copy.
        -:  494:       *  @param  __a  Allocator to use (default is default allocator).
        -:  495:       *
        -:  496:       *  NB: @a __s must have at least @a __n characters, &apos;\\0&apos;
        -:  497:       *  has no special meaning.
        -:  498:       */
        -:  499:      basic_string(const _CharT* __s, size_type __n,
        -:  500:		   const _Alloc& __a = _Alloc())
        -:  501:      : _M_dataplus(_M_local_data(), __a)
        -:  502:      { _M_construct(__s, __s + __n); }
        -:  503:
        -:  504:      /**
        -:  505:       *  @brief  Construct string as copy of a C string.
        -:  506:       *  @param  __s  Source C string.
        -:  507:       *  @param  __a  Allocator to use (default is default allocator).
        -:  508:       */
        -:  509:#if __cpp_deduction_guides && ! defined _GLIBCXX_DEFINING_STRING_INSTANTIATIONS
        -:  510:      // _GLIBCXX_RESOLVE_LIB_DEFECTS
        -:  511:      // 3076. basic_string CTAD ambiguity
        -:  512:      template<typename = _RequireAllocator<_Alloc>>
        -:  513:#endif
        -:  514:      basic_string(const _CharT* __s, const _Alloc& __a = _Alloc())
        -:  515:      : _M_dataplus(_M_local_data(), __a)
        -:  516:      { _M_construct(__s, __s ? __s + traits_type::length(__s) : __s+npos); }
        -:  517:
        -:  518:      /**
        -:  519:       *  @brief  Construct string as multiple characters.
        -:  520:       *  @param  __n  Number of characters.
        -:  521:       *  @param  __c  Character to use.
        -:  522:       *  @param  __a  Allocator to use (default is default allocator).
        -:  523:       */
        -:  524:#if __cpp_deduction_guides && ! defined _GLIBCXX_DEFINING_STRING_INSTANTIATIONS
        -:  525:      // _GLIBCXX_RESOLVE_LIB_DEFECTS
        -:  526:      // 3076. basic_string CTAD ambiguity
        -:  527:      template<typename = _RequireAllocator<_Alloc>>
        -:  528:#endif
        -:  529:      basic_string(size_type __n, _CharT __c, const _Alloc& __a = _Alloc())
        -:  530:      : _M_dataplus(_M_local_data(), __a)
        -:  531:      { _M_construct(__n, __c); }
        -:  532:
        -:  533:#if __cplusplus >= 201103L
        -:  534:      /**
        -:  535:       *  @brief  Move construct string.
        -:  536:       *  @param  __str  Source string.
        -:  537:       *
        -:  538:       *  The newly-created string contains the exact contents of @a __str.
        -:  539:       *  @a __str is a valid, but unspecified string.
        -:  540:       **/
        -:  541:      basic_string(basic_string&& __str) noexcept
        -:  542:      : _M_dataplus(_M_local_data(), std::move(__str._M_get_allocator()))
        -:  543:      {
        -:  544:	if (__str._M_is_local())
        -:  545:	  {
        -:  546:	    traits_type::copy(_M_local_buf, __str._M_local_buf,
        -:  547:			      _S_local_capacity + 1);
        -:  548:	  }
        -:  549:	else
        -:  550:	  {
        -:  551:	    _M_data(__str._M_data());
        -:  552:	    _M_capacity(__str._M_allocated_capacity);
        -:  553:	  }
        -:  554:
        -:  555:	// Must use _M_length() here not _M_set_length() because
        -:  556:	// basic_stringbuf relies on writing into unallocated capacity so
        -:  557:	// we mess up the contents if we put a '\0' in the string.
        -:  558:	_M_length(__str.length());
        -:  559:	__str._M_data(__str._M_local_data());
        -:  560:	__str._M_set_length(0);
        -:  561:      }
        -:  562:
        -:  563:      /**
        -:  564:       *  @brief  Construct string from an initializer %list.
        -:  565:       *  @param  __l  std::initializer_list of characters.
        -:  566:       *  @param  __a  Allocator to use (default is default allocator).
        -:  567:       */
        -:  568:      basic_string(initializer_list<_CharT> __l, const _Alloc& __a = _Alloc())
        -:  569:      : _M_dataplus(_M_local_data(), __a)
        -:  570:      { _M_construct(__l.begin(), __l.end()); }
        -:  571:
        -:  572:      basic_string(const basic_string& __str, const _Alloc& __a)
        -:  573:      : _M_dataplus(_M_local_data(), __a)
        -:  574:      { _M_construct(__str.begin(), __str.end()); }
        -:  575:
        -:  576:      basic_string(basic_string&& __str, const _Alloc& __a)
        -:  577:      noexcept(_Alloc_traits::_S_always_equal())
        -:  578:      : _M_dataplus(_M_local_data(), __a)
        -:  579:      {
        -:  580:	if (__str._M_is_local())
        -:  581:	  {
        -:  582:	    traits_type::copy(_M_local_buf, __str._M_local_buf,
        -:  583:			      _S_local_capacity + 1);
        -:  584:	    _M_length(__str.length());
        -:  585:	    __str._M_set_length(0);
        -:  586:	  }
        -:  587:	else if (_Alloc_traits::_S_always_equal()
        -:  588:	    || __str.get_allocator() == __a)
        -:  589:	  {
        -:  590:	    _M_data(__str._M_data());
        -:  591:	    _M_length(__str.length());
        -:  592:	    _M_capacity(__str._M_allocated_capacity);
        -:  593:	    __str._M_data(__str._M_local_buf);
        -:  594:	    __str._M_set_length(0);
        -:  595:	  }
        -:  596:	else
        -:  597:	  _M_construct(__str.begin(), __str.end());
        -:  598:      }
        -:  599:
        -:  600:#endif // C++11
        -:  601:
        -:  602:      /**
        -:  603:       *  @brief  Construct string as copy of a range.
        -:  604:       *  @param  __beg  Start of range.
        -:  605:       *  @param  __end  End of range.
        -:  606:       *  @param  __a  Allocator to use (default is default allocator).
        -:  607:       */
        -:  608:#if __cplusplus >= 201103L
        -:  609:      template<typename _InputIterator,
        -:  610:	       typename = std::_RequireInputIter<_InputIterator>>
        -:  611:#else
        -:  612:      template<typename _InputIterator>
        -:  613:#endif
       18:  614:        basic_string(_InputIterator __beg, _InputIterator __end,
        -:  615:		     const _Alloc& __a = _Alloc())
       18:  616:	: _M_dataplus(_M_local_data(), __a)
       18:  617:	{ _M_construct(__beg, __end); }
        -:  618:
        -:  619:#if __cplusplus > 201402L
        -:  620:      /**
        -:  621:       *  @brief  Construct string from a substring of a string_view.
        -:  622:       *  @param  __t   Source object convertible to string view.
        -:  623:       *  @param  __pos The index of the first character to copy from __t.
        -:  624:       *  @param  __n   The number of characters to copy from __t.
        -:  625:       *  @param  __a   Allocator to use.
        -:  626:       */
        -:  627:      template<typename _Tp, typename = _If_sv<_Tp, void>>
        -:  628:	basic_string(const _Tp& __t, size_type __pos, size_type __n,
        -:  629:		     const _Alloc& __a = _Alloc())
        -:  630:	: basic_string(_S_to_string_view(__t).substr(__pos, __n), __a) { }
        -:  631:
        -:  632:      /**
        -:  633:       *  @brief  Construct string from a string_view.
        -:  634:       *  @param  __t  Source object convertible to string view.
        -:  635:       *  @param  __a  Allocator to use (default is default allocator).
        -:  636:       */
        -:  637:      template<typename _Tp, typename = _If_sv<_Tp, void>>
        -:  638:	explicit
        -:  639:	basic_string(const _Tp& __t, const _Alloc& __a = _Alloc())
        -:  640:	: basic_string(__sv_wrapper(_S_to_string_view(__t)), __a) { }
        -:  641:
        -:  642:      /**
        -:  643:       *  @brief  Only internally used: Construct string from a string view
        -:  644:       *          wrapper.
        -:  645:       *  @param  __svw  string view wrapper.
        -:  646:       *  @param  __a  Allocator to use.
        -:  647:       */
        -:  648:      explicit
        -:  649:      basic_string(__sv_wrapper __svw, const _Alloc& __a)
        -:  650:      : basic_string(__svw._M_sv.data(), __svw._M_sv.size(), __a) { }
        -:  651:#endif // C++17
        -:  652:
        -:  653:      /**
        -:  654:       *  @brief  Destroy the string instance.
        -:  655:       */
        -:  656:      ~basic_string()
        -:  657:      { _M_dispose(); }
        -:  658:
        -:  659:      /**
        -:  660:       *  @brief  Assign the value of @a str to this string.
        -:  661:       *  @param  __str  Source string.
        -:  662:       */
        -:  663:      basic_string&
        -:  664:      operator=(const basic_string& __str)
        -:  665:      {
        -:  666:#if __cplusplus >= 201103L
        -:  667:	if (_Alloc_traits::_S_propagate_on_copy_assign())
        -:  668:	  {
        -:  669:	    if (!_Alloc_traits::_S_always_equal() && !_M_is_local()
        -:  670:		&& _M_get_allocator() != __str._M_get_allocator())
        -:  671:	      {
        -:  672:		// Propagating allocator cannot free existing storage so must
        -:  673:		// deallocate it before replacing current allocator.
        -:  674:		if (__str.size() <= _S_local_capacity)
        -:  675:		  {
        -:  676:		    _M_destroy(_M_allocated_capacity);
        -:  677:		    _M_data(_M_local_data());
        -:  678:		    _M_set_length(0);
        -:  679:		  }
        -:  680:		else
        -:  681:		  {
        -:  682:		    const auto __len = __str.size();
        -:  683:		    auto __alloc = __str._M_get_allocator();
        -:  684:		    // If this allocation throws there are no effects:
        -:  685:		    auto __ptr = _Alloc_traits::allocate(__alloc, __len + 1);
        -:  686:		    _M_destroy(_M_allocated_capacity);
        -:  687:		    _M_data(__ptr);
        -:  688:		    _M_capacity(__len);
        -:  689:		    _M_set_length(__len);
        -:  690:		  }
        -:  691:	      }
        -:  692:	    std::__alloc_on_copy(_M_get_allocator(), __str._M_get_allocator());
        -:  693:	  }
        -:  694:#endif
        -:  695:	return this->assign(__str);
        -:  696:      }
        -:  697:
        -:  698:      /**
        -:  699:       *  @brief  Copy contents of @a s into this string.
        -:  700:       *  @param  __s  Source null-terminated string.
        -:  701:       */
        -:  702:      basic_string&
        -:  703:      operator=(const _CharT* __s)
        -:  704:      { return this->assign(__s); }
        -:  705:
        -:  706:      /**
        -:  707:       *  @brief  Set value to string of length 1.
        -:  708:       *  @param  __c  Source character.
        -:  709:       *
        -:  710:       *  Assigning to a character makes this string length 1 and
        -:  711:       *  (*this)[0] == @a c.
        -:  712:       */
        -:  713:      basic_string&
        -:  714:      operator=(_CharT __c)
        -:  715:      {
        -:  716:	this->assign(1, __c);
        -:  717:	return *this;
        -:  718:      }
        -:  719:
        -:  720:#if __cplusplus >= 201103L
        -:  721:      /**
        -:  722:       *  @brief  Move assign the value of @a str to this string.
        -:  723:       *  @param  __str  Source string.
        -:  724:       *
        -:  725:       *  The contents of @a str are moved into this string (without copying).
        -:  726:       *  @a str is a valid, but unspecified string.
        -:  727:       **/
        -:  728:      // PR 58265, this should be noexcept.
        -:  729:      // _GLIBCXX_RESOLVE_LIB_DEFECTS
        -:  730:      // 2063. Contradictory requirements for string move assignment
        -:  731:      basic_string&
        -:  732:      operator=(basic_string&& __str)
        -:  733:      noexcept(_Alloc_traits::_S_nothrow_move())
        -:  734:      {
        -:  735:	if (!_M_is_local() && _Alloc_traits::_S_propagate_on_move_assign()
        -:  736:	    && !_Alloc_traits::_S_always_equal()
        -:  737:	    && _M_get_allocator() != __str._M_get_allocator())
        -:  738:	  {
        -:  739:	    // Destroy existing storage before replacing allocator.
        -:  740:	    _M_destroy(_M_allocated_capacity);
        -:  741:	    _M_data(_M_local_data());
        -:  742:	    _M_set_length(0);
        -:  743:	  }
        -:  744:	// Replace allocator if POCMA is true.
        -:  745:	std::__alloc_on_move(_M_get_allocator(), __str._M_get_allocator());
        -:  746:
        -:  747:	if (!__str._M_is_local()
        -:  748:	    && (_Alloc_traits::_S_propagate_on_move_assign()
        -:  749:	      || _Alloc_traits::_S_always_equal()))
        -:  750:	  {
        -:  751:	    pointer __data = nullptr;
        -:  752:	    size_type __capacity;
        -:  753:	    if (!_M_is_local())
        -:  754:	      {
        -:  755:		if (_Alloc_traits::_S_always_equal())
        -:  756:		  {
        -:  757:		    __data = _M_data();
        -:  758:		    __capacity = _M_allocated_capacity;
        -:  759:		  }
        -:  760:		else
        -:  761:		  _M_destroy(_M_allocated_capacity);
        -:  762:	      }
        -:  763:
        -:  764:	    _M_data(__str._M_data());
        -:  765:	    _M_length(__str.length());
        -:  766:	    _M_capacity(__str._M_allocated_capacity);
        -:  767:	    if (__data)
        -:  768:	      {
        -:  769:		__str._M_data(__data);
        -:  770:		__str._M_capacity(__capacity);
        -:  771:	      }
        -:  772:	    else
        -:  773:	      __str._M_data(__str._M_local_buf);
        -:  774:	  }
        -:  775:	else
        -:  776:	    assign(__str);
        -:  777:	__str.clear();
        -:  778:	return *this;
        -:  779:      }
        -:  780:
        -:  781:      /**
        -:  782:       *  @brief  Set value to string constructed from initializer %list.
        -:  783:       *  @param  __l  std::initializer_list.
        -:  784:       */
        -:  785:      basic_string&
        -:  786:      operator=(initializer_list<_CharT> __l)
        -:  787:      {
        -:  788:	this->assign(__l.begin(), __l.size());
        -:  789:	return *this;
        -:  790:      }
        -:  791:#endif // C++11
        -:  792:
        -:  793:#if __cplusplus > 201402L
        -:  794:      /**
        -:  795:       *  @brief  Set value to string constructed from a string_view.
        -:  796:       *  @param  __svt  An object convertible to string_view.
        -:  797:       */
        -:  798:     template<typename _Tp>
        -:  799:       _If_sv<_Tp, basic_string&>
        -:  800:       operator=(const _Tp& __svt)
        -:  801:       { return this->assign(__svt); }
        -:  802:
        -:  803:      /**
        -:  804:       *  @brief  Convert to a string_view.
        -:  805:       *  @return A string_view.
        -:  806:       */
        -:  807:      operator __sv_type() const noexcept
        -:  808:      { return __sv_type(data(), size()); }
        -:  809:#endif // C++17
        -:  810:
        -:  811:      // Iterators:
        -:  812:      /**
        -:  813:       *  Returns a read/write iterator that points to the first character in
        -:  814:       *  the %string.
        -:  815:       */
        -:  816:      iterator
        -:  817:      begin() _GLIBCXX_NOEXCEPT
        -:  818:      { return iterator(_M_data()); }
        -:  819:
        -:  820:      /**
        -:  821:       *  Returns a read-only (constant) iterator that points to the first
        -:  822:       *  character in the %string.
        -:  823:       */
        -:  824:      const_iterator
        -:  825:      begin() const _GLIBCXX_NOEXCEPT
        -:  826:      { return const_iterator(_M_data()); }
        -:  827:
        -:  828:      /**
        -:  829:       *  Returns a read/write iterator that points one past the last
        -:  830:       *  character in the %string.
        -:  831:       */
        -:  832:      iterator
        -:  833:      end() _GLIBCXX_NOEXCEPT
        -:  834:      { return iterator(_M_data() + this->size()); }
        -:  835:
        -:  836:      /**
        -:  837:       *  Returns a read-only (constant) iterator that points one past the
        -:  838:       *  last character in the %string.
        -:  839:       */
        -:  840:      const_iterator
        -:  841:      end() const _GLIBCXX_NOEXCEPT
        -:  842:      { return const_iterator(_M_data() + this->size()); }
        -:  843:
        -:  844:      /**
        -:  845:       *  Returns a read/write reverse iterator that points to the last
        -:  846:       *  character in the %string.  Iteration is done in reverse element
        -:  847:       *  order.
        -:  848:       */
        -:  849:      reverse_iterator
        -:  850:      rbegin() _GLIBCXX_NOEXCEPT
        -:  851:      { return reverse_iterator(this->end()); }
        -:  852:
        -:  853:      /**
        -:  854:       *  Returns a read-only (constant) reverse iterator that points
        -:  855:       *  to the last character in the %string.  Iteration is done in
        -:  856:       *  reverse element order.
        -:  857:       */
        -:  858:      const_reverse_iterator
        -:  859:      rbegin() const _GLIBCXX_NOEXCEPT
        -:  860:      { return const_reverse_iterator(this->end()); }
        -:  861:
        -:  862:      /**
        -:  863:       *  Returns a read/write reverse iterator that points to one before the
        -:  864:       *  first character in the %string.  Iteration is done in reverse
        -:  865:       *  element order.
        -:  866:       */
        -:  867:      reverse_iterator
        -:  868:      rend() _GLIBCXX_NOEXCEPT
        -:  869:      { return reverse_iterator(this->begin()); }
        -:  870:
        -:  871:      /**
        -:  872:       *  Returns a read-only (constant) reverse iterator that points
        -:  873:       *  to one before the first character in the %string.  Iteration
        -:  874:       *  is done in reverse element order.
        -:  875:       */
        -:  876:      const_reverse_iterator
        -:  877:      rend() const _GLIBCXX_NOEXCEPT
        -:  878:      { return const_reverse_iterator(this->begin()); }
        -:  879:
        -:  880:#if __cplusplus >= 201103L
        -:  881:      /**
        -:  882:       *  Returns a read-only (constant) iterator that points to the first
        -:  883:       *  character in the %string.
        -:  884:       */
        -:  885:      const_iterator
        -:  886:      cbegin() const noexcept
        -:  887:      { return const_iterator(this->_M_data()); }
        -:  888:
        -:  889:      /**
        -:  890:       *  Returns a read-only (constant) iterator that points one past the
        -:  891:       *  last character in the %string.
        -:  892:       */
        -:  893:      const_iterator
        -:  894:      cend() const noexcept
        -:  895:      { return const_iterator(this->_M_data() + this->size()); }
        -:  896:
        -:  897:      /**
        -:  898:       *  Returns a read-only (constant) reverse iterator that points
        -:  899:       *  to the last character in the %string.  Iteration is done in
        -:  900:       *  reverse element order.
        -:  901:       */
        -:  902:      const_reverse_iterator
        -:  903:      crbegin() const noexcept
        -:  904:      { return const_reverse_iterator(this->end()); }
        -:  905:
        -:  906:      /**
        -:  907:       *  Returns a read-only (constant) reverse iterator that points
        -:  908:       *  to one before the first character in the %string.  Iteration
        -:  909:       *  is done in reverse element order.
        -:  910:       */
        -:  911:      const_reverse_iterator
        -:  912:      crend() const noexcept
        -:  913:      { return const_reverse_iterator(this->begin()); }
        -:  914:#endif
        -:  915:
        -:  916:    public:
        -:  917:      // Capacity:
        -:  918:      ///  Returns the number of characters in the string, not including any
        -:  919:      ///  null-termination.
        -:  920:      size_type
        -:  921:      size() const _GLIBCXX_NOEXCEPT
        -:  922:      { return _M_string_length; }
        -:  923:
        -:  924:      ///  Returns the number of characters in the string, not including any
        -:  925:      ///  null-termination.
        -:  926:      size_type
        -:  927:      length() const _GLIBCXX_NOEXCEPT
        -:  928:      { return _M_string_length; }
        -:  929:
        -:  930:      ///  Returns the size() of the largest possible %string.
        -:  931:      size_type
        -:  932:      max_size() const _GLIBCXX_NOEXCEPT
        -:  933:      { return (_Alloc_traits::max_size(_M_get_allocator()) - 1) / 2; }
        -:  934:
        -:  935:      /**
        -:  936:       *  @brief  Resizes the %string to the specified number of characters.
        -:  937:       *  @param  __n  Number of characters the %string should contain.
        -:  938:       *  @param  __c  Character to fill any new elements.
        -:  939:       *
        -:  940:       *  This function will %resize the %string to the specified
        -:  941:       *  number of characters.  If the number is smaller than the
        -:  942:       *  %string's current size the %string is truncated, otherwise
        -:  943:       *  the %string is extended and new elements are %set to @a __c.
        -:  944:       */
        -:  945:      void
        -:  946:      resize(size_type __n, _CharT __c);
        -:  947:
        -:  948:      /**
        -:  949:       *  @brief  Resizes the %string to the specified number of characters.
        -:  950:       *  @param  __n  Number of characters the %string should contain.
        -:  951:       *
        -:  952:       *  This function will resize the %string to the specified length.  If
        -:  953:       *  the new size is smaller than the %string's current size the %string
        -:  954:       *  is truncated, otherwise the %string is extended and new characters
        -:  955:       *  are default-constructed.  For basic types such as char, this means
        -:  956:       *  setting them to 0.
        -:  957:       */
        -:  958:      void
        -:  959:      resize(size_type __n)
        -:  960:      { this->resize(__n, _CharT()); }
        -:  961:
        -:  962:#if __cplusplus >= 201103L
        -:  963:      ///  A non-binding request to reduce capacity() to size().
        -:  964:      void
        -:  965:      shrink_to_fit() noexcept
        -:  966:      {
        -:  967:#if __cpp_exceptions
        -:  968:	if (capacity() > size())
        -:  969:	  {
        -:  970:	    try
        -:  971:	      { reserve(0); }
        -:  972:	    catch(...)
        -:  973:	      { }
        -:  974:	  }
        -:  975:#endif
        -:  976:      }
        -:  977:#endif
        -:  978:
        -:  979:      /**
        -:  980:       *  Returns the total number of characters that the %string can hold
        -:  981:       *  before needing to allocate more memory.
        -:  982:       */
        -:  983:      size_type
        -:  984:      capacity() const _GLIBCXX_NOEXCEPT
        -:  985:      {
        -:  986:	return _M_is_local() ? size_type(_S_local_capacity)
        -:  987:	                     : _M_allocated_capacity;
        -:  988:      }
        -:  989:
        -:  990:      /**
        -:  991:       *  @brief  Attempt to preallocate enough memory for specified number of
        -:  992:       *          characters.
        -:  993:       *  @param  __res_arg  Number of characters required.
        -:  994:       *  @throw  std::length_error  If @a __res_arg exceeds @c max_size().
        -:  995:       *
        -:  996:       *  This function attempts to reserve enough memory for the
        -:  997:       *  %string to hold the specified number of characters.  If the
        -:  998:       *  number requested is more than max_size(), length_error is
        -:  999:       *  thrown.
        -: 1000:       *
        -: 1001:       *  The advantage of this function is that if optimal code is a
        -: 1002:       *  necessity and the user can determine the string length that will be
        -: 1003:       *  required, the user can reserve the memory in %advance, and thus
        -: 1004:       *  prevent a possible reallocation of memory and copying of %string
        -: 1005:       *  data.
        -: 1006:       */
        -: 1007:      void
        -: 1008:      reserve(size_type __res_arg = 0);
        -: 1009:
        -: 1010:      /**
        -: 1011:       *  Erases the string, making it empty.
        -: 1012:       */
        -: 1013:      void
        -: 1014:      clear() _GLIBCXX_NOEXCEPT
        -: 1015:      { _M_set_length(0); }
        -: 1016:
        -: 1017:      /**
        -: 1018:       *  Returns true if the %string is empty.  Equivalent to 
        -: 1019:       *  <code>*this == ""</code>.
        -: 1020:       */
        -: 1021:      bool
        -: 1022:      empty() const _GLIBCXX_NOEXCEPT
        -: 1023:      { return this->size() == 0; }
        -: 1024:
        -: 1025:      // Element access:
        -: 1026:      /**
        -: 1027:       *  @brief  Subscript access to the data contained in the %string.
        -: 1028:       *  @param  __pos  The index of the character to access.
        -: 1029:       *  @return  Read-only (constant) reference to the character.
        -: 1030:       *
        -: 1031:       *  This operator allows for easy, array-style, data access.
        -: 1032:       *  Note that data access with this operator is unchecked and
        -: 1033:       *  out_of_range lookups are not defined. (For checked lookups
        -: 1034:       *  see at().)
        -: 1035:       */
        -: 1036:      const_reference
        -: 1037:      operator[] (size_type __pos) const _GLIBCXX_NOEXCEPT
        -: 1038:      {
        -: 1039:	__glibcxx_assert(__pos <= size());
        -: 1040:	return _M_data()[__pos];
        -: 1041:      }
        -: 1042:
        -: 1043:      /**
        -: 1044:       *  @brief  Subscript access to the data contained in the %string.
        -: 1045:       *  @param  __pos  The index of the character to access.
        -: 1046:       *  @return  Read/write reference to the character.
        -: 1047:       *
        -: 1048:       *  This operator allows for easy, array-style, data access.
        -: 1049:       *  Note that data access with this operator is unchecked and
        -: 1050:       *  out_of_range lookups are not defined. (For checked lookups
        -: 1051:       *  see at().)
        -: 1052:       */
        -: 1053:      reference
        -: 1054:      operator[](size_type __pos)
        -: 1055:      {
        -: 1056:        // Allow pos == size() both in C++98 mode, as v3 extension,
        -: 1057:	// and in C++11 mode.
        -: 1058:	__glibcxx_assert(__pos <= size());
        -: 1059:        // In pedantic mode be strict in C++98 mode.
        -: 1060:	_GLIBCXX_DEBUG_PEDASSERT(__cplusplus >= 201103L || __pos < size());
        -: 1061:	return _M_data()[__pos];
        -: 1062:      }
        -: 1063:
        -: 1064:      /**
        -: 1065:       *  @brief  Provides access to the data contained in the %string.
        -: 1066:       *  @param __n The index of the character to access.
        -: 1067:       *  @return  Read-only (const) reference to the character.
        -: 1068:       *  @throw  std::out_of_range  If @a n is an invalid index.
        -: 1069:       *
        -: 1070:       *  This function provides for safer data access.  The parameter is
        -: 1071:       *  first checked that it is in the range of the string.  The function
        -: 1072:       *  throws out_of_range if the check fails.
        -: 1073:       */
        -: 1074:      const_reference
        -: 1075:      at(size_type __n) const
        -: 1076:      {
        -: 1077:	if (__n >= this->size())
        -: 1078:	  __throw_out_of_range_fmt(__N("basic_string::at: __n "
        -: 1079:				       "(which is %zu) >= this->size() "
        -: 1080:				       "(which is %zu)"),
        -: 1081:				   __n, this->size());
        -: 1082:	return _M_data()[__n];
        -: 1083:      }
        -: 1084:
        -: 1085:      /**
        -: 1086:       *  @brief  Provides access to the data contained in the %string.
        -: 1087:       *  @param __n The index of the character to access.
        -: 1088:       *  @return  Read/write reference to the character.
        -: 1089:       *  @throw  std::out_of_range  If @a n is an invalid index.
        -: 1090:       *
        -: 1091:       *  This function provides for safer data access.  The parameter is
        -: 1092:       *  first checked that it is in the range of the string.  The function
        -: 1093:       *  throws out_of_range if the check fails.
        -: 1094:       */
        -: 1095:      reference
        -: 1096:      at(size_type __n)
        -: 1097:      {
        -: 1098:	if (__n >= size())
        -: 1099:	  __throw_out_of_range_fmt(__N("basic_string::at: __n "
        -: 1100:				       "(which is %zu) >= this->size() "
        -: 1101:				       "(which is %zu)"),
        -: 1102:				   __n, this->size());
        -: 1103:	return _M_data()[__n];
        -: 1104:      }
        -: 1105:
        -: 1106:#if __cplusplus >= 201103L
        -: 1107:      /**
        -: 1108:       *  Returns a read/write reference to the data at the first
        -: 1109:       *  element of the %string.
        -: 1110:       */
        -: 1111:      reference
        -: 1112:      front() noexcept
        -: 1113:      {
        -: 1114:	__glibcxx_assert(!empty());
        -: 1115:	return operator[](0);
        -: 1116:      }
        -: 1117:
        -: 1118:      /**
        -: 1119:       *  Returns a read-only (constant) reference to the data at the first
        -: 1120:       *  element of the %string.
        -: 1121:       */
        -: 1122:      const_reference
        -: 1123:      front() const noexcept
        -: 1124:      {
        -: 1125:	__glibcxx_assert(!empty());
        -: 1126:	return operator[](0);
        -: 1127:      }
        -: 1128:
        -: 1129:      /**
        -: 1130:       *  Returns a read/write reference to the data at the last
        -: 1131:       *  element of the %string.
        -: 1132:       */
        -: 1133:      reference
        -: 1134:      back() noexcept
        -: 1135:      {
        -: 1136:	__glibcxx_assert(!empty());
        -: 1137:	return operator[](this->size() - 1);
        -: 1138:      }
        -: 1139:
        -: 1140:      /**
        -: 1141:       *  Returns a read-only (constant) reference to the data at the
        -: 1142:       *  last element of the %string.
        -: 1143:       */
        -: 1144:      const_reference
        -: 1145:      back() const noexcept
        -: 1146:      {
        -: 1147:	__glibcxx_assert(!empty());
        -: 1148:	return operator[](this->size() - 1);
        -: 1149:      }
        -: 1150:#endif
        -: 1151:
        -: 1152:      // Modifiers:
        -: 1153:      /**
        -: 1154:       *  @brief  Append a string to this string.
        -: 1155:       *  @param __str  The string to append.
        -: 1156:       *  @return  Reference to this string.
        -: 1157:       */
        -: 1158:      basic_string&
        -: 1159:      operator+=(const basic_string& __str)
        -: 1160:      { return this->append(__str); }
        -: 1161:
        -: 1162:      /**
        -: 1163:       *  @brief  Append a C string.
        -: 1164:       *  @param __s  The C string to append.
        -: 1165:       *  @return  Reference to this string.
        -: 1166:       */
        -: 1167:      basic_string&
        -: 1168:      operator+=(const _CharT* __s)
        -: 1169:      { return this->append(__s); }
        -: 1170:
        -: 1171:      /**
        -: 1172:       *  @brief  Append a character.
        -: 1173:       *  @param __c  The character to append.
        -: 1174:       *  @return  Reference to this string.
        -: 1175:       */
        -: 1176:      basic_string&
        -: 1177:      operator+=(_CharT __c)
        -: 1178:      {
        -: 1179:	this->push_back(__c);
        -: 1180:	return *this;
        -: 1181:      }
        -: 1182:
        -: 1183:#if __cplusplus >= 201103L
        -: 1184:      /**
        -: 1185:       *  @brief  Append an initializer_list of characters.
        -: 1186:       *  @param __l  The initializer_list of characters to be appended.
        -: 1187:       *  @return  Reference to this string.
        -: 1188:       */
        -: 1189:      basic_string&
        -: 1190:      operator+=(initializer_list<_CharT> __l)
        -: 1191:      { return this->append(__l.begin(), __l.size()); }
        -: 1192:#endif // C++11
        -: 1193:
        -: 1194:#if __cplusplus > 201402L
        -: 1195:      /**
        -: 1196:       *  @brief  Append a string_view.
        -: 1197:       *  @param __svt  An object convertible to string_view to be appended.
        -: 1198:       *  @return  Reference to this string.
        -: 1199:       */
        -: 1200:      template<typename _Tp>
        -: 1201:	_If_sv<_Tp, basic_string&>
        -: 1202:	operator+=(const _Tp& __svt)
        -: 1203:	{ return this->append(__svt); }
        -: 1204:#endif // C++17
        -: 1205:
        -: 1206:      /**
        -: 1207:       *  @brief  Append a string to this string.
        -: 1208:       *  @param __str  The string to append.
        -: 1209:       *  @return  Reference to this string.
        -: 1210:       */
        -: 1211:      basic_string&
        -: 1212:      append(const basic_string& __str)
        -: 1213:      { return _M_append(__str._M_data(), __str.size()); }
        -: 1214:
        -: 1215:      /**
        -: 1216:       *  @brief  Append a substring.
        -: 1217:       *  @param __str  The string to append.
        -: 1218:       *  @param __pos  Index of the first character of str to append.
        -: 1219:       *  @param __n  The number of characters to append.
        -: 1220:       *  @return  Reference to this string.
        -: 1221:       *  @throw  std::out_of_range if @a __pos is not a valid index.
        -: 1222:       *
        -: 1223:       *  This function appends @a __n characters from @a __str
        -: 1224:       *  starting at @a __pos to this string.  If @a __n is is larger
        -: 1225:       *  than the number of available characters in @a __str, the
        -: 1226:       *  remainder of @a __str is appended.
        -: 1227:       */
        -: 1228:      basic_string&
        -: 1229:      append(const basic_string& __str, size_type __pos, size_type __n = npos)
        -: 1230:      { return _M_append(__str._M_data()
        -: 1231:			 + __str._M_check(__pos, "basic_string::append"),
        -: 1232:			 __str._M_limit(__pos, __n)); }
        -: 1233:
        -: 1234:      /**
        -: 1235:       *  @brief  Append a C substring.
        -: 1236:       *  @param __s  The C string to append.
        -: 1237:       *  @param __n  The number of characters to append.
        -: 1238:       *  @return  Reference to this string.
        -: 1239:       */
        -: 1240:      basic_string&
        -: 1241:      append(const _CharT* __s, size_type __n)
        -: 1242:      {
        -: 1243:	__glibcxx_requires_string_len(__s, __n);
        -: 1244:	_M_check_length(size_type(0), __n, "basic_string::append");
        -: 1245:	return _M_append(__s, __n);
        -: 1246:      }
        -: 1247:
        -: 1248:      /**
        -: 1249:       *  @brief  Append a C string.
        -: 1250:       *  @param __s  The C string to append.
        -: 1251:       *  @return  Reference to this string.
        -: 1252:       */
        -: 1253:      basic_string&
        -: 1254:      append(const _CharT* __s)
        -: 1255:      {
        -: 1256:	__glibcxx_requires_string(__s);
        -: 1257:	const size_type __n = traits_type::length(__s);
        -: 1258:	_M_check_length(size_type(0), __n, "basic_string::append");
        -: 1259:	return _M_append(__s, __n);
        -: 1260:      }
        -: 1261:
        -: 1262:      /**
        -: 1263:       *  @brief  Append multiple characters.
        -: 1264:       *  @param __n  The number of characters to append.
        -: 1265:       *  @param __c  The character to use.
        -: 1266:       *  @return  Reference to this string.
        -: 1267:       *
        -: 1268:       *  Appends __n copies of __c to this string.
        -: 1269:       */
        -: 1270:      basic_string&
        -: 1271:      append(size_type __n, _CharT __c)
        -: 1272:      { return _M_replace_aux(this->size(), size_type(0), __n, __c); }
        -: 1273:
        -: 1274:#if __cplusplus >= 201103L
        -: 1275:      /**
        -: 1276:       *  @brief  Append an initializer_list of characters.
        -: 1277:       *  @param __l  The initializer_list of characters to append.
        -: 1278:       *  @return  Reference to this string.
        -: 1279:       */
        -: 1280:      basic_string&
        -: 1281:      append(initializer_list<_CharT> __l)
        -: 1282:      { return this->append(__l.begin(), __l.size()); }
        -: 1283:#endif // C++11
        -: 1284:
        -: 1285:      /**
        -: 1286:       *  @brief  Append a range of characters.
        -: 1287:       *  @param __first  Iterator referencing the first character to append.
        -: 1288:       *  @param __last  Iterator marking the end of the range.
        -: 1289:       *  @return  Reference to this string.
        -: 1290:       *
        -: 1291:       *  Appends characters in the range [__first,__last) to this string.
        -: 1292:       */
        -: 1293:#if __cplusplus >= 201103L
        -: 1294:      template<class _InputIterator,
        -: 1295:	       typename = std::_RequireInputIter<_InputIterator>>
        -: 1296:#else
        -: 1297:      template<class _InputIterator>
        -: 1298:#endif
        -: 1299:        basic_string&
        -: 1300:        append(_InputIterator __first, _InputIterator __last)
        -: 1301:        { return this->replace(end(), end(), __first, __last); }
        -: 1302:
        -: 1303:#if __cplusplus > 201402L
        -: 1304:      /**
        -: 1305:       *  @brief  Append a string_view.
        -: 1306:       *  @param __svt  An object convertible to string_view to be appended.
        -: 1307:       *  @return  Reference to this string.
        -: 1308:       */
        -: 1309:      template<typename _Tp>
        -: 1310:        _If_sv<_Tp, basic_string&>
        -: 1311:        append(const _Tp& __svt)
        -: 1312:        {
        -: 1313:          __sv_type __sv = __svt;
        -: 1314:          return this->append(__sv.data(), __sv.size());
        -: 1315:        }
        -: 1316:
        -: 1317:      /**
        -: 1318:       *  @brief  Append a range of characters from a string_view.
        -: 1319:       *  @param __svt  An object convertible to string_view to be appended from.
        -: 1320:       *  @param __pos The position in the string_view to append from.
        -: 1321:       *  @param __n   The number of characters to append from the string_view.
        -: 1322:       *  @return  Reference to this string.
        -: 1323:       */
        -: 1324:      template<typename _Tp>
        -: 1325:        _If_sv<_Tp, basic_string&>
        -: 1326:	append(const _Tp& __svt, size_type __pos, size_type __n = npos)
        -: 1327:	{
        -: 1328:	  __sv_type __sv = __svt;
        -: 1329:	  return _M_append(__sv.data()
        -: 1330:			   + __sv._M_check(__pos, "basic_string::append"),
        -: 1331:			   __sv._M_limit(__pos, __n));
        -: 1332:	}
        -: 1333:#endif // C++17
        -: 1334:
        -: 1335:      /**
        -: 1336:       *  @brief  Append a single character.
        -: 1337:       *  @param __c  Character to append.
        -: 1338:       */
        -: 1339:      void
        -: 1340:      push_back(_CharT __c)
        -: 1341:      {
        -: 1342:	const size_type __size = this->size();
        -: 1343:	if (__size + 1 > this->capacity())
        -: 1344:	  this->_M_mutate(__size, size_type(0), 0, size_type(1));
        -: 1345:	traits_type::assign(this->_M_data()[__size], __c);
        -: 1346:	this->_M_set_length(__size + 1);
        -: 1347:      }
        -: 1348:
        -: 1349:      /**
        -: 1350:       *  @brief  Set value to contents of another string.
        -: 1351:       *  @param  __str  Source string to use.
        -: 1352:       *  @return  Reference to this string.
        -: 1353:       */
        -: 1354:      basic_string&
        -: 1355:      assign(const basic_string& __str)
        -: 1356:      {
        -: 1357:	this->_M_assign(__str);
        -: 1358:	return *this;
        -: 1359:      }
        -: 1360:
        -: 1361:#if __cplusplus >= 201103L
        -: 1362:      /**
        -: 1363:       *  @brief  Set value to contents of another string.
        -: 1364:       *  @param  __str  Source string to use.
        -: 1365:       *  @return  Reference to this string.
        -: 1366:       *
        -: 1367:       *  This function sets this string to the exact contents of @a __str.
        -: 1368:       *  @a __str is a valid, but unspecified string.
        -: 1369:       */
        -: 1370:      basic_string&
        -: 1371:      assign(basic_string&& __str)
        -: 1372:      noexcept(_Alloc_traits::_S_nothrow_move())
        -: 1373:      {
        -: 1374:	// _GLIBCXX_RESOLVE_LIB_DEFECTS
        -: 1375:	// 2063. Contradictory requirements for string move assignment
        -: 1376:	return *this = std::move(__str);
        -: 1377:      }
        -: 1378:#endif // C++11
        -: 1379:
        -: 1380:      /**
        -: 1381:       *  @brief  Set value to a substring of a string.
        -: 1382:       *  @param __str  The string to use.
        -: 1383:       *  @param __pos  Index of the first character of str.
        -: 1384:       *  @param __n  Number of characters to use.
        -: 1385:       *  @return  Reference to this string.
        -: 1386:       *  @throw  std::out_of_range if @a pos is not a valid index.
        -: 1387:       *
        -: 1388:       *  This function sets this string to the substring of @a __str
        -: 1389:       *  consisting of @a __n characters at @a __pos.  If @a __n is
        -: 1390:       *  is larger than the number of available characters in @a
        -: 1391:       *  __str, the remainder of @a __str is used.
        -: 1392:       */
        -: 1393:      basic_string&
        -: 1394:      assign(const basic_string& __str, size_type __pos, size_type __n = npos)
        -: 1395:      { return _M_replace(size_type(0), this->size(), __str._M_data()
        -: 1396:			  + __str._M_check(__pos, "basic_string::assign"),
        -: 1397:			  __str._M_limit(__pos, __n)); }
        -: 1398:
        -: 1399:      /**
        -: 1400:       *  @brief  Set value to a C substring.
        -: 1401:       *  @param __s  The C string to use.
        -: 1402:       *  @param __n  Number of characters to use.
        -: 1403:       *  @return  Reference to this string.
        -: 1404:       *
        -: 1405:       *  This function sets the value of this string to the first @a __n
        -: 1406:       *  characters of @a __s.  If @a __n is is larger than the number of
        -: 1407:       *  available characters in @a __s, the remainder of @a __s is used.
        -: 1408:       */
        -: 1409:      basic_string&
        -: 1410:      assign(const _CharT* __s, size_type __n)
        -: 1411:      {
        -: 1412:	__glibcxx_requires_string_len(__s, __n);
        -: 1413:	return _M_replace(size_type(0), this->size(), __s, __n);
        -: 1414:      }
        -: 1415:
        -: 1416:      /**
        -: 1417:       *  @brief  Set value to contents of a C string.
        -: 1418:       *  @param __s  The C string to use.
        -: 1419:       *  @return  Reference to this string.
        -: 1420:       *
        -: 1421:       *  This function sets the value of this string to the value of @a __s.
        -: 1422:       *  The data is copied, so there is no dependence on @a __s once the
        -: 1423:       *  function returns.
        -: 1424:       */
        -: 1425:      basic_string&
        -: 1426:      assign(const _CharT* __s)
        -: 1427:      {
        -: 1428:	__glibcxx_requires_string(__s);
        -: 1429:	return _M_replace(size_type(0), this->size(), __s,
        -: 1430:			  traits_type::length(__s));
        -: 1431:      }
        -: 1432:
        -: 1433:      /**
        -: 1434:       *  @brief  Set value to multiple characters.
        -: 1435:       *  @param __n  Length of the resulting string.
        -: 1436:       *  @param __c  The character to use.
        -: 1437:       *  @return  Reference to this string.
        -: 1438:       *
        -: 1439:       *  This function sets the value of this string to @a __n copies of
        -: 1440:       *  character @a __c.
        -: 1441:       */
        -: 1442:      basic_string&
        -: 1443:      assign(size_type __n, _CharT __c)
        -: 1444:      { return _M_replace_aux(size_type(0), this->size(), __n, __c); }
        -: 1445:
        -: 1446:      /**
        -: 1447:       *  @brief  Set value to a range of characters.
        -: 1448:       *  @param __first  Iterator referencing the first character to append.
        -: 1449:       *  @param __last  Iterator marking the end of the range.
        -: 1450:       *  @return  Reference to this string.
        -: 1451:       *
        -: 1452:       *  Sets value of string to characters in the range [__first,__last).
        -: 1453:      */
        -: 1454:#if __cplusplus >= 201103L
        -: 1455:      template<class _InputIterator,
        -: 1456:	       typename = std::_RequireInputIter<_InputIterator>>
        -: 1457:#else
        -: 1458:      template<class _InputIterator>
        -: 1459:#endif
        -: 1460:        basic_string&
        -: 1461:        assign(_InputIterator __first, _InputIterator __last)
        -: 1462:        { return this->replace(begin(), end(), __first, __last); }
        -: 1463:
        -: 1464:#if __cplusplus >= 201103L
        -: 1465:      /**
        -: 1466:       *  @brief  Set value to an initializer_list of characters.
        -: 1467:       *  @param __l  The initializer_list of characters to assign.
        -: 1468:       *  @return  Reference to this string.
        -: 1469:       */
        -: 1470:      basic_string&
        -: 1471:      assign(initializer_list<_CharT> __l)
        -: 1472:      { return this->assign(__l.begin(), __l.size()); }
        -: 1473:#endif // C++11
        -: 1474:
        -: 1475:#if __cplusplus > 201402L
        -: 1476:      /**
        -: 1477:       *  @brief  Set value from a string_view.
        -: 1478:       *  @param __svt  The source object convertible to string_view.
        -: 1479:       *  @return  Reference to this string.
        -: 1480:       */
        -: 1481:      template<typename _Tp>
        -: 1482:	_If_sv<_Tp, basic_string&>
        -: 1483:	assign(const _Tp& __svt)
        -: 1484:	{
        -: 1485:	  __sv_type __sv = __svt;
        -: 1486:	  return this->assign(__sv.data(), __sv.size());
        -: 1487:	}
        -: 1488:
        -: 1489:      /**
        -: 1490:       *  @brief  Set value from a range of characters in a string_view.
        -: 1491:       *  @param __svt  The source object convertible to string_view.
        -: 1492:       *  @param __pos  The position in the string_view to assign from.
        -: 1493:       *  @param __n  The number of characters to assign.
        -: 1494:       *  @return  Reference to this string.
        -: 1495:       */
        -: 1496:      template<typename _Tp>
        -: 1497:	_If_sv<_Tp, basic_string&>
        -: 1498:	assign(const _Tp& __svt, size_type __pos, size_type __n = npos)
        -: 1499:	{
        -: 1500:	  __sv_type __sv = __svt;
        -: 1501:	  return _M_replace(size_type(0), this->size(), __sv.data()
        -: 1502:			    + __sv._M_check(__pos, "basic_string::assign"),
        -: 1503:			    __sv._M_limit(__pos, __n));
        -: 1504:	}
        -: 1505:#endif // C++17
        -: 1506:
        -: 1507:#if __cplusplus >= 201103L
        -: 1508:      /**
        -: 1509:       *  @brief  Insert multiple characters.
        -: 1510:       *  @param __p  Const_iterator referencing location in string to
        -: 1511:       *              insert at.
        -: 1512:       *  @param __n  Number of characters to insert
        -: 1513:       *  @param __c  The character to insert.
        -: 1514:       *  @return  Iterator referencing the first inserted char.
        -: 1515:       *  @throw  std::length_error  If new length exceeds @c max_size().
        -: 1516:       *
        -: 1517:       *  Inserts @a __n copies of character @a __c starting at the
        -: 1518:       *  position referenced by iterator @a __p.  If adding
        -: 1519:       *  characters causes the length to exceed max_size(),
        -: 1520:       *  length_error is thrown.  The value of the string doesn't
        -: 1521:       *  change if an error is thrown.
        -: 1522:      */
        -: 1523:      iterator
        -: 1524:      insert(const_iterator __p, size_type __n, _CharT __c)
        -: 1525:      {
        -: 1526:	_GLIBCXX_DEBUG_PEDASSERT(__p >= begin() && __p <= end());
        -: 1527:	const size_type __pos = __p - begin();
[...]
        -: 6302:
        -: 6303:  /**
        -: 6304:   *  @brief  Write string to a stream.
        -: 6305:   *  @param __os  Output stream.
        -: 6306:   *  @param __str  String to write out.
        -: 6307:   *  @return  Reference to the output stream.
        -: 6308:   *
        -: 6309:   *  Output characters of @a __str into os following the same rules as for
        -: 6310:   *  writing a C string.
        -: 6311:   */
        -: 6312:  template<typename _CharT, typename _Traits, typename _Alloc>
        -: 6313:    inline basic_ostream<_CharT, _Traits>&
        -: 6314:    operator<<(basic_ostream<_CharT, _Traits>& __os,
        -: 6315:	       const basic_string<_CharT, _Traits, _Alloc>& __str)
        -: 6316:    {
        -: 6317:      // _GLIBCXX_RESOLVE_LIB_DEFECTS
        -: 6318:      // 586. string inserter not a formatted function
        -: 6319:      return __ostream_insert(__os, __str.data(), __str.size());
        -: 6320:    }
        -: 6321:
        -: 6322:  /**
        -: 6323:   *  @brief  Read a line from stream into a string.
        -: 6324:   *  @param __is  Input stream.
        -: 6325:   *  @param __str  Buffer to store into.
        -: 6326:   *  @param __delim  Character marking end of line.
        -: 6327:   *  @return  Reference to the input stream.
        -: 6328:   *
        -: 6329:   *  Stores characters from @a __is into @a __str until @a __delim is
        -: 6330:   *  found, the end of the stream is encountered, or str.max_size()
        -: 6331:   *  is reached.  Any previous contents of @a __str are erased.  If
        -: 6332:   *  @a __delim is encountered, it is extracted but not stored into
        -: 6333:   *  @a __str.
        -: 6334:   */
        -: 6335:  template<typename _CharT, typename _Traits, typename _Alloc>
        -: 6336:    basic_istream<_CharT, _Traits>&
        -: 6337:    getline(basic_istream<_CharT, _Traits>& __is,
        -: 6338:	    basic_string<_CharT, _Traits, _Alloc>& __str, _CharT __delim);
        -: 6339:
        -: 6340:  /**
        -: 6341:   *  @brief  Read a line from stream into a string.
        -: 6342:   *  @param __is  Input stream.
        -: 6343:   *  @param __str  Buffer to store into.
        -: 6344:   *  @return  Reference to the input stream.
        -: 6345:   *
        -: 6346:   *  Stores characters from is into @a __str until &apos;\n&apos; is
        -: 6347:   *  found, the end of the stream is encountered, or str.max_size()
        -: 6348:   *  is reached.  Any previous contents of @a __str are erased.  If
        -: 6349:   *  end of line is encountered, it is extracted but not stored into
        -: 6350:   *  @a __str.
        -: 6351:   */
        -: 6352:  template<typename _CharT, typename _Traits, typename _Alloc>
        -: 6353:    inline basic_istream<_CharT, _Traits>&
        -: 6354:    getline(basic_istream<_CharT, _Traits>& __is,
        -: 6355:	    basic_string<_CharT, _Traits, _Alloc>& __str)
        -: 6356:    { return std::getline(__is, __str, __is.widen('\n')); }
        -: 6357:
        -: 6358:#if __cplusplus >= 201103L
        -: 6359:  /// Read a line from an rvalue stream into a string.
        -: 6360:  template<typename _CharT, typename _Traits, typename _Alloc>
        -: 6361:    inline basic_istream<_CharT, _Traits>&
        -: 6362:    getline(basic_istream<_CharT, _Traits>&& __is,
        -: 6363:	    basic_string<_CharT, _Traits, _Alloc>& __str, _CharT __delim)
        -: 6364:    { return std::getline(__is, __str, __delim); }
        -: 6365:
        -: 6366:  /// Read a line from an rvalue stream into a string.
        -: 6367:  template<typename _CharT, typename _Traits, typename _Alloc>
        -: 6368:    inline basic_istream<_CharT, _Traits>&
        -: 6369:    getline(basic_istream<_CharT, _Traits>&& __is,
        -: 6370:	    basic_string<_CharT, _Traits, _Alloc>& __str)
        -: 6371:    { return std::getline(__is, __str); }
        -: 6372:#endif
        -: 6373:
        -: 6374:  template<>
        -: 6375:    basic_istream<char>&
        -: 6376:    getline(basic_istream<char>& __in, basic_string<char>& __str,
        -: 6377:	    char __delim);
        -: 6378:
        -: 6379:#ifdef _GLIBCXX_USE_WCHAR_T
        -: 6380:  template<>
        -: 6381:    basic_istream<wchar_t>&
        -: 6382:    getline(basic_istream<wchar_t>& __in, basic_string<wchar_t>& __str,
        -: 6383:	    wchar_t __delim);
        -: 6384:#endif  
        -: 6385:
        -: 6386:_GLIBCXX_END_NAMESPACE_VERSION
        -: 6387:} // namespace
        -: 6388:
        -: 6389:#if __cplusplus >= 201103L
        -: 6390:
        -: 6391:#include <ext/string_conversions.h>
        -: 6392:
        -: 6393:namespace std _GLIBCXX_VISIBILITY(default)
        -: 6394:{
        -: 6395:_GLIBCXX_BEGIN_NAMESPACE_VERSION
        -: 6396:_GLIBCXX_BEGIN_NAMESPACE_CXX11
        -: 6397:
        -: 6398:#if _GLIBCXX_USE_C99_STDLIB
        -: 6399:  // 21.4 Numeric Conversions [string.conversions].
        -: 6400:  inline int
        -: 6401:  stoi(const string& __str, size_t* __idx = 0, int __base = 10)
        -: 6402:  { return __gnu_cxx::__stoa<long, int>(&std::strtol, "stoi", __str.c_str(),
        -: 6403:					__idx, __base); }
        -: 6404:
        -: 6405:  inline long
        -: 6406:  stol(const string& __str, size_t* __idx = 0, int __base = 10)
        -: 6407:  { return __gnu_cxx::__stoa(&std::strtol, "stol", __str.c_str(),
        -: 6408:			     __idx, __base); }
        -: 6409:
        -: 6410:  inline unsigned long
        -: 6411:  stoul(const string& __str, size_t* __idx = 0, int __base = 10)
        -: 6412:  { return __gnu_cxx::__stoa(&std::strtoul, "stoul", __str.c_str(),
        -: 6413:			     __idx, __base); }
        -: 6414:
        -: 6415:  inline long long
        -: 6416:  stoll(const string& __str, size_t* __idx = 0, int __base = 10)
        -: 6417:  { return __gnu_cxx::__stoa(&std::strtoll, "stoll", __str.c_str(),
        -: 6418:			     __idx, __base); }
        -: 6419:
        -: 6420:  inline unsigned long long
        -: 6421:  stoull(const string& __str, size_t* __idx = 0, int __base = 10)
        -: 6422:  { return __gnu_cxx::__stoa(&std::strtoull, "stoull", __str.c_str(),
        -: 6423:			     __idx, __base); }
        -: 6424:
        -: 6425:  // NB: strtof vs strtod.
        -: 6426:  inline float
        -: 6427:  stof(const string& __str, size_t* __idx = 0)
        -: 6428:  { return __gnu_cxx::__stoa(&std::strtof, "stof", __str.c_str(), __idx); }
        -: 6429:
        -: 6430:  inline double
        -: 6431:  stod(const string& __str, size_t* __idx = 0)
        -: 6432:  { return __gnu_cxx::__stoa(&std::strtod, "stod", __str.c_str(), __idx); }
        -: 6433:
        -: 6434:  inline long double
        -: 6435:  stold(const string& __str, size_t* __idx = 0)
        -: 6436:  { return __gnu_cxx::__stoa(&std::strtold, "stold", __str.c_str(), __idx); }
        -: 6437:#endif // _GLIBCXX_USE_C99_STDLIB
        -: 6438:
        -: 6439:#if _GLIBCXX_USE_C99_STDIO
        -: 6440:  // NB: (v)snprintf vs sprintf.
        -: 6441:
        -: 6442:  // DR 1261.
        -: 6443:  inline string
        -: 6444:  to_string(int __val)
        -: 6445:  { return __gnu_cxx::__to_xstring<string>(&std::vsnprintf, 4 * sizeof(int),
        -: 6446:					   "%d", __val); }
        -: 6447:
        -: 6448:  inline string
        -: 6449:  to_string(unsigned __val)
        -: 6450:  { return __gnu_cxx::__to_xstring<string>(&std::vsnprintf,
        -: 6451:					   4 * sizeof(unsigned),
        -: 6452:					   "%u", __val); }
        -: 6453:
        -: 6454:  inline string
        -: 6455:  to_string(long __val)
        -: 6456:  { return __gnu_cxx::__to_xstring<string>(&std::vsnprintf, 4 * sizeof(long),
        -: 6457:					   "%ld", __val); }
        -: 6458:
        -: 6459:  inline string
        2: 6460:  to_string(unsigned long __val)
        -: 6461:  { return __gnu_cxx::__to_xstring<string>(&std::vsnprintf,
        -: 6462:					   4 * sizeof(unsigned long),
        2: 6463:					   "%lu", __val); }
        -: 6464:
        -: 6465:  inline string
        -: 6466:  to_string(long long __val)
        -: 6467:  { return __gnu_cxx::__to_xstring<string>(&std::vsnprintf,
        -: 6468:					   4 * sizeof(long long),
        -: 6469:					   "%lld", __val); }
        -: 6470:
        -: 6471:  inline string
        -: 6472:  to_string(unsigned long long __val)
        -: 6473:  { return __gnu_cxx::__to_xstring<string>(&std::vsnprintf,
        -: 6474:					   4 * sizeof(unsigned long long),
        -: 6475:					   "%llu", __val); }
        -: 6476:
        -: 6477:  inline string
        -: 6478:  to_string(float __val)
        -: 6479:  {
        -: 6480:    const int __n = 
        -: 6481:      __gnu_cxx::__numeric_traits<float>::__max_exponent10 + 20;
        -: 6482:    return __gnu_cxx::__to_xstring<string>(&std::vsnprintf, __n,
        -: 6483:					   "%f", __val);
        -: 6484:  }
        -: 6485:
        -: 6486:  inline string
        -: 6487:  to_string(double __val)
        -: 6488:  {
        -: 6489:    const int __n = 
        -: 6490:      __gnu_cxx::__numeric_traits<double>::__max_exponent10 + 20;
        -: 6491:    return __gnu_cxx::__to_xstring<string>(&std::vsnprintf, __n,
        -: 6492:					   "%f", __val);
        -: 6493:  }
        -: 6494:
        -: 6495:  inline string
        -: 6496:  to_string(long double __val)
        -: 6497:  {
        -: 6498:    const int __n = 
        -: 6499:      __gnu_cxx::__numeric_traits<long double>::__max_exponent10 + 20;
        -: 6500:    return __gnu_cxx::__to_xstring<string>(&std::vsnprintf, __n,
        -: 6501:					   "%Lf", __val);
        -: 6502:  }
        -: 6503:#endif // _GLIBCXX_USE_C99_STDIO
        -: 6504:
        -: 6505:#if defined(_GLIBCXX_USE_WCHAR_T) && _GLIBCXX_USE_C99_WCHAR
        -: 6506:  inline int 
        -: 6507:  stoi(const wstring& __str, size_t* __idx = 0, int __base = 10)
        -: 6508:  { return __gnu_cxx::__stoa<long, int>(&std::wcstol, "stoi", __str.c_str(),
        -: 6509:					__idx, __base); }
        -: 6510:
        -: 6511:  inline long 
        -: 6512:  stol(const wstring& __str, size_t* __idx = 0, int __base = 10)
        -: 6513:  { return __gnu_cxx::__stoa(&std::wcstol, "stol", __str.c_str(),
        -: 6514:			     __idx, __base); }
        -: 6515:
        -: 6516:  inline unsigned long
        -: 6517:  stoul(const wstring& __str, size_t* __idx = 0, int __base = 10)
        -: 6518:  { return __gnu_cxx::__stoa(&std::wcstoul, "stoul", __str.c_str(),
        -: 6519:			     __idx, __base); }
        -: 6520:
        -: 6521:  inline long long
        -: 6522:  stoll(const wstring& __str, size_t* __idx = 0, int __base = 10)
        -: 6523:  { return __gnu_cxx::__stoa(&std::wcstoll, "stoll", __str.c_str(),
        -: 6524:			     __idx, __base); }
        -: 6525:
        -: 6526:  inline unsigned long long
        -: 6527:  stoull(const wstring& __str, size_t* __idx = 0, int __base = 10)
        -: 6528:  { return __gnu_cxx::__stoa(&std::wcstoull, "stoull", __str.c_str(),
        -: 6529:			     __idx, __base); }
        -: 6530:
        -: 6531:  // NB: wcstof vs wcstod.
        -: 6532:  inline float
        -: 6533:  stof(const wstring& __str, size_t* __idx = 0)
        -: 6534:  { return __gnu_cxx::__stoa(&std::wcstof, "stof", __str.c_str(), __idx); }
        -: 6535:
        -: 6536:  inline double
        -: 6537:  stod(const wstring& __str, size_t* __idx = 0)
        -: 6538:  { return __gnu_cxx::__stoa(&std::wcstod, "stod", __str.c_str(), __idx); }
        -: 6539:
        -: 6540:  inline long double
        -: 6541:  stold(const wstring& __str, size_t* __idx = 0)
        -: 6542:  { return __gnu_cxx::__stoa(&std::wcstold, "stold", __str.c_str(), __idx); }
        -: 6543:
        -: 6544:#ifndef _GLIBCXX_HAVE_BROKEN_VSWPRINTF
        -: 6545:  // DR 1261.
        -: 6546:  inline wstring
        -: 6547:  to_wstring(int __val)
        -: 6548:  { return __gnu_cxx::__to_xstring<wstring>(&std::vswprintf, 4 * sizeof(int),
        -: 6549:					    L"%d", __val); }
        -: 6550:
        -: 6551:  inline wstring
        -: 6552:  to_wstring(unsigned __val)
        -: 6553:  { return __gnu_cxx::__to_xstring<wstring>(&std::vswprintf,
        -: 6554:					    4 * sizeof(unsigned),
        -: 6555:					    L"%u", __val); }
        -: 6556:
        -: 6557:  inline wstring
        -: 6558:  to_wstring(long __val)
        -: 6559:  { return __gnu_cxx::__to_xstring<wstring>(&std::vswprintf, 4 * sizeof(long),
        -: 6560:					    L"%ld", __val); }
        -: 6561:
        -: 6562:  inline wstring
        -: 6563:  to_wstring(unsigned long __val)
        -: 6564:  { return __gnu_cxx::__to_xstring<wstring>(&std::vswprintf,
        -: 6565:					    4 * sizeof(unsigned long),
        -: 6566:					    L"%lu", __val); }
        -: 6567:
        -: 6568:  inline wstring
        -: 6569:  to_wstring(long long __val)
        -: 6570:  { return __gnu_cxx::__to_xstring<wstring>(&std::vswprintf,
        -: 6571:					    4 * sizeof(long long),
        -: 6572:					    L"%lld", __val); }
        -: 6573:
        -: 6574:  inline wstring
        -: 6575:  to_wstring(unsigned long long __val)
        -: 6576:  { return __gnu_cxx::__to_xstring<wstring>(&std::vswprintf,
        -: 6577:					    4 * sizeof(unsigned long long),
        -: 6578:					    L"%llu", __val); }
        -: 6579:
        -: 6580:  inline wstring
        -: 6581:  to_wstring(float __val)
        -: 6582:  {
        -: 6583:    const int __n =
        -: 6584:      __gnu_cxx::__numeric_traits<float>::__max_exponent10 + 20;
        -: 6585:    return __gnu_cxx::__to_xstring<wstring>(&std::vswprintf, __n,
        -: 6586:					    L"%f", __val);
        -: 6587:  }
        -: 6588:
        -: 6589:  inline wstring
        -: 6590:  to_wstring(double __val)
        -: 6591:  {
        -: 6592:    const int __n =
        -: 6593:      __gnu_cxx::__numeric_traits<double>::__max_exponent10 + 20;
        -: 6594:    return __gnu_cxx::__to_xstring<wstring>(&std::vswprintf, __n,
        -: 6595:					    L"%f", __val);
        -: 6596:  }
        -: 6597:
        -: 6598:  inline wstring
        -: 6599:  to_wstring(long double __val)
        -: 6600:  {
        -: 6601:    const int __n =
        -: 6602:      __gnu_cxx::__numeric_traits<long double>::__max_exponent10 + 20;
        -: 6603:    return __gnu_cxx::__to_xstring<wstring>(&std::vswprintf, __n,
        -: 6604:					    L"%Lf", __val);
        -: 6605:  }
        -: 6606:#endif // _GLIBCXX_HAVE_BROKEN_VSWPRINTF
        -: 6607:#endif // _GLIBCXX_USE_WCHAR_T && _GLIBCXX_USE_C99_WCHAR
        -: 6608:
        -: 6609:_GLIBCXX_END_NAMESPACE_CXX11
        -: 6610:_GLIBCXX_END_NAMESPACE_VERSION
        -: 6611:} // namespace
        -: 6612:
        -: 6613:#endif /* C++11 */
        -: 6614:
        -: 6615:#if __cplusplus >= 201103L
        -: 6616:
        -: 6617:#include <bits/functional_hash.h>
        -: 6618:
        -: 6619:namespace std _GLIBCXX_VISIBILITY(default)
        -: 6620:{
        -: 6621:_GLIBCXX_BEGIN_NAMESPACE_VERSION
        -: 6622:
        -: 6623:  // DR 1182.
        -: 6624:
        -: 6625:#ifndef _GLIBCXX_COMPATIBILITY_CXX0X
        -: 6626:  /// std::hash specialization for string.
        -: 6627:  template<>
        -: 6628:    struct hash<string>
        -: 6629:    : public __hash_base<size_t, string>
        -: 6630:    {
        -: 6631:      size_t
        -: 6632:      operator()(const string& __s) const noexcept
        -: 6633:      { return std::_Hash_impl::hash(__s.data(), __s.length()); }
        -: 6634:    };
        -: 6635:
        -: 6636:  template<>
        -: 6637:    struct __is_fast_hash<hash<string>> : std::false_type
        -: 6638:    { };
        -: 6639:
        -: 6640:#ifdef _GLIBCXX_USE_WCHAR_T
        -: 6641:  /// std::hash specialization for wstring.
        -: 6642:  template<>
        -: 6643:    struct hash<wstring>
        -: 6644:    : public __hash_base<size_t, wstring>
        -: 6645:    {
        -: 6646:      size_t
        -: 6647:      operator()(const wstring& __s) const noexcept
        -: 6648:      { return std::_Hash_impl::hash(__s.data(),
        -: 6649:                                     __s.length() * sizeof(wchar_t)); }
        -: 6650:    };
        -: 6651:
        -: 6652:  template<>
        -: 6653:    struct __is_fast_hash<hash<wstring>> : std::false_type
        -: 6654:    { };
        -: 6655:#endif
        -: 6656:#endif /* _GLIBCXX_COMPATIBILITY_CXX0X */
        -: 6657:
        -: 6658:#ifdef _GLIBCXX_USE_C99_STDINT_TR1
        -: 6659:  /// std::hash specialization for u16string.
        -: 6660:  template<>
        -: 6661:    struct hash<u16string>
        -: 6662:    : public __hash_base<size_t, u16string>
        -: 6663:    {
        -: 6664:      size_t
        -: 6665:      operator()(const u16string& __s) const noexcept
        -: 6666:      { return std::_Hash_impl::hash(__s.data(),
        -: 6667:                                     __s.length() * sizeof(char16_t)); }
        -: 6668:    };
        -: 6669:
        -: 6670:  template<>
        -: 6671:    struct __is_fast_hash<hash<u16string>> : std::false_type
        -: 6672:    { };
        -: 6673:
        -: 6674:  /// std::hash specialization for u32string.
        -: 6675:  template<>
        -: 6676:    struct hash<u32string>
        -: 6677:    : public __hash_base<size_t, u32string>
        -: 6678:    {
        -: 6679:      size_t
        -: 6680:      operator()(const u32string& __s) const noexcept
        -: 6681:      { return std::_Hash_impl::hash(__s.data(),
        -: 6682:                                     __s.length() * sizeof(char32_t)); }
        -: 6683:    };
        -: 6684:
        -: 6685:  template<>
        -: 6686:    struct __is_fast_hash<hash<u32string>> : std::false_type
        -: 6687:    { };
        -: 6688:#endif
        -: 6689:
        -: 6690:#if __cplusplus > 201103L
        -: 6691:
        -: 6692:#define __cpp_lib_string_udls 201304
        -: 6693:
        -: 6694:  inline namespace literals
        -: 6695:  {
        -: 6696:  inline namespace string_literals
        -: 6697:  {
        -: 6698:#pragma GCC diagnostic push
        -: 6699:#pragma GCC diagnostic ignored "-Wliteral-suffix"
        -: 6700:    _GLIBCXX_DEFAULT_ABI_TAG
        -: 6701:    inline basic_string<char>
        -: 6702:    operator""s(const char* __str, size_t __len)
        -: 6703:    { return basic_string<char>{__str, __len}; }
        -: 6704:
        -: 6705:#ifdef _GLIBCXX_USE_WCHAR_T
        -: 6706:    _GLIBCXX_DEFAULT_ABI_TAG
        -: 6707:    inline basic_string<wchar_t>
        -: 6708:    operator""s(const wchar_t* __str, size_t __len)
        -: 6709:    { return basic_string<wchar_t>{__str, __len}; }
        -: 6710:#endif
        -: 6711:
        -: 6712:#ifdef _GLIBCXX_USE_C99_STDINT_TR1
        -: 6713:    _GLIBCXX_DEFAULT_ABI_TAG
        -: 6714:    inline basic_string<char16_t>
        -: 6715:    operator""s(const char16_t* __str, size_t __len)
        -: 6716:    { return basic_string<char16_t>{__str, __len}; }
        -: 6717:
        -: 6718:    _GLIBCXX_DEFAULT_ABI_TAG
        -: 6719:    inline basic_string<char32_t>
        -: 6720:    operator""s(const char32_t* __str, size_t __len)
        -: 6721:    { return basic_string<char32_t>{__str, __len}; }
        -: 6722:#endif
        -: 6723:
        -: 6724:#pragma GCC diagnostic pop
        -: 6725:  } // inline namespace string_literals
        -: 6726:  } // inline namespace literals
        -: 6727:
        -: 6728:#endif // __cplusplus > 201103L
        -: 6729:
        -: 6730:_GLIBCXX_END_NAMESPACE_VERSION
        -: 6731:} // namespace std
        -: 6732:
        -: 6733:#endif // C++11
        -: 6734:
        -: 6735:#endif /* _BASIC_STRING_H */
