        -:    0:Source:fibo.cpp
        -:    0:Programs:6
        -:    1:#include <string>
        -:    2:#include "fibo.h"
        -:    3:
        4:    4:int fibo(int times) {
        4:    5:	int a = 1, b = 1;
       4*:    6:	if(times <= 0) throw std::string("input out of bounds"); // error value
        4:    7:	if(times <= 2) return 1; // init condition
        2:    8:	int i = 3;
        -:    9:	while(true) {
        2:   10:		int tmp = a + b;
        2:   11:		a = b;
        2:   12:		b = tmp;
        2:   13:		if(i == times) break;
    #####:   14:		i++;
    #####:   15:	}
        2:   16:	return b;
        -:   17:}
