        -:    0:Source:fibo1.cpp
        -:    0:Programs:6
        -:    1:#include <string>
        -:    2:#include "fibo1.h"
        -:    3:
        2:    4:int fibo(int times) {
        2:    5:	int a = 1, b = 1;
       2*:    6:	if(times <= 0) throw std::string("input out of bounds"); // error value
        2:    7:	if(times <= 2) return 1; // init condition
        1:    8:	int i = 3;
        -:    9:	while(true) {
        1:   10:		int tmp = a + b;
        1:   11:		a = b;
        1:   12:		b = tmp;
        1:   13:		if(i == times) break;
    #####:   14:		i++;
    #####:   15:	}
        1:   16:	return b;
        -:   17:}
