        -:    0:Source:libs/rapidcheck/include/rapidcheck/detail/ImplicitParam.hpp
        -:    0:Graph:sciNot5.gcno
        -:    0:Data:sciNot5.gcda
        -:    0:Runs:1
        -:    0:Programs:1
        -:    1:#pragma once
        -:    2:
        -:    3:#include <iostream>
        -:    4:#include "rapidcheck/Show.h"
        -:    5:
        -:    6:namespace rc {
        -:    7:namespace detail {
        -:    8:
        -:    9:template <typename Param>
      230:   10:ImplicitParam<Param>::ImplicitParam(ValueType value) {
      230:   11:  m_stack.push(
      230:   12:      std::make_pair(std::move(value), ImplicitScope::m_scopes.size()));
      230:   13:}
------------------
_ZN2rc6detail13ImplicitParamINS0_5param22CurrentPropertyContextEEC2EPNS0_15PropertyContextE:
      115:   10:ImplicitParam<Param>::ImplicitParam(ValueType value) {
      115:   11:  m_stack.push(
      115:   12:      std::make_pair(std::move(value), ImplicitScope::m_scopes.size()));
      115:   13:}
------------------
_ZN2rc6detail13ImplicitParamINS_3gen6detail5param14CurrentHandlerEEC2EPNS3_17GenerationHandlerE:
      115:   10:ImplicitParam<Param>::ImplicitParam(ValueType value) {
      115:   11:  m_stack.push(
      115:   12:      std::make_pair(std::move(value), ImplicitScope::m_scopes.size()));
      115:   13:}
------------------
        -:   14:
        -:   15:template <typename StackT, StackT *stack>
    #####:   16:void popStackBinding() {
    #####:   17:  stack->pop();
    #####:   18:}
        -:   19:
        -:   20:template <typename Param>
      115:   21:typename ImplicitParam<Param>::ValueType &ImplicitParam<Param>::value() {
      115:   22:  const auto scopeLevel = ImplicitScope::m_scopes.size();
     115*:   23:  if (m_stack.empty() || (m_stack.top().second < scopeLevel)) {
    #####:   24:    m_stack.push(
    #####:   25:        std::make_pair(Param::defaultValue(), ImplicitScope::m_scopes.size()));
    #####:   26:    if (!ImplicitScope::m_scopes.empty()) {
    #####:   27:      ImplicitScope::m_scopes.top().push_back(
        -:   28:          popStackBinding<StackT, &m_stack>);
        -:   29:    }
        -:   30:  }
        -:   31:
      115:   32:  return m_stack.top().first;
        -:   33:}
        -:   34:
        -:   35:template <typename Param>
      230:   36:ImplicitParam<Param>::~ImplicitParam() {
      230:   37:  m_stack.pop();
      230:   38:}
------------------
_ZN2rc6detail13ImplicitParamINS0_5param22CurrentPropertyContextEED2Ev:
      115:   36:ImplicitParam<Param>::~ImplicitParam() {
      115:   37:  m_stack.pop();
      115:   38:}
------------------
_ZN2rc6detail13ImplicitParamINS_3gen6detail5param14CurrentHandlerEED2Ev:
      115:   36:ImplicitParam<Param>::~ImplicitParam() {
      115:   37:  m_stack.pop();
      115:   38:}
------------------
        -:   39:
        -:   40:template <typename Param>
        -:   41:typename ImplicitParam<Param>::StackT ImplicitParam<Param>::m_stack;
        -:   42:
        -:   43:} // namespace detail
        -:   44:} // namespace rc
