        -:    0:Source:sciNot5.cpp
        -:    0:Programs:6
        -:    1:#include <cmath>
        -:    2:#include "SciNotation.h"
        -:    3:
     2609:    4:SciNotation sciNot(double number) {
     2609:    5:	int sign = number >= 0 ? 1 : -1;
     2609:    6:	number *= sign;
     2609:    7:	int exp = (int) floor(log10(number)) - 2;
     2609:    8:	int digits = (int) round(number * pow(10.0, -exp));
     2609:    9:	return SciNotation{digits * sign, exp};
        -:   10:}
        -:   11:
