        -:    0:Source:SciNotation.h
        -:    0:Graph:sciNot5.gcno
        -:    0:Data:sciNot5.gcda
        -:    0:Runs:1
        -:    0:Programs:1
        -:    1:#ifndef SCI_NOTATION_H
        -:    2:#define SCI_NOTATION_H
        -:    3:
        -:    4:#include <string>
        -:    5:#include <cmath>
        -:    6:
        -:    7:class SciNotation {
        -:    8:	int digits;
        -:    9:	int exp;
        -:   10:public:
     2415:   11:	SciNotation(int digits, int exp) :
     2415:   12:		digits(digits), exp(exp) {}
        -:   13:
        -:   14:	bool operator==(const SciNotation &that) const;
        -:   15:
        -:   16:	double toDouble() const;
        -:   17:
        -:   18:	int getDigits() const;
        -:   19:
        -:   20:	int getExp() const;
        -:   21:};
        -:   22:
        -:   23:std::string operator+(const std::string &s, const SciNotation &n);
        -:   24:
        -:   25:#endif
