        -:    0:Source:libs/rapidcheck/include/rapidcheck/Shrinkable.hpp
        -:    0:Programs:6
        -:    1:#pragma once
        -:    2:
        -:    3:#include <atomic>
        -:    4:
        -:    5:namespace rc {
        -:    6:
        -:    7:template <typename T>
        -:    8:class Shrinkable<T>::IShrinkableImpl {
        -:    9:public:
        -:   10:  virtual T value() const = 0;
        -:   11:  virtual Seq<Shrinkable<T>> shrinks() const = 0;
        -:   12:  virtual void retain() = 0;
        -:   13:  virtual void release() = 0;
    3155*:   14:  virtual ~IShrinkableImpl() = default;
------------------
_ZN2rc10ShrinkableINS_6detail3AnyEE15IShrinkableImplD0Ev:
    #####:   14:  virtual ~IShrinkableImpl() = default;
------------------
_ZN2rc10ShrinkableINS_6detail3AnyEE15IShrinkableImplD2Ev:
      110:   14:  virtual ~IShrinkableImpl() = default;
------------------
_ZN2rc10ShrinkableISt5tupleIJSt6vectorIdSaIdEEEEE15IShrinkableImplD0Ev:
    #####:   14:  virtual ~IShrinkableImpl() = default;
------------------
_ZN2rc10ShrinkableISt5tupleIJSt6vectorIdSaIdEEEEE15IShrinkableImplD2Ev:
      110:   14:  virtual ~IShrinkableImpl() = default;
------------------
_ZN2rc10ShrinkableIdE15IShrinkableImplD0Ev:
    #####:   14:  virtual ~IShrinkableImpl() = default;
------------------
_ZN2rc10ShrinkableIdE15IShrinkableImplD2Ev:
     2606:   14:  virtual ~IShrinkableImpl() = default;
------------------
_ZN2rc10ShrinkableISt6vectorINS0_IdEESaIS2_EEE15IShrinkableImplD0Ev:
    #####:   14:  virtual ~IShrinkableImpl() = default;
------------------
_ZN2rc10ShrinkableISt6vectorINS0_IdEESaIS2_EEE15IShrinkableImplD2Ev:
      110:   14:  virtual ~IShrinkableImpl() = default;
------------------
_ZN2rc10ShrinkableISt6vectorIdSaIdEEE15IShrinkableImplD0Ev:
    #####:   14:  virtual ~IShrinkableImpl() = default;
------------------
_ZN2rc10ShrinkableISt6vectorIdSaIdEEE15IShrinkableImplD2Ev:
      110:   14:  virtual ~IShrinkableImpl() = default;
------------------
_ZN2rc10ShrinkableISt4pairINS_6detail12TaggedResultENS_3gen6detail6RecipeEEE15IShrinkableImplD0Ev:
    #####:   14:  virtual ~IShrinkableImpl() = default;
------------------
_ZN2rc10ShrinkableISt4pairINS_6detail12TaggedResultENS_3gen6detail6RecipeEEE15IShrinkableImplD2Ev:
      109:   14:  virtual ~IShrinkableImpl() = default;
------------------
        -:   15:};
        -:   16:
        -:   17:template <typename T>
        -:   18:template <typename Impl>
        -:   19:class Shrinkable<T>::ShrinkableImpl : public IShrinkableImpl {
        -:   20:public:
        -:   21:  template <typename... Args>
     549*:   22:  explicit ShrinkableImpl(Args &&... args)
        -:   23:      : m_impl(std::forward<Args>(args)...)
     549*:   24:      , m_count(1) {}
------------------
_ZN2rc10ShrinkableISt5tupleIJSt6vectorIdSaIdEEEEE14ShrinkableImplINS_10shrinkable6detail16LambdaShrinkableIZNKS_3GenIS5_EclERKNS_6RandomEiEUlvE_NS_2fn8ConstantINS_3SeqIS6_EEEEEEEC2IJSG_SL_EEEDpOT_:
    #####:   22:  explicit ShrinkableImpl(Args &&... args)
        -:   23:      : m_impl(std::forward<Args>(args)...)
    #####:   24:      , m_count(1) {}
------------------
_ZN2rc10ShrinkableISt6vectorIdSaIdEEE14ShrinkableImplINS_10shrinkable6detail16LambdaShrinkableIZNKS_3GenIS3_EclERKNS_6RandomEiEUlvE_NS_2fn8ConstantINS_3SeqIS4_EEEEEEEC2IJSE_SJ_EEEDpOT_:
    #####:   22:  explicit ShrinkableImpl(Args &&... args)
        -:   23:      : m_impl(std::forward<Args>(args)...)
    #####:   24:      , m_count(1) {}
------------------
_ZN2rc10ShrinkableINS_6detail3AnyEE14ShrinkableImplINS_10shrinkable6detail13MapShrinkableISt5tupleIJSt6vectorIdSaIdEEEEPFS2_OSC_EEEEC2IJNS0_ISC_EERKSF_EEEDpOT_:
      110:   22:  explicit ShrinkableImpl(Args &&... args)
        -:   23:      : m_impl(std::forward<Args>(args)...)
      110:   24:      , m_count(1) {}
------------------
_ZN2rc10ShrinkableISt6vectorIdSaIdEEE14ShrinkableImplINS_10shrinkable6detail13MapShrinkableIS1_INS0_IdEESaIS9_EEPFS3_RKSB_EEEEC2IJNS0_ISB_EERKSF_EEEDpOT_:
        5:   22:  explicit ShrinkableImpl(Args &&... args)
        -:   23:      : m_impl(std::forward<Args>(args)...)
        5:   24:      , m_count(1) {}
------------------
_ZN2rc10ShrinkableISt5tupleIJSt6vectorIdSaIdEEEEE14ShrinkableImplINS_3gen6detail15TupleShrinkableINS_6detail11IntSequenceImJLm0EEEEJS4_EEEEC2IJNS0_IS4_EEEEEDpOT_:
      110:   22:  explicit ShrinkableImpl(Args &&... args)
        -:   23:      : m_impl(std::forward<Args>(args)...)
      110:   24:      , m_count(1) {}
------------------
_ZN2rc10ShrinkableIdE14ShrinkableImplINS_10shrinkable6detail16LambdaShrinkableIZNKS_3GenIdEclERKNS_6RandomEiEUlvE_NS_2fn8ConstantINS_3SeqIS1_EEEEEEEC2IJSB_SG_EEEDpOT_:
    #####:   22:  explicit ShrinkableImpl(Args &&... args)
        -:   23:      : m_impl(std::forward<Args>(args)...)
    #####:   24:      , m_count(1) {}
------------------
_ZN2rc10ShrinkableISt6vectorINS0_IdEESaIS2_EEE14ShrinkableImplINS_10shrinkable6detail20JustShrinkShrinkableINS_2fn8ConstantIS4_EEZNS7_11shrinkRecurIS4_ZNKS_3gen6detail15ContainerHelperIS1_IdSaIdEENSF_24GenericContainerStrategyISI_Lb0ELb0EEEE8generateIJdEEENS0_ISI_EERKNS_6RandomEiDpRKNS_3GenIT_EEEUlRKS4_E_EENS0_INSt5decayIT_E4typeEEEOS11_RKT0_EUlOS4_E_EEEC2IJSC_S1A_EEEDpOSS_:
      110:   22:  explicit ShrinkableImpl(Args &&... args)
        -:   23:      : m_impl(std::forward<Args>(args)...)
      110:   24:      , m_count(1) {}
------------------
_ZN2rc10ShrinkableISt6vectorIdSaIdEEE14ShrinkableImplINS_10shrinkable6detail13MapShrinkableIS1_INS0_IdEESaIS9_EEPFS3_RKSB_EEEEC2IJNS0_ISB_EESF_EEEDpOT_:
      105:   22:  explicit ShrinkableImpl(Args &&... args)
        -:   23:      : m_impl(std::forward<Args>(args)...)
      105:   24:      , m_count(1) {}
------------------
_ZN2rc10ShrinkableISt4pairINS_6detail12TaggedResultENS_3gen6detail6RecipeEEE14ShrinkableImplINS_10shrinkable6detail20JustShrinkShrinkableIZNS5_20shrinkableWithRecipeINS2_15PropertyAdapterIZ10testSciNotvEUlRKSt6vectorIdSaIdEEE0_FvSJ_EEEEENS0_IS1_INS2_18FunctionTraitsImplINSt5decayIT_E4typeEE10ReturnTypeES6_EEESP_S6_EUlvE_ZNSD_ISM_EESV_SP_S6_EUlOS7_E0_EEEC2IJSW_SY_EEEDpOT_:
      100:   22:  explicit ShrinkableImpl(Args &&... args)
        -:   23:      : m_impl(std::forward<Args>(args)...)
      100:   24:      , m_count(1) {}
------------------
_ZN2rc10ShrinkableISt4pairINS_6detail12TaggedResultENS_3gen6detail6RecipeEEE14ShrinkableImplINS_10shrinkable6detail20JustShrinkShrinkableIZNS5_20shrinkableWithRecipeINS2_15PropertyAdapterIZ10testSciNotvEUlRKSt6vectorIdSaIdEEE_FvSJ_EEEEENS0_IS1_INS2_18FunctionTraitsImplINSt5decayIT_E4typeEE10ReturnTypeES6_EEESP_S6_EUlvE_ZNSD_ISM_EESV_SP_S6_EUlOS7_E0_EEEC2IJSW_SY_EEEDpOT_:
        9:   22:  explicit ShrinkableImpl(Args &&... args)
        -:   23:      : m_impl(std::forward<Args>(args)...)
        9:   24:      , m_count(1) {}
------------------
        -:   25:
     566*:   26:  T value() const override { return m_impl.value(); }
------------------
_ZNK2rc10ShrinkableISt5tupleIJSt6vectorIdSaIdEEEEE14ShrinkableImplINS_3gen6detail15TupleShrinkableINS_6detail11IntSequenceImJLm0EEEEJS4_EEEE5valueEv:
      114:   26:  T value() const override { return m_impl.value(); }
------------------
_ZNK2rc10ShrinkableINS_6detail3AnyEE14ShrinkableImplINS_10shrinkable6detail13MapShrinkableISt5tupleIJSt6vectorIdSaIdEEEEPFS2_OSC_EEEE5valueEv:
      114:   26:  T value() const override { return m_impl.value(); }
------------------
_ZNK2rc10ShrinkableISt6vectorIdSaIdEEE14ShrinkableImplINS_10shrinkable6detail16LambdaShrinkableIZNKS_3GenIS3_EclERKNS_6RandomEiEUlvE_NS_2fn8ConstantINS_3SeqIS4_EEEEEEE5valueEv:
    #####:   26:  T value() const override { return m_impl.value(); }
------------------
_ZNK2rc10ShrinkableISt5tupleIJSt6vectorIdSaIdEEEEE14ShrinkableImplINS_10shrinkable6detail16LambdaShrinkableIZNKS_3GenIS5_EclERKNS_6RandomEiEUlvE_NS_2fn8ConstantINS_3SeqIS6_EEEEEEE5valueEv:
    #####:   26:  T value() const override { return m_impl.value(); }
------------------
_ZNK2rc10ShrinkableISt4pairINS_6detail12TaggedResultENS_3gen6detail6RecipeEEE14ShrinkableImplINS_10shrinkable6detail20JustShrinkShrinkableIZNS5_20shrinkableWithRecipeINS2_15PropertyAdapterIZ10testSciNotvEUlRKSt6vectorIdSaIdEEE_FvSJ_EEEEENS0_IS1_INS2_18FunctionTraitsImplINSt5decayIT_E4typeEE10ReturnTypeES6_EEESP_S6_EUlvE_ZNSD_ISM_EESV_SP_S6_EUlOS7_E0_EEE5valueEv:
       10:   26:  T value() const override { return m_impl.value(); }
------------------
_ZNK2rc10ShrinkableISt4pairINS_6detail12TaggedResultENS_3gen6detail6RecipeEEE14ShrinkableImplINS_10shrinkable6detail20JustShrinkShrinkableIZNS5_20shrinkableWithRecipeINS2_15PropertyAdapterIZ10testSciNotvEUlRKSt6vectorIdSaIdEEE0_FvSJ_EEEEENS0_IS1_INS2_18FunctionTraitsImplINSt5decayIT_E4typeEE10ReturnTypeES6_EEESP_S6_EUlvE_ZNSD_ISM_EESV_SP_S6_EUlOS7_E0_EEE5valueEv:
      100:   26:  T value() const override { return m_impl.value(); }
------------------
_ZNK2rc10ShrinkableISt6vectorIdSaIdEEE14ShrinkableImplINS_10shrinkable6detail13MapShrinkableIS1_INS0_IdEESaIS9_EEPFS3_RKSB_EEEE5valueEv:
      114:   26:  T value() const override { return m_impl.value(); }
------------------
_ZNK2rc10ShrinkableISt6vectorINS0_IdEESaIS2_EEE14ShrinkableImplINS_10shrinkable6detail20JustShrinkShrinkableINS_2fn8ConstantIS4_EEZNS7_11shrinkRecurIS4_ZNKS_3gen6detail15ContainerHelperIS1_IdSaIdEENSF_24GenericContainerStrategyISI_Lb0ELb0EEEE8generateIJdEEENS0_ISI_EERKNS_6RandomEiDpRKNS_3GenIT_EEEUlRKS4_E_EENS0_INSt5decayIT_E4typeEEEOS11_RKT0_EUlOS4_E_EEE5valueEv:
      114:   26:  T value() const override { return m_impl.value(); }
------------------
_ZNK2rc10ShrinkableIdE14ShrinkableImplINS_10shrinkable6detail16LambdaShrinkableIZNKS_3GenIdEclERKNS_6RandomEiEUlvE_NS_2fn8ConstantINS_3SeqIS1_EEEEEEE5valueEv:
    #####:   26:  T value() const override { return m_impl.value(); }
------------------
      15*:   27:  Seq<Shrinkable<T>> shrinks() const override { return m_impl.shrinks(); }
------------------
_ZNK2rc10ShrinkableISt5tupleIJSt6vectorIdSaIdEEEEE14ShrinkableImplINS_3gen6detail15TupleShrinkableINS_6detail11IntSequenceImJLm0EEEEJS4_EEEE7shrinksEv:
        3:   27:  Seq<Shrinkable<T>> shrinks() const override { return m_impl.shrinks(); }
------------------
_ZNK2rc10ShrinkableINS_6detail3AnyEE14ShrinkableImplINS_10shrinkable6detail13MapShrinkableISt5tupleIJSt6vectorIdSaIdEEEEPFS2_OSC_EEEE7shrinksEv:
        3:   27:  Seq<Shrinkable<T>> shrinks() const override { return m_impl.shrinks(); }
------------------
_ZNK2rc10ShrinkableISt6vectorIdSaIdEEE14ShrinkableImplINS_10shrinkable6detail16LambdaShrinkableIZNKS_3GenIS3_EclERKNS_6RandomEiEUlvE_NS_2fn8ConstantINS_3SeqIS4_EEEEEEE7shrinksEv:
    #####:   27:  Seq<Shrinkable<T>> shrinks() const override { return m_impl.shrinks(); }
------------------
_ZNK2rc10ShrinkableISt5tupleIJSt6vectorIdSaIdEEEEE14ShrinkableImplINS_10shrinkable6detail16LambdaShrinkableIZNKS_3GenIS5_EclERKNS_6RandomEiEUlvE_NS_2fn8ConstantINS_3SeqIS6_EEEEEEE7shrinksEv:
    #####:   27:  Seq<Shrinkable<T>> shrinks() const override { return m_impl.shrinks(); }
------------------
_ZNK2rc10ShrinkableISt4pairINS_6detail12TaggedResultENS_3gen6detail6RecipeEEE14ShrinkableImplINS_10shrinkable6detail20JustShrinkShrinkableIZNS5_20shrinkableWithRecipeINS2_15PropertyAdapterIZ10testSciNotvEUlRKSt6vectorIdSaIdEEE_FvSJ_EEEEENS0_IS1_INS2_18FunctionTraitsImplINSt5decayIT_E4typeEE10ReturnTypeES6_EEESP_S6_EUlvE_ZNSD_ISM_EESV_SP_S6_EUlOS7_E0_EEE7shrinksEv:
        3:   27:  Seq<Shrinkable<T>> shrinks() const override { return m_impl.shrinks(); }
------------------
_ZNK2rc10ShrinkableISt4pairINS_6detail12TaggedResultENS_3gen6detail6RecipeEEE14ShrinkableImplINS_10shrinkable6detail20JustShrinkShrinkableIZNS5_20shrinkableWithRecipeINS2_15PropertyAdapterIZ10testSciNotvEUlRKSt6vectorIdSaIdEEE0_FvSJ_EEEEENS0_IS1_INS2_18FunctionTraitsImplINSt5decayIT_E4typeEE10ReturnTypeES6_EEESP_S6_EUlvE_ZNSD_ISM_EESV_SP_S6_EUlOS7_E0_EEE7shrinksEv:
    #####:   27:  Seq<Shrinkable<T>> shrinks() const override { return m_impl.shrinks(); }
------------------
_ZNK2rc10ShrinkableISt6vectorIdSaIdEEE14ShrinkableImplINS_10shrinkable6detail13MapShrinkableIS1_INS0_IdEESaIS9_EEPFS3_RKSB_EEEE7shrinksEv:
        3:   27:  Seq<Shrinkable<T>> shrinks() const override { return m_impl.shrinks(); }
------------------
_ZNK2rc10ShrinkableISt6vectorINS0_IdEESaIS2_EEE14ShrinkableImplINS_10shrinkable6detail20JustShrinkShrinkableINS_2fn8ConstantIS4_EEZNS7_11shrinkRecurIS4_ZNKS_3gen6detail15ContainerHelperIS1_IdSaIdEENSF_24GenericContainerStrategyISI_Lb0ELb0EEEE8generateIJdEEENS0_ISI_EERKNS_6RandomEiDpRKNS_3GenIT_EEEUlRKS4_E_EENS0_INSt5decayIT_E4typeEEEOS11_RKT0_EUlOS4_E_EEE7shrinksEv:
        3:   27:  Seq<Shrinkable<T>> shrinks() const override { return m_impl.shrinks(); }
------------------
_ZNK2rc10ShrinkableIdE14ShrinkableImplINS_10shrinkable6detail16LambdaShrinkableIZNKS_3GenIdEclERKNS_6RandomEiEUlvE_NS_2fn8ConstantINS_3SeqIS1_EEEEEEE7shrinksEv:
    #####:   27:  Seq<Shrinkable<T>> shrinks() const override { return m_impl.shrinks(); }
------------------
        -:   28:
     381*:   29:  void retain() override { m_count.fetch_add(1L); }
------------------
_ZN2rc10ShrinkableISt5tupleIJSt6vectorIdSaIdEEEEE14ShrinkableImplINS_3gen6detail15TupleShrinkableINS_6detail11IntSequenceImJLm0EEEEJS4_EEEE6retainEv:
    #####:   29:  void retain() override { m_count.fetch_add(1L); }
------------------
_ZN2rc10ShrinkableINS_6detail3AnyEE14ShrinkableImplINS_10shrinkable6detail13MapShrinkableISt5tupleIJSt6vectorIdSaIdEEEEPFS2_OSC_EEEE6retainEv:
      373:   29:  void retain() override { m_count.fetch_add(1L); }
------------------
_ZN2rc10ShrinkableISt6vectorIdSaIdEEE14ShrinkableImplINS_10shrinkable6detail16LambdaShrinkableIZNKS_3GenIS3_EclERKNS_6RandomEiEUlvE_NS_2fn8ConstantINS_3SeqIS4_EEEEEEE6retainEv:
    #####:   29:  void retain() override { m_count.fetch_add(1L); }
------------------
_ZN2rc10ShrinkableISt5tupleIJSt6vectorIdSaIdEEEEE14ShrinkableImplINS_10shrinkable6detail16LambdaShrinkableIZNKS_3GenIS5_EclERKNS_6RandomEiEUlvE_NS_2fn8ConstantINS_3SeqIS6_EEEEEEE6retainEv:
    #####:   29:  void retain() override { m_count.fetch_add(1L); }
------------------
_ZN2rc10ShrinkableISt4pairINS_6detail12TaggedResultENS_3gen6detail6RecipeEEE14ShrinkableImplINS_10shrinkable6detail20JustShrinkShrinkableIZNS5_20shrinkableWithRecipeINS2_15PropertyAdapterIZ10testSciNotvEUlRKSt6vectorIdSaIdEEE_FvSJ_EEEEENS0_IS1_INS2_18FunctionTraitsImplINSt5decayIT_E4typeEE10ReturnTypeES6_EEESP_S6_EUlvE_ZNSD_ISM_EESV_SP_S6_EUlOS7_E0_EEE6retainEv:
    #####:   29:  void retain() override { m_count.fetch_add(1L); }
------------------
_ZN2rc10ShrinkableISt4pairINS_6detail12TaggedResultENS_3gen6detail6RecipeEEE14ShrinkableImplINS_10shrinkable6detail20JustShrinkShrinkableIZNS5_20shrinkableWithRecipeINS2_15PropertyAdapterIZ10testSciNotvEUlRKSt6vectorIdSaIdEEE0_FvSJ_EEEEENS0_IS1_INS2_18FunctionTraitsImplINSt5decayIT_E4typeEE10ReturnTypeES6_EEESP_S6_EUlvE_ZNSD_ISM_EESV_SP_S6_EUlOS7_E0_EEE6retainEv:
    #####:   29:  void retain() override { m_count.fetch_add(1L); }
------------------
_ZN2rc10ShrinkableISt6vectorIdSaIdEEE14ShrinkableImplINS_10shrinkable6detail13MapShrinkableIS1_INS0_IdEESaIS9_EEPFS3_RKSB_EEEE6retainEv:
        8:   29:  void retain() override { m_count.fetch_add(1L); }
------------------
_ZN2rc10ShrinkableISt6vectorINS0_IdEESaIS2_EEE14ShrinkableImplINS_10shrinkable6detail20JustShrinkShrinkableINS_2fn8ConstantIS4_EEZNS7_11shrinkRecurIS4_ZNKS_3gen6detail15ContainerHelperIS1_IdSaIdEENSF_24GenericContainerStrategyISI_Lb0ELb0EEEE8generateIJdEEENS0_ISI_EERKNS_6RandomEiDpRKNS_3GenIT_EEEUlRKS4_E_EENS0_INSt5decayIT_E4typeEEEOS11_RKT0_EUlOS4_E_EEE6retainEv:
    #####:   29:  void retain() override { m_count.fetch_add(1L); }
------------------
_ZN2rc10ShrinkableIdE14ShrinkableImplINS_10shrinkable6detail16LambdaShrinkableIZNKS_3GenIdEclERKNS_6RandomEiEUlvE_NS_2fn8ConstantINS_3SeqIS1_EEEEEEE6retainEv:
    #####:   29:  void retain() override { m_count.fetch_add(1L); }
------------------
        -:   30:
     930*:   31:  void release() override {
     930*:   32:    if (m_count.fetch_sub(1L) == 1L) {
     549*:   33:      delete this;
        -:   34:    }
     930*:   35:  }
------------------
_ZN2rc10ShrinkableISt5tupleIJSt6vectorIdSaIdEEEEE14ShrinkableImplINS_3gen6detail15TupleShrinkableINS_6detail11IntSequenceImJLm0EEEEJS4_EEEE7releaseEv:
      110:   31:  void release() override {
      110:   32:    if (m_count.fetch_sub(1L) == 1L) {
      110:   33:      delete this;
        -:   34:    }
      110:   35:  }
------------------
_ZN2rc10ShrinkableINS_6detail3AnyEE14ShrinkableImplINS_10shrinkable6detail13MapShrinkableISt5tupleIJSt6vectorIdSaIdEEEEPFS2_OSC_EEEE7releaseEv:
      483:   31:  void release() override {
      483:   32:    if (m_count.fetch_sub(1L) == 1L) {
      110:   33:      delete this;
        -:   34:    }
      483:   35:  }
------------------
_ZN2rc10ShrinkableISt6vectorIdSaIdEEE14ShrinkableImplINS_10shrinkable6detail16LambdaShrinkableIZNKS_3GenIS3_EclERKNS_6RandomEiEUlvE_NS_2fn8ConstantINS_3SeqIS4_EEEEEEE7releaseEv:
    #####:   31:  void release() override {
    #####:   32:    if (m_count.fetch_sub(1L) == 1L) {
    #####:   33:      delete this;
        -:   34:    }
    #####:   35:  }
------------------
_ZN2rc10ShrinkableISt5tupleIJSt6vectorIdSaIdEEEEE14ShrinkableImplINS_10shrinkable6detail16LambdaShrinkableIZNKS_3GenIS5_EclERKNS_6RandomEiEUlvE_NS_2fn8ConstantINS_3SeqIS6_EEEEEEE7releaseEv:
    #####:   31:  void release() override {
    #####:   32:    if (m_count.fetch_sub(1L) == 1L) {
    #####:   33:      delete this;
        -:   34:    }
    #####:   35:  }
------------------
_ZN2rc10ShrinkableISt4pairINS_6detail12TaggedResultENS_3gen6detail6RecipeEEE14ShrinkableImplINS_10shrinkable6detail20JustShrinkShrinkableIZNS5_20shrinkableWithRecipeINS2_15PropertyAdapterIZ10testSciNotvEUlRKSt6vectorIdSaIdEEE_FvSJ_EEEEENS0_IS1_INS2_18FunctionTraitsImplINSt5decayIT_E4typeEE10ReturnTypeES6_EEESP_S6_EUlvE_ZNSD_ISM_EESV_SP_S6_EUlOS7_E0_EEE7releaseEv:
        9:   31:  void release() override {
        9:   32:    if (m_count.fetch_sub(1L) == 1L) {
        9:   33:      delete this;
        -:   34:    }
        9:   35:  }
------------------
_ZN2rc10ShrinkableISt4pairINS_6detail12TaggedResultENS_3gen6detail6RecipeEEE14ShrinkableImplINS_10shrinkable6detail20JustShrinkShrinkableIZNS5_20shrinkableWithRecipeINS2_15PropertyAdapterIZ10testSciNotvEUlRKSt6vectorIdSaIdEEE0_FvSJ_EEEEENS0_IS1_INS2_18FunctionTraitsImplINSt5decayIT_E4typeEE10ReturnTypeES6_EEESP_S6_EUlvE_ZNSD_ISM_EESV_SP_S6_EUlOS7_E0_EEE7releaseEv:
      100:   31:  void release() override {
      100:   32:    if (m_count.fetch_sub(1L) == 1L) {
      100:   33:      delete this;
        -:   34:    }
      100:   35:  }
------------------
_ZN2rc10ShrinkableISt6vectorIdSaIdEEE14ShrinkableImplINS_10shrinkable6detail13MapShrinkableIS1_INS0_IdEESaIS9_EEPFS3_RKSB_EEEE7releaseEv:
      118:   31:  void release() override {
      118:   32:    if (m_count.fetch_sub(1L) == 1L) {
      110:   33:      delete this;
        -:   34:    }
      118:   35:  }
------------------
_ZN2rc10ShrinkableISt6vectorINS0_IdEESaIS2_EEE14ShrinkableImplINS_10shrinkable6detail20JustShrinkShrinkableINS_2fn8ConstantIS4_EEZNS7_11shrinkRecurIS4_ZNKS_3gen6detail15ContainerHelperIS1_IdSaIdEENSF_24GenericContainerStrategyISI_Lb0ELb0EEEE8generateIJdEEENS0_ISI_EERKNS_6RandomEiDpRKNS_3GenIT_EEEUlRKS4_E_EENS0_INSt5decayIT_E4typeEEEOS11_RKT0_EUlOS4_E_EEE7releaseEv:
      110:   31:  void release() override {
      110:   32:    if (m_count.fetch_sub(1L) == 1L) {
      110:   33:      delete this;
        -:   34:    }
      110:   35:  }
------------------
_ZN2rc10ShrinkableIdE14ShrinkableImplINS_10shrinkable6detail16LambdaShrinkableIZNKS_3GenIdEclERKNS_6RandomEiEUlvE_NS_2fn8ConstantINS_3SeqIS1_EEEEEEE7releaseEv:
    #####:   31:  void release() override {
    #####:   32:    if (m_count.fetch_sub(1L) == 1L) {
    #####:   33:      delete this;
        -:   34:    }
    #####:   35:  }
------------------
        -:   36:
        -:   37:private:
        -:   38:  const Impl m_impl;
        -:   39:  std::atomic<long> m_count;
        -:   40:};
        -:   41:
        -:   42:template <typename T>
     2953:   43:T Shrinkable<T>::value() const {
     2953:   44:  return m_impl->value();
        -:   45:}
------------------
_ZNK2rc10ShrinkableISt6vectorIdSaIdEEE5valueEv:
      114:   43:T Shrinkable<T>::value() const {
      114:   44:  return m_impl->value();
        -:   45:}
------------------
_ZNK2rc10ShrinkableISt5tupleIJSt6vectorIdSaIdEEEEE5valueEv:
      114:   43:T Shrinkable<T>::value() const {
      114:   44:  return m_impl->value();
        -:   45:}
------------------
_ZNK2rc10ShrinkableISt6vectorINS0_IdEESaIS2_EEE5valueEv:
      114:   43:T Shrinkable<T>::value() const {
      114:   44:  return m_impl->value();
        -:   45:}
------------------
_ZNK2rc10ShrinkableIdE5valueEv:
     2611:   43:T Shrinkable<T>::value() const {
     2611:   44:  return m_impl->value();
        -:   45:}
------------------
        -:   46:
        -:   47:template <typename T>
       11:   48:Seq<Shrinkable<T>> Shrinkable<T>::shrinks() const noexcept {
        -:   49:  try {
       11:   50:    return m_impl->shrinks();
    =====:   51:  } catch (...) {
    =====:   52:    return Seq<Shrinkable<T>>();
        -:   53:  }
        -:   54:}
------------------
_ZNK2rc10ShrinkableISt6vectorIdSaIdEEE7shrinksEv:
        3:   48:Seq<Shrinkable<T>> Shrinkable<T>::shrinks() const noexcept {
        -:   49:  try {
        3:   50:    return m_impl->shrinks();
    =====:   51:  } catch (...) {
    =====:   52:    return Seq<Shrinkable<T>>();
        -:   53:  }
        -:   54:}
------------------
_ZNK2rc10ShrinkableISt5tupleIJSt6vectorIdSaIdEEEEE7shrinksEv:
        3:   48:Seq<Shrinkable<T>> Shrinkable<T>::shrinks() const noexcept {
        -:   49:  try {
        3:   50:    return m_impl->shrinks();
    =====:   51:  } catch (...) {
    =====:   52:    return Seq<Shrinkable<T>>();
        -:   53:  }
        -:   54:}
------------------
_ZNK2rc10ShrinkableISt6vectorINS0_IdEESaIS2_EEE7shrinksEv:
        3:   48:Seq<Shrinkable<T>> Shrinkable<T>::shrinks() const noexcept {
        -:   49:  try {
        3:   50:    return m_impl->shrinks();
    =====:   51:  } catch (...) {
    =====:   52:    return Seq<Shrinkable<T>>();
        -:   53:  }
        -:   54:}
------------------
_ZNK2rc10ShrinkableIdE7shrinksEv:
        2:   48:Seq<Shrinkable<T>> Shrinkable<T>::shrinks() const noexcept {
        -:   49:  try {
        2:   50:    return m_impl->shrinks();
    =====:   51:  } catch (...) {
    =====:   52:    return Seq<Shrinkable<T>>();
        -:   53:  }
        -:   54:}
------------------
        -:   55:
        -:   56:template <typename T>
     3009:   57:Shrinkable<T>::Shrinkable(const Shrinkable &other) noexcept
     3009:   58:    : m_impl(other.m_impl) {
     3009:   59:  m_impl->retain();
     3009:   60:}
------------------
_ZN2rc10ShrinkableISt6vectorIdSaIdEEEC2ERKS4_:
        8:   57:Shrinkable<T>::Shrinkable(const Shrinkable &other) noexcept
        8:   58:    : m_impl(other.m_impl) {
        8:   59:  m_impl->retain();
        8:   60:}
------------------
_ZN2rc10ShrinkableIdEC2ERKS1_:
     2628:   57:Shrinkable<T>::Shrinkable(const Shrinkable &other) noexcept
     2628:   58:    : m_impl(other.m_impl) {
     2628:   59:  m_impl->retain();
     2628:   60:}
------------------
_ZN2rc10ShrinkableINS_6detail3AnyEEC2ERKS3_:
      373:   57:Shrinkable<T>::Shrinkable(const Shrinkable &other) noexcept
      373:   58:    : m_impl(other.m_impl) {
      373:   59:  m_impl->retain();
      373:   60:}
------------------
        -:   61:
        -:   62:template <typename T>
     3525:   63:Shrinkable<T>::Shrinkable(Shrinkable &&other) noexcept : m_impl(other.m_impl) {
     3525:   64:  other.m_impl = nullptr;
     3525:   65:}
------------------
_ZN2rc10ShrinkableISt5tupleIJSt6vectorIdSaIdEEEEEC2EOS6_:
      235:   63:Shrinkable<T>::Shrinkable(Shrinkable &&other) noexcept : m_impl(other.m_impl) {
      235:   64:  other.m_impl = nullptr;
      235:   65:}
------------------
_ZN2rc10ShrinkableIdEC2EOS1_:
     2607:   63:Shrinkable<T>::Shrinkable(Shrinkable &&other) noexcept : m_impl(other.m_impl) {
     2607:   64:  other.m_impl = nullptr;
     2607:   65:}
------------------
_ZN2rc10ShrinkableISt6vectorINS0_IdEESaIS2_EEEC2EOS5_:
      230:   63:Shrinkable<T>::Shrinkable(Shrinkable &&other) noexcept : m_impl(other.m_impl) {
      230:   64:  other.m_impl = nullptr;
      230:   65:}
------------------
_ZN2rc10ShrinkableISt6vectorIdSaIdEEEC2EOS4_:
      115:   63:Shrinkable<T>::Shrinkable(Shrinkable &&other) noexcept : m_impl(other.m_impl) {
      115:   64:  other.m_impl = nullptr;
      115:   65:}
------------------
_ZN2rc10ShrinkableISt4pairINS_6detail12TaggedResultENS_3gen6detail6RecipeEEEC2EOS8_:
      228:   63:Shrinkable<T>::Shrinkable(Shrinkable &&other) noexcept : m_impl(other.m_impl) {
      228:   64:  other.m_impl = nullptr;
      228:   65:}
------------------
_ZN2rc10ShrinkableINS_6detail3AnyEEC2EOS3_:
      110:   63:Shrinkable<T>::Shrinkable(Shrinkable &&other) noexcept : m_impl(other.m_impl) {
      110:   64:  other.m_impl = nullptr;
      110:   65:}
------------------
        -:   66:
        -:   67:template <typename T>
    #####:   68:Shrinkable<T> &Shrinkable<T>::operator=(const Shrinkable &other) noexcept {
    #####:   69:  other.m_impl->retain();
    #####:   70:  if (m_impl) {
    #####:   71:    m_impl->release();
        -:   72:  }
    #####:   73:  m_impl = other.m_impl;
    #####:   74:  return *this;
        -:   75:}
        -:   76:
        -:   77:template <typename T>
        6:   78:Shrinkable<T> &Shrinkable<T>::operator=(Shrinkable &&other) noexcept {
        6:   79:  if (m_impl) {
        6:   80:    m_impl->release();
        -:   81:  }
        6:   82:  m_impl = other.m_impl;
        6:   83:  other.m_impl = nullptr;
        6:   84:  return *this;
        -:   85:}
------------------
_ZN2rc10ShrinkableISt6vectorIdSaIdEEEaSEOS4_:
        5:   78:Shrinkable<T> &Shrinkable<T>::operator=(Shrinkable &&other) noexcept {
        5:   79:  if (m_impl) {
        5:   80:    m_impl->release();
        -:   81:  }
        5:   82:  m_impl = other.m_impl;
        5:   83:  other.m_impl = nullptr;
        5:   84:  return *this;
        -:   85:}
------------------
_ZN2rc10ShrinkableIdEaSEOS1_:
        1:   78:Shrinkable<T> &Shrinkable<T>::operator=(Shrinkable &&other) noexcept {
        1:   79:  if (m_impl) {
        1:   80:    m_impl->release();
        -:   81:  }
        1:   82:  m_impl = other.m_impl;
        1:   83:  other.m_impl = nullptr;
        1:   84:  return *this;
        -:   85:}
------------------
        -:   86:
        -:   87:template <typename T>
     9689:   88:Shrinkable<T>::~Shrinkable() noexcept {
     9689:   89:  if (m_impl) {
     6153:   90:    m_impl->release();
        -:   91:  }
     9689:   92:}
------------------
_ZN2rc10ShrinkableISt5tupleIJSt6vectorIdSaIdEEEEED2Ev:
      345:   88:Shrinkable<T>::~Shrinkable() noexcept {
      345:   89:  if (m_impl) {
      110:   90:    m_impl->release();
        -:   91:  }
      345:   92:}
------------------
_ZN2rc10ShrinkableIdED2Ev:
     7841:   88:Shrinkable<T>::~Shrinkable() noexcept {
     7841:   89:  if (m_impl) {
     5233:   90:    m_impl->release();
        -:   91:  }
     7841:   92:}
------------------
_ZN2rc10ShrinkableISt6vectorINS0_IdEESaIS2_EEED2Ev:
      340:   88:Shrinkable<T>::~Shrinkable() noexcept {
      340:   89:  if (m_impl) {
      110:   90:    m_impl->release();
        -:   91:  }
      340:   92:}
------------------
_ZN2rc10ShrinkableISt6vectorIdSaIdEEED2Ev:
      233:   88:Shrinkable<T>::~Shrinkable() noexcept {
      233:   89:  if (m_impl) {
      113:   90:    m_impl->release();
        -:   91:  }
      233:   92:}
------------------
_ZN2rc10ShrinkableISt4pairINS_6detail12TaggedResultENS_3gen6detail6RecipeEEED2Ev:
      337:   88:Shrinkable<T>::~Shrinkable() noexcept {
      337:   89:  if (m_impl) {
      109:   90:    m_impl->release();
        -:   91:  }
      337:   92:}
------------------
_ZN2rc10ShrinkableINS_6detail3AnyEED2Ev:
      593:   88:Shrinkable<T>::~Shrinkable() noexcept {
      593:   89:  if (m_impl) {
      478:   90:    m_impl->release();
        -:   91:  }
      593:   92:}
------------------
        -:   93:
        -:   94:template <typename Impl, typename... Args>
        -:   95:Shrinkable<Decay<decltype(std::declval<Impl>().value())>>
     549*:   96:makeShrinkable(Args &&... args) {
        -:   97:  using T = decltype(std::declval<Impl>().value());
        -:   98:  using ShrinkableImpl = typename Shrinkable<T>::template ShrinkableImpl<Impl>;
        -:   99:
     549*:  100:  Shrinkable<T> shrinkable;
     549*:  101:  shrinkable.m_impl = new ShrinkableImpl(std::forward<Args>(args)...);
     549*:  102:  return shrinkable;
        -:  103:}
        -:  104:
        -:  105:template <typename T>
        -:  106:bool operator==(const Shrinkable<T> &lhs, const Shrinkable<T> &rhs) {
        -:  107:  return (lhs.value() == rhs.value()) && (lhs.shrinks() == rhs.shrinks());
        -:  108:}
        -:  109:
        -:  110:template <typename T>
        -:  111:bool operator!=(const Shrinkable<T> &lhs, const Shrinkable<T> &rhs) {
        -:  112:  return !(lhs == rhs);
        -:  113:}
        -:  114:
        -:  115:} // namespace rc
