        -:    0:Source:/usr/include/c++/8/bits/stl_vector.h
        -:    0:Graph:sciNot5.gcno
        -:    0:Data:sciNot5.gcda
        -:    0:Runs:1
        -:    0:Programs:1
        -:    1:// Vector implementation -*- C++ -*-
        -:    2:
        -:    3:// Copyright (C) 2001-2018 Free Software Foundation, Inc.
        -:    4://
        -:    5:// This file is part of the GNU ISO C++ Library.  This library is free
        -:    6:// software; you can redistribute it and/or modify it under the
        -:    7:// terms of the GNU General Public License as published by the
        -:    8:// Free Software Foundation; either version 3, or (at your option)
        -:    9:// any later version.
        -:   10:
        -:   11:// This library is distributed in the hope that it will be useful,
        -:   12:// but WITHOUT ANY WARRANTY; without even the implied warranty of
        -:   13:// MERCHANTABILITY or FITNESS FOR A PARTICULAR PURPOSE.  See the
        -:   14:// GNU General Public License for more details.
        -:   15:
        -:   16:// Under Section 7 of GPL version 3, you are granted additional
        -:   17:// permissions described in the GCC Runtime Library Exception, version
        -:   18:// 3.1, as published by the Free Software Foundation.
        -:   19:
        -:   20:// You should have received a copy of the GNU General Public License and
        -:   21:// a copy of the GCC Runtime Library Exception along with this program;
        -:   22:// see the files COPYING3 and COPYING.RUNTIME respectively.  If not, see
        -:   23:// <http://www.gnu.org/licenses/>.
        -:   24:
        -:   25:/*
        -:   26: *
        -:   27: * Copyright (c) 1994
        -:   28: * Hewlett-Packard Company
        -:   29: *
        -:   30: * Permission to use, copy, modify, distribute and sell this software
        -:   31: * and its documentation for any purpose is hereby granted without fee,
        -:   32: * provided that the above copyright notice appear in all copies and
        -:   33: * that both that copyright notice and this permission notice appear
        -:   34: * in supporting documentation.  Hewlett-Packard Company makes no
        -:   35: * representations about the suitability of this software for any
        -:   36: * purpose.  It is provided "as is" without express or implied warranty.
        -:   37: *
        -:   38: *
        -:   39: * Copyright (c) 1996
        -:   40: * Silicon Graphics Computer Systems, Inc.
        -:   41: *
        -:   42: * Permission to use, copy, modify, distribute and sell this software
        -:   43: * and its documentation for any purpose is hereby granted without fee,
        -:   44: * provided that the above copyright notice appear in all copies and
        -:   45: * that both that copyright notice and this permission notice appear
        -:   46: * in supporting documentation.  Silicon Graphics makes no
        -:   47: * representations about the suitability of this  software for any
        -:   48: * purpose.  It is provided "as is" without express or implied warranty.
        -:   49: */
        -:   50:
        -:   51:/** @file bits/stl_vector.h
        -:   52: *  This is an internal header file, included by other library headers.
        -:   53: *  Do not attempt to use it directly. @headername{vector}
        -:   54: */
        -:   55:
        -:   56:#ifndef _STL_VECTOR_H
        -:   57:#define _STL_VECTOR_H 1
        -:   58:
        -:   59:#include <bits/stl_iterator_base_funcs.h>
        -:   60:#include <bits/functexcept.h>
        -:   61:#include <bits/concept_check.h>
        -:   62:#if __cplusplus >= 201103L
        -:   63:#include <initializer_list>
        -:   64:#endif
        -:   65:
        -:   66:#include <debug/assertions.h>
        -:   67:
        -:   68:#if _GLIBCXX_SANITIZE_STD_ALLOCATOR && _GLIBCXX_SANITIZE_VECTOR
        -:   69:extern "C" void
        -:   70:__sanitizer_annotate_contiguous_container(const void*, const void*,
        -:   71:					  const void*, const void*);
        -:   72:#endif
        -:   73:
        -:   74:namespace std _GLIBCXX_VISIBILITY(default)
        -:   75:{
        -:   76:_GLIBCXX_BEGIN_NAMESPACE_VERSION
        -:   77:_GLIBCXX_BEGIN_NAMESPACE_CONTAINER
        -:   78:
        -:   79:  /// See bits/stl_deque.h's _Deque_base for an explanation.
        -:   80:  template<typename _Tp, typename _Alloc>
        -:   81:    struct _Vector_base
        -:   82:    {
        -:   83:      typedef typename __gnu_cxx::__alloc_traits<_Alloc>::template
        -:   84:	rebind<_Tp>::other _Tp_alloc_type;
        -:   85:      typedef typename __gnu_cxx::__alloc_traits<_Tp_alloc_type>::pointer
        -:   86:       	pointer;
        -:   87:
        -:   88:      struct _Vector_impl
        -:   89:      : public _Tp_alloc_type
        -:   90:      {
        -:   91:	pointer _M_start;
        -:   92:	pointer _M_finish;
        -:   93:	pointer _M_end_of_storage;
        -:   94:
      222:   95:	_Vector_impl()
      222:   96:	: _Tp_alloc_type(), _M_start(), _M_finish(), _M_end_of_storage()
      222:   97:	{ }
------------------
_ZNSt12_Vector_baseIN2rc10ShrinkableIdEESaIS2_EE12_Vector_implC2Ev:
      113:   95:	_Vector_impl()
      113:   96:	: _Tp_alloc_type(), _M_start(), _M_finish(), _M_end_of_storage()
      113:   97:	{ }
------------------
_ZNSt12_Vector_baseISt4pairIPN2rc6detail15PropertyContextEmESaIS5_EE12_Vector_implC2Ev:
        1:   95:	_Vector_impl()
        1:   96:	: _Tp_alloc_type(), _M_start(), _M_finish(), _M_end_of_storage()
        1:   97:	{ }
------------------
_ZNSt12_Vector_baseISt4pairIPN2rc3gen6detail17GenerationHandlerEmESaIS6_EE12_Vector_implC2Ev:
        1:   95:	_Vector_impl()
        1:   96:	: _Tp_alloc_type(), _M_start(), _M_finish(), _M_end_of_storage()
        1:   97:	{ }
------------------
_ZNSt12_Vector_baseIN2rc3gen6detail6Recipe10IngredientESaIS4_EE12_Vector_implC2Ev:
      107:   95:	_Vector_impl()
      107:   96:	: _Tp_alloc_type(), _M_start(), _M_finish(), _M_end_of_storage()
      107:   97:	{ }
------------------
        -:   98:
     1067:   99:	_Vector_impl(_Tp_alloc_type const& __a) _GLIBCXX_NOEXCEPT
     1067:  100:	: _Tp_alloc_type(__a), _M_start(), _M_finish(), _M_end_of_storage()
     1067:  101:	{ }
------------------
_ZNSt12_Vector_baseIdSaIdEE12_Vector_implC2ERKS0_:
      119:   99:	_Vector_impl(_Tp_alloc_type const& __a) _GLIBCXX_NOEXCEPT
      119:  100:	: _Tp_alloc_type(__a), _M_start(), _M_finish(), _M_end_of_storage()
      119:  101:	{ }
------------------
_ZNSt12_Vector_baseIN2rc10ShrinkableIdEESaIS2_EE12_Vector_implC2ERKS3_:
      128:   99:	_Vector_impl(_Tp_alloc_type const& __a) _GLIBCXX_NOEXCEPT
      128:  100:	: _Tp_alloc_type(__a), _M_start(), _M_finish(), _M_end_of_storage()
      128:  101:	{ }
------------------
_ZNSt12_Vector_baseIN2rc3gen6detail6Recipe10IngredientESaIS4_EE12_Vector_implC2ERKS5_:
      820:   99:	_Vector_impl(_Tp_alloc_type const& __a) _GLIBCXX_NOEXCEPT
      820:  100:	: _Tp_alloc_type(__a), _M_start(), _M_finish(), _M_end_of_storage()
      820:  101:	{ }
------------------
        -:  102:
        -:  103:#if __cplusplus >= 201103L
     1075:  104:	_Vector_impl(_Tp_alloc_type&& __a) noexcept
     1075:  105:	: _Tp_alloc_type(std::move(__a)),
     1075:  106:	  _M_start(), _M_finish(), _M_end_of_storage()
     1075:  107:	{ }
------------------
_ZNSt12_Vector_baseIN2rc10ShrinkableIdEESaIS2_EE12_Vector_implC2EOS3_:
      246:  104:	_Vector_impl(_Tp_alloc_type&& __a) noexcept
      246:  105:	: _Tp_alloc_type(std::move(__a)),
      246:  106:	  _M_start(), _M_finish(), _M_end_of_storage()
      246:  107:	{ }
------------------
_ZNSt12_Vector_baseIdSaIdEE12_Vector_implC2EOS0_:
      353:  104:	_Vector_impl(_Tp_alloc_type&& __a) noexcept
      353:  105:	: _Tp_alloc_type(std::move(__a)),
      353:  106:	  _M_start(), _M_finish(), _M_end_of_storage()
      353:  107:	{ }
------------------
_ZNSt12_Vector_baseIN2rc3gen6detail6Recipe10IngredientESaIS4_EE12_Vector_implC2EOS5_:
      359:  104:	_Vector_impl(_Tp_alloc_type&& __a) noexcept
      359:  105:	: _Tp_alloc_type(std::move(__a)),
      359:  106:	  _M_start(), _M_finish(), _M_end_of_storage()
      359:  107:	{ }
------------------
_ZNSt12_Vector_baseINSt7__cxx1112basic_stringIcSt11char_traitsIcESaIcEEESaIS5_EE12_Vector_implC2EOS6_:
      117:  104:	_Vector_impl(_Tp_alloc_type&& __a) noexcept
      117:  105:	: _Tp_alloc_type(std::move(__a)),
      117:  106:	  _M_start(), _M_finish(), _M_end_of_storage()
      117:  107:	{ }
------------------
        -:  108:#endif
        -:  109:
     1303:  110:	void _M_swap_data(_Vector_impl& __x) _GLIBCXX_NOEXCEPT
        -:  111:	{
     1303:  112:	  std::swap(_M_start, __x._M_start);
     1303:  113:	  std::swap(_M_finish, __x._M_finish);
     1303:  114:	  std::swap(_M_end_of_storage, __x._M_end_of_storage);
     1303:  115:	}
------------------
_ZNSt12_Vector_baseIN2rc10ShrinkableIdEESaIS2_EE12_Vector_impl12_M_swap_dataERS5_:
      246:  110:	void _M_swap_data(_Vector_impl& __x) _GLIBCXX_NOEXCEPT
        -:  111:	{
      246:  112:	  std::swap(_M_start, __x._M_start);
      246:  113:	  std::swap(_M_finish, __x._M_finish);
      246:  114:	  std::swap(_M_end_of_storage, __x._M_end_of_storage);
      246:  115:	}
------------------
_ZNSt12_Vector_baseIdSaIdEE12_Vector_impl12_M_swap_dataERS2_:
      353:  110:	void _M_swap_data(_Vector_impl& __x) _GLIBCXX_NOEXCEPT
        -:  111:	{
      353:  112:	  std::swap(_M_start, __x._M_start);
      353:  113:	  std::swap(_M_finish, __x._M_finish);
      353:  114:	  std::swap(_M_end_of_storage, __x._M_end_of_storage);
      353:  115:	}
------------------
_ZNSt12_Vector_baseIN2rc3gen6detail6Recipe10IngredientESaIS4_EE12_Vector_impl12_M_swap_dataERS7_:
      359:  110:	void _M_swap_data(_Vector_impl& __x) _GLIBCXX_NOEXCEPT
        -:  111:	{
      359:  112:	  std::swap(_M_start, __x._M_start);
      359:  113:	  std::swap(_M_finish, __x._M_finish);
      359:  114:	  std::swap(_M_end_of_storage, __x._M_end_of_storage);
      359:  115:	}
------------------
_ZNSt12_Vector_baseINSt7__cxx1112basic_stringIcSt11char_traitsIcESaIcEEESaIS5_EE12_Vector_impl12_M_swap_dataERS8_:
      345:  110:	void _M_swap_data(_Vector_impl& __x) _GLIBCXX_NOEXCEPT
        -:  111:	{
      345:  112:	  std::swap(_M_start, __x._M_start);
      345:  113:	  std::swap(_M_finish, __x._M_finish);
      345:  114:	  std::swap(_M_end_of_storage, __x._M_end_of_storage);
      345:  115:	}
------------------
        -:  116:
        -:  117:#if _GLIBCXX_SANITIZE_STD_ALLOCATOR && _GLIBCXX_SANITIZE_VECTOR
        -:  118:	template<typename = _Tp_alloc_type>
        -:  119:	  struct _Asan
        -:  120:	  {
        -:  121:	    typedef typename __gnu_cxx::__alloc_traits<_Tp_alloc_type>
        -:  122:	      ::size_type size_type;
        -:  123:
        -:  124:	    static void _S_shrink(_Vector_impl&, size_type) { }
        -:  125:	    static void _S_on_dealloc(_Vector_impl&) { }
        -:  126:
        -:  127:	    typedef _Vector_impl& _Reinit;
        -:  128:
        -:  129:	    struct _Grow
        -:  130:	    {
        -:  131:	      _Grow(_Vector_impl&, size_type) { }
        -:  132:	      void _M_grew(size_type) { }
        -:  133:	    };
        -:  134:	  };
        -:  135:
        -:  136:	// Enable ASan annotations for memory obtained from std::allocator.
        -:  137:	template<typename _Up>
        -:  138:	  struct _Asan<allocator<_Up> >
        -:  139:	  {
        -:  140:	    typedef typename __gnu_cxx::__alloc_traits<_Tp_alloc_type>
        -:  141:	      ::size_type size_type;
        -:  142:
        -:  143:	    // Adjust ASan annotation for [_M_start, _M_end_of_storage) to
        -:  144:	    // mark end of valid region as __curr instead of __prev.
        -:  145:	    static void
        -:  146:	    _S_adjust(_Vector_impl& __impl, pointer __prev, pointer __curr)
        -:  147:	    {
        -:  148:	      __sanitizer_annotate_contiguous_container(__impl._M_start,
        -:  149:		  __impl._M_end_of_storage, __prev, __curr);
        -:  150:	    }
        -:  151:
        -:  152:	    static void
        -:  153:	    _S_grow(_Vector_impl& __impl, size_type __n)
        -:  154:	    { _S_adjust(__impl, __impl._M_finish, __impl._M_finish + __n); }
        -:  155:
        -:  156:	    static void
        -:  157:	    _S_shrink(_Vector_impl& __impl, size_type __n)
        -:  158:	    { _S_adjust(__impl, __impl._M_finish + __n, __impl._M_finish); }
        -:  159:
        -:  160:	    static void
        -:  161:	    _S_on_dealloc(_Vector_impl& __impl)
        -:  162:	    {
        -:  163:	      if (__impl._M_start)
        -:  164:		_S_adjust(__impl, __impl._M_finish, __impl._M_end_of_storage);
        -:  165:	    }
        -:  166:
        -:  167:	    // Used on reallocation to tell ASan unused capacity is invalid.
        -:  168:	    struct _Reinit
        -:  169:	    {
        -:  170:	      explicit _Reinit(_Vector_impl& __impl) : _M_impl(__impl)
        -:  171:	      {
        -:  172:		// Mark unused capacity as valid again before deallocating it.
        -:  173:		_S_on_dealloc(_M_impl);
        -:  174:	      }
        -:  175:
        -:  176:	      ~_Reinit()
        -:  177:	      {
        -:  178:		// Mark unused capacity as invalid after reallocation.
        -:  179:		if (_M_impl._M_start)
        -:  180:		  _S_adjust(_M_impl, _M_impl._M_end_of_storage,
        -:  181:			    _M_impl._M_finish);
        -:  182:	      }
        -:  183:
        -:  184:	      _Vector_impl& _M_impl;
        -:  185:
        -:  186:#if __cplusplus >= 201103L
        -:  187:	      _Reinit(const _Reinit&) = delete;
        -:  188:	      _Reinit& operator=(const _Reinit&) = delete;
        -:  189:#endif
        -:  190:	    };
        -:  191:
        -:  192:	    // Tell ASan when unused capacity is initialized to be valid.
        -:  193:	    struct _Grow
        -:  194:	    {
        -:  195:	      _Grow(_Vector_impl& __impl, size_type __n)
        -:  196:	      : _M_impl(__impl), _M_n(__n)
        -:  197:	      { _S_grow(_M_impl, __n); }
        -:  198:
        -:  199:	      ~_Grow() { if (_M_n) _S_shrink(_M_impl, _M_n); }
        -:  200:
        -:  201:	      void _M_grew(size_type __n) { _M_n -= __n; }
        -:  202:
        -:  203:#if __cplusplus >= 201103L
        -:  204:	      _Grow(const _Grow&) = delete;
        -:  205:	      _Grow& operator=(const _Grow&) = delete;
        -:  206:#endif
        -:  207:	    private:
        -:  208:	      _Vector_impl& _M_impl;
        -:  209:	      size_type _M_n;
        -:  210:	    };
        -:  211:	  };
        -:  212:
        -:  213:#define _GLIBCXX_ASAN_ANNOTATE_REINIT \
        -:  214:  typename _Base::_Vector_impl::template _Asan<>::_Reinit const \
        -:  215:	__attribute__((__unused__)) __reinit_guard(this->_M_impl)
        -:  216:#define _GLIBCXX_ASAN_ANNOTATE_GROW(n) \
        -:  217:  typename _Base::_Vector_impl::template _Asan<>::_Grow \
        -:  218:	__attribute__((__unused__)) __grow_guard(this->_M_impl, (n))
        -:  219:#define _GLIBCXX_ASAN_ANNOTATE_GREW(n) __grow_guard._M_grew(n)
        -:  220:#define _GLIBCXX_ASAN_ANNOTATE_SHRINK(n) \
        -:  221:  _Base::_Vector_impl::template _Asan<>::_S_shrink(this->_M_impl, n)
        -:  222:#define _GLIBCXX_ASAN_ANNOTATE_BEFORE_DEALLOC \
        -:  223:  _Base::_Vector_impl::template _Asan<>::_S_on_dealloc(this->_M_impl)
        -:  224:#else // ! (_GLIBCXX_SANITIZE_STD_ALLOCATOR && _GLIBCXX_SANITIZE_VECTOR)
        -:  225:#define _GLIBCXX_ASAN_ANNOTATE_REINIT
        -:  226:#define _GLIBCXX_ASAN_ANNOTATE_GROW(n)
        -:  227:#define _GLIBCXX_ASAN_ANNOTATE_GREW(n)
        -:  228:#define _GLIBCXX_ASAN_ANNOTATE_SHRINK(n)
        -:  229:#define _GLIBCXX_ASAN_ANNOTATE_BEFORE_DEALLOC
        -:  230:#endif // _GLIBCXX_SANITIZE_STD_ALLOCATOR && _GLIBCXX_SANITIZE_VECTOR
        -:  231:      };
        -:  232:
        -:  233:    public:
        -:  234:      typedef _Alloc allocator_type;
        -:  235:
        -:  236:      _Tp_alloc_type&
     7932:  237:      _M_get_Tp_allocator() _GLIBCXX_NOEXCEPT
     7932:  238:      { return *static_cast<_Tp_alloc_type*>(&this->_M_impl); }
------------------
_ZNSt12_Vector_baseIN2rc10ShrinkableIdEESaIS2_EE19_M_get_Tp_allocatorEv:
     1067:  237:      _M_get_Tp_allocator() _GLIBCXX_NOEXCEPT
     1067:  238:      { return *static_cast<_Tp_alloc_type*>(&this->_M_impl); }
------------------
_ZNSt12_Vector_baseISt4pairIPN2rc6detail15PropertyContextEmESaIS5_EE19_M_get_Tp_allocatorEv:
        4:  237:      _M_get_Tp_allocator() _GLIBCXX_NOEXCEPT
        4:  238:      { return *static_cast<_Tp_alloc_type*>(&this->_M_impl); }
------------------
_ZNSt12_Vector_baseIPFvvESaIS1_EE19_M_get_Tp_allocatorEv:
      117:  237:      _M_get_Tp_allocator() _GLIBCXX_NOEXCEPT
      117:  238:      { return *static_cast<_Tp_alloc_type*>(&this->_M_impl); }
------------------
_ZNSt12_Vector_baseISt4pairIPN2rc3gen6detail17GenerationHandlerEmESaIS6_EE19_M_get_Tp_allocatorEv:
        4:  237:      _M_get_Tp_allocator() _GLIBCXX_NOEXCEPT
        4:  238:      { return *static_cast<_Tp_alloc_type*>(&this->_M_impl); }
------------------
_ZNSt12_Vector_baseIdSaIdEE19_M_get_Tp_allocatorEv:
     2400:  237:      _M_get_Tp_allocator() _GLIBCXX_NOEXCEPT
     2400:  238:      { return *static_cast<_Tp_alloc_type*>(&this->_M_impl); }
------------------
_ZNSt12_Vector_baseINSt7__cxx1112basic_stringIcSt11char_traitsIcESaIcEEESaIS5_EE19_M_get_Tp_allocatorEv:
     1509:  237:      _M_get_Tp_allocator() _GLIBCXX_NOEXCEPT
     1509:  238:      { return *static_cast<_Tp_alloc_type*>(&this->_M_impl); }
------------------
_ZNSt12_Vector_baseISt4pairINSt7__cxx1112basic_stringIcSt11char_traitsIcESaIcEEES6_ESaIS7_EE19_M_get_Tp_allocatorEv:
       17:  237:      _M_get_Tp_allocator() _GLIBCXX_NOEXCEPT
       17:  238:      { return *static_cast<_Tp_alloc_type*>(&this->_M_impl); }
------------------
_ZNSt12_Vector_baseImSaImEE19_M_get_Tp_allocatorEv:
       25:  237:      _M_get_Tp_allocator() _GLIBCXX_NOEXCEPT
       25:  238:      { return *static_cast<_Tp_alloc_type*>(&this->_M_impl); }
------------------
_ZNSt12_Vector_baseIN2rc3gen6detail6Recipe10IngredientESaIS4_EE19_M_get_Tp_allocatorEv:
     2789:  237:      _M_get_Tp_allocator() _GLIBCXX_NOEXCEPT
     2789:  238:      { return *static_cast<_Tp_alloc_type*>(&this->_M_impl); }
------------------
        -:  239:
        -:  240:      const _Tp_alloc_type&
    2330*:  241:      _M_get_Tp_allocator() const _GLIBCXX_NOEXCEPT
    2330*:  242:      { return *static_cast<const _Tp_alloc_type*>(&this->_M_impl); }
------------------
_ZNKSt12_Vector_baseIdSaIdEE19_M_get_Tp_allocatorEv:
     1049:  241:      _M_get_Tp_allocator() const _GLIBCXX_NOEXCEPT
     1049:  242:      { return *static_cast<const _Tp_alloc_type*>(&this->_M_impl); }
------------------
_ZNKSt12_Vector_baseISt4pairIPN2rc6detail15PropertyContextEmESaIS5_EE19_M_get_Tp_allocatorEv:
        2:  241:      _M_get_Tp_allocator() const _GLIBCXX_NOEXCEPT
        2:  242:      { return *static_cast<const _Tp_alloc_type*>(&this->_M_impl); }
------------------
_ZNKSt12_Vector_baseIN2rc10ShrinkableIdEESaIS2_EE19_M_get_Tp_allocatorEv:
      241:  241:      _M_get_Tp_allocator() const _GLIBCXX_NOEXCEPT
      241:  242:      { return *static_cast<const _Tp_alloc_type*>(&this->_M_impl); }
------------------
_ZNKSt12_Vector_baseIPFvvESaIS1_EE19_M_get_Tp_allocatorEv:
    #####:  241:      _M_get_Tp_allocator() const _GLIBCXX_NOEXCEPT
    #####:  242:      { return *static_cast<const _Tp_alloc_type*>(&this->_M_impl); }
------------------
_ZNKSt12_Vector_baseISt4pairIPN2rc3gen6detail17GenerationHandlerEmESaIS6_EE19_M_get_Tp_allocatorEv:
        2:  241:      _M_get_Tp_allocator() const _GLIBCXX_NOEXCEPT
        2:  242:      { return *static_cast<const _Tp_alloc_type*>(&this->_M_impl); }
------------------
_ZNKSt12_Vector_baseIN2rc3gen6detail6Recipe10IngredientESaIS4_EE19_M_get_Tp_allocatorEv:
     1036:  241:      _M_get_Tp_allocator() const _GLIBCXX_NOEXCEPT
     1036:  242:      { return *static_cast<const _Tp_alloc_type*>(&this->_M_impl); }
------------------
        -:  243:
        -:  244:      allocator_type
        -:  245:      get_allocator() const _GLIBCXX_NOEXCEPT
        -:  246:      { return allocator_type(_M_get_Tp_allocator()); }
        -:  247:
      222:  248:      _Vector_base()
      222:  249:      : _M_impl() { }
------------------
_ZNSt12_Vector_baseIN2rc10ShrinkableIdEESaIS2_EEC2Ev:
      113:  248:      _Vector_base()
      113:  249:      : _M_impl() { }
------------------
_ZNSt12_Vector_baseISt4pairIPN2rc6detail15PropertyContextEmESaIS5_EEC2Ev:
        1:  248:      _Vector_base()
        1:  249:      : _M_impl() { }
------------------
_ZNSt12_Vector_baseISt4pairIPN2rc3gen6detail17GenerationHandlerEmESaIS6_EEC2Ev:
        1:  248:      _Vector_base()
        1:  249:      : _M_impl() { }
------------------
_ZNSt12_Vector_baseIN2rc3gen6detail6Recipe10IngredientESaIS4_EEC2Ev:
      107:  248:      _Vector_base()
      107:  249:      : _M_impl() { }
------------------
        -:  250:
      118:  251:      _Vector_base(const allocator_type& __a) _GLIBCXX_NOEXCEPT
      118:  252:      : _M_impl(__a) { }
        -:  253:
        -:  254:      _Vector_base(size_t __n)
        -:  255:      : _M_impl()
        -:  256:      { _M_create_storage(__n); }
        -:  257:
      948:  258:      _Vector_base(size_t __n, const allocator_type& __a)
      948:  259:      : _M_impl(__a)
      948:  260:      { _M_create_storage(__n); }
------------------
_ZNSt12_Vector_baseIN2rc10ShrinkableIdEESaIS2_EEC2EmRKS3_:
      128:  258:      _Vector_base(size_t __n, const allocator_type& __a)
      128:  259:      : _M_impl(__a)
      128:  260:      { _M_create_storage(__n); }
------------------
_ZNSt12_Vector_baseIN2rc3gen6detail6Recipe10IngredientESaIS4_EEC2EmRKS5_:
      820:  258:      _Vector_base(size_t __n, const allocator_type& __a)
      820:  259:      : _M_impl(__a)
      820:  260:      { _M_create_storage(__n); }
------------------
        -:  261:
        -:  262:#if __cplusplus >= 201103L
        -:  263:      _Vector_base(_Tp_alloc_type&& __a) noexcept
        -:  264:      : _M_impl(std::move(__a)) { }
        -:  265:
     1075:  266:      _Vector_base(_Vector_base&& __x) noexcept
     1075:  267:      : _M_impl(std::move(__x._M_get_Tp_allocator()))
     1075:  268:      { this->_M_impl._M_swap_data(__x._M_impl); }
------------------
_ZNSt12_Vector_baseIN2rc10ShrinkableIdEESaIS2_EEC2EOS4_:
      246:  266:      _Vector_base(_Vector_base&& __x) noexcept
      246:  267:      : _M_impl(std::move(__x._M_get_Tp_allocator()))
      246:  268:      { this->_M_impl._M_swap_data(__x._M_impl); }
------------------
_ZNSt12_Vector_baseIdSaIdEEC2EOS1_:
      353:  266:      _Vector_base(_Vector_base&& __x) noexcept
      353:  267:      : _M_impl(std::move(__x._M_get_Tp_allocator()))
      353:  268:      { this->_M_impl._M_swap_data(__x._M_impl); }
------------------
_ZNSt12_Vector_baseIN2rc3gen6detail6Recipe10IngredientESaIS4_EEC2EOS6_:
      359:  266:      _Vector_base(_Vector_base&& __x) noexcept
      359:  267:      : _M_impl(std::move(__x._M_get_Tp_allocator()))
      359:  268:      { this->_M_impl._M_swap_data(__x._M_impl); }
------------------
_ZNSt12_Vector_baseINSt7__cxx1112basic_stringIcSt11char_traitsIcESaIcEEESaIS5_EEC2EOS7_:
      117:  266:      _Vector_base(_Vector_base&& __x) noexcept
      117:  267:      : _M_impl(std::move(__x._M_get_Tp_allocator()))
      117:  268:      { this->_M_impl._M_swap_data(__x._M_impl); }
------------------
        -:  269:
        -:  270:      _Vector_base(_Vector_base&& __x, const allocator_type& __a)
        -:  271:      : _M_impl(__a)
        -:  272:      {
        -:  273:	if (__x.get_allocator() == __a)
        -:  274:	  this->_M_impl._M_swap_data(__x._M_impl);
        -:  275:	else
        -:  276:	  {
        -:  277:	    size_t __n = __x._M_impl._M_finish - __x._M_impl._M_start;
        -:  278:	    _M_create_storage(__n);
        -:  279:	  }
        -:  280:      }
        -:  281:#endif
        -:  282:
     2963:  283:      ~_Vector_base() _GLIBCXX_NOEXCEPT
        -:  284:      {
     2963:  285:	_M_deallocate(_M_impl._M_start,
     2963:  286:		      _M_impl._M_end_of_storage - _M_impl._M_start);
     2963:  287:      }
------------------
_ZNSt12_Vector_baseIN2rc10ShrinkableIdEESaIS2_EED2Ev:
      487:  283:      ~_Vector_base() _GLIBCXX_NOEXCEPT
        -:  284:      {
      487:  285:	_M_deallocate(_M_impl._M_start,
      487:  286:		      _M_impl._M_end_of_storage - _M_impl._M_start);
      487:  287:      }
------------------
_ZNSt12_Vector_baseISt4pairIPN2rc6detail15PropertyContextEmESaIS5_EED2Ev:
        1:  283:      ~_Vector_base() _GLIBCXX_NOEXCEPT
        -:  284:      {
        1:  285:	_M_deallocate(_M_impl._M_start,
        1:  286:		      _M_impl._M_end_of_storage - _M_impl._M_start);
        1:  287:      }
------------------
_ZNSt12_Vector_baseISt4pairIPN2rc3gen6detail17GenerationHandlerEmESaIS6_EED2Ev:
        1:  283:      ~_Vector_base() _GLIBCXX_NOEXCEPT
        -:  284:      {
        1:  285:	_M_deallocate(_M_impl._M_start,
        1:  286:		      _M_impl._M_end_of_storage - _M_impl._M_start);
        1:  287:      }
------------------
_ZNSt12_Vector_baseIdSaIdEED2Ev:
      474:  283:      ~_Vector_base() _GLIBCXX_NOEXCEPT
        -:  284:      {
      474:  285:	_M_deallocate(_M_impl._M_start,
      474:  286:		      _M_impl._M_end_of_storage - _M_impl._M_start);
      474:  287:      }
------------------
_ZNSt12_Vector_baseINSt7__cxx1112basic_stringIcSt11char_traitsIcESaIcEEESaIS5_EED2Ev:
      696:  283:      ~_Vector_base() _GLIBCXX_NOEXCEPT
        -:  284:      {
      696:  285:	_M_deallocate(_M_impl._M_start,
      696:  286:		      _M_impl._M_end_of_storage - _M_impl._M_start);
      696:  287:      }
------------------
_ZNSt12_Vector_baseISt4pairINSt7__cxx1112basic_stringIcSt11char_traitsIcESaIcEEES6_ESaIS7_EED2Ev:
        8:  283:      ~_Vector_base() _GLIBCXX_NOEXCEPT
        -:  284:      {
        8:  285:	_M_deallocate(_M_impl._M_start,
        8:  286:		      _M_impl._M_end_of_storage - _M_impl._M_start);
        8:  287:      }
------------------
_ZNSt12_Vector_baseImSaImEED2Ev:
       10:  283:      ~_Vector_base() _GLIBCXX_NOEXCEPT
        -:  284:      {
       10:  285:	_M_deallocate(_M_impl._M_start,
       10:  286:		      _M_impl._M_end_of_storage - _M_impl._M_start);
       10:  287:      }
------------------
_ZNSt12_Vector_baseIN2rc3gen6detail6Recipe10IngredientESaIS4_EED2Ev:
     1286:  283:      ~_Vector_base() _GLIBCXX_NOEXCEPT
        -:  284:      {
     1286:  285:	_M_deallocate(_M_impl._M_start,
     1286:  286:		      _M_impl._M_end_of_storage - _M_impl._M_start);
     1286:  287:      }
------------------
        -:  288:
        -:  289:    public:
        -:  290:      _Vector_impl _M_impl;
        -:  291:
        -:  292:      pointer
    1684*:  293:      _M_allocate(size_t __n)
        -:  294:      {
        -:  295:	typedef __gnu_cxx::__alloc_traits<_Tp_alloc_type> _Tr;
    1684*:  296:	return __n != 0 ? _Tr::allocate(_M_impl, __n) : pointer();
        -:  297:      }
------------------
_ZNSt12_Vector_baseIdSaIdEE11_M_allocateEm:
      525:  293:      _M_allocate(size_t __n)
        -:  294:      {
        -:  295:	typedef __gnu_cxx::__alloc_traits<_Tp_alloc_type> _Tr;
     525*:  296:	return __n != 0 ? _Tr::allocate(_M_impl, __n) : pointer();
        -:  297:      }
------------------
_ZNSt12_Vector_baseIN2rc10ShrinkableIdEESaIS2_EE11_M_allocateEm:
      229:  293:      _M_allocate(size_t __n)
        -:  294:      {
        -:  295:	typedef __gnu_cxx::__alloc_traits<_Tp_alloc_type> _Tr;
      229:  296:	return __n != 0 ? _Tr::allocate(_M_impl, __n) : pointer();
        -:  297:      }
------------------
_ZNSt12_Vector_baseISt4pairIPN2rc6detail15PropertyContextEmESaIS5_EE11_M_allocateEm:
        1:  293:      _M_allocate(size_t __n)
        -:  294:      {
        -:  295:	typedef __gnu_cxx::__alloc_traits<_Tp_alloc_type> _Tr;
       1*:  296:	return __n != 0 ? _Tr::allocate(_M_impl, __n) : pointer();
        -:  297:      }
------------------
_ZNSt12_Vector_baseIPFvvESaIS1_EE11_M_allocateEm:
    #####:  293:      _M_allocate(size_t __n)
        -:  294:      {
        -:  295:	typedef __gnu_cxx::__alloc_traits<_Tp_alloc_type> _Tr;
    #####:  296:	return __n != 0 ? _Tr::allocate(_M_impl, __n) : pointer();
        -:  297:      }
------------------
_ZNSt12_Vector_baseISt4pairIPN2rc3gen6detail17GenerationHandlerEmESaIS6_EE11_M_allocateEm:
        1:  293:      _M_allocate(size_t __n)
        -:  294:      {
        -:  295:	typedef __gnu_cxx::__alloc_traits<_Tp_alloc_type> _Tr;
       1*:  296:	return __n != 0 ? _Tr::allocate(_M_impl, __n) : pointer();
        -:  297:      }
------------------
_ZNSt12_Vector_baseIN2rc3gen6detail6Recipe10IngredientESaIS4_EE11_M_allocateEm:
      928:  293:      _M_allocate(size_t __n)
        -:  294:      {
        -:  295:	typedef __gnu_cxx::__alloc_traits<_Tp_alloc_type> _Tr;
      928:  296:	return __n != 0 ? _Tr::allocate(_M_impl, __n) : pointer();
        -:  297:      }
------------------
        -:  298:
        -:  299:      void
     3939:  300:      _M_deallocate(pointer __p, size_t __n)
        -:  301:      {
        -:  302:	typedef __gnu_cxx::__alloc_traits<_Tp_alloc_type> _Tr;
     3939:  303:	if (__p)
    1367*:  304:	  _Tr::deallocate(_M_impl, __p, __n);
     3939:  305:      }
------------------
_ZNSt12_Vector_baseIN2rc10ShrinkableIdEESaIS2_EE13_M_deallocateEPS2_m:
      588:  300:      _M_deallocate(pointer __p, size_t __n)
        -:  301:      {
        -:  302:	typedef __gnu_cxx::__alloc_traits<_Tp_alloc_type> _Tr;
      588:  303:	if (__p)
      217:  304:	  _Tr::deallocate(_M_impl, __p, __n);
      588:  305:      }
------------------
_ZNSt12_Vector_baseISt4pairIPN2rc6detail15PropertyContextEmESaIS5_EE13_M_deallocateEPS5_m:
        2:  300:      _M_deallocate(pointer __p, size_t __n)
        -:  301:      {
        -:  302:	typedef __gnu_cxx::__alloc_traits<_Tp_alloc_type> _Tr;
        2:  303:	if (__p)
        1:  304:	  _Tr::deallocate(_M_impl, __p, __n);
        2:  305:      }
------------------
_ZNSt12_Vector_baseIPFvvESaIS1_EE13_M_deallocateEPS1_m:
      117:  300:      _M_deallocate(pointer __p, size_t __n)
        -:  301:      {
        -:  302:	typedef __gnu_cxx::__alloc_traits<_Tp_alloc_type> _Tr;
      117:  303:	if (__p)
    #####:  304:	  _Tr::deallocate(_M_impl, __p, __n);
      117:  305:      }
------------------
_ZNSt12_Vector_baseISt4pairIPN2rc3gen6detail17GenerationHandlerEmESaIS6_EE13_M_deallocateEPS6_m:
        2:  300:      _M_deallocate(pointer __p, size_t __n)
        -:  301:      {
        -:  302:	typedef __gnu_cxx::__alloc_traits<_Tp_alloc_type> _Tr;
        2:  303:	if (__p)
        1:  304:	  _Tr::deallocate(_M_impl, __p, __n);
        2:  305:      }
------------------
_ZNSt12_Vector_baseIdSaIdEE13_M_deallocateEPdm:
      998:  300:      _M_deallocate(pointer __p, size_t __n)
        -:  301:      {
        -:  302:	typedef __gnu_cxx::__alloc_traits<_Tp_alloc_type> _Tr;
      998:  303:	if (__p)
      525:  304:	  _Tr::deallocate(_M_impl, __p, __n);
      998:  305:      }
------------------
_ZNSt12_Vector_baseINSt7__cxx1112basic_stringIcSt11char_traitsIcESaIcEEESaIS5_EE13_M_deallocateEPS5_m:
      813:  300:      _M_deallocate(pointer __p, size_t __n)
        -:  301:      {
        -:  302:	typedef __gnu_cxx::__alloc_traits<_Tp_alloc_type> _Tr;
      813:  303:	if (__p)
      117:  304:	  _Tr::deallocate(_M_impl, __p, __n);
      813:  305:      }
------------------
_ZNSt12_Vector_baseISt4pairINSt7__cxx1112basic_stringIcSt11char_traitsIcESaIcEEES6_ESaIS7_EE13_M_deallocateEPS7_m:
       11:  300:      _M_deallocate(pointer __p, size_t __n)
        -:  301:      {
        -:  302:	typedef __gnu_cxx::__alloc_traits<_Tp_alloc_type> _Tr;
       11:  303:	if (__p)
        3:  304:	  _Tr::deallocate(_M_impl, __p, __n);
       11:  305:      }
------------------
_ZNSt12_Vector_baseImSaImEE13_M_deallocateEPmm:
       14:  300:      _M_deallocate(pointer __p, size_t __n)
        -:  301:      {
        -:  302:	typedef __gnu_cxx::__alloc_traits<_Tp_alloc_type> _Tr;
       14:  303:	if (__p)
        5:  304:	  _Tr::deallocate(_M_impl, __p, __n);
       14:  305:      }
------------------
_ZNSt12_Vector_baseIN2rc3gen6detail6Recipe10IngredientESaIS4_EE13_M_deallocateEPS4_m:
     1394:  300:      _M_deallocate(pointer __p, size_t __n)
        -:  301:      {
        -:  302:	typedef __gnu_cxx::__alloc_traits<_Tp_alloc_type> _Tr;
     1394:  303:	if (__p)
      498:  304:	  _Tr::deallocate(_M_impl, __p, __n);
     1394:  305:      }
------------------
        -:  306:
        -:  307:    private:
        -:  308:      void
      948:  309:      _M_create_storage(size_t __n)
        -:  310:      {
      948:  311:	this->_M_impl._M_start = this->_M_allocate(__n);
      948:  312:	this->_M_impl._M_finish = this->_M_impl._M_start;
      948:  313:	this->_M_impl._M_end_of_storage = this->_M_impl._M_start + __n;
      948:  314:      }
------------------
_ZNSt12_Vector_baseIN2rc10ShrinkableIdEESaIS2_EE17_M_create_storageEm:
      128:  309:      _M_create_storage(size_t __n)
        -:  310:      {
      128:  311:	this->_M_impl._M_start = this->_M_allocate(__n);
      128:  312:	this->_M_impl._M_finish = this->_M_impl._M_start;
      128:  313:	this->_M_impl._M_end_of_storage = this->_M_impl._M_start + __n;
      128:  314:      }
------------------
_ZNSt12_Vector_baseIN2rc3gen6detail6Recipe10IngredientESaIS4_EE17_M_create_storageEm:
      820:  309:      _M_create_storage(size_t __n)
        -:  310:      {
      820:  311:	this->_M_impl._M_start = this->_M_allocate(__n);
      820:  312:	this->_M_impl._M_finish = this->_M_impl._M_start;
      820:  313:	this->_M_impl._M_end_of_storage = this->_M_impl._M_start + __n;
      820:  314:      }
------------------
        -:  315:    };
        -:  316:
        -:  317:  /**
        -:  318:   *  @brief A standard container which offers fixed time access to
        -:  319:   *  individual elements in any order.
        -:  320:   *
        -:  321:   *  @ingroup sequences
        -:  322:   *
        -:  323:   *  @tparam _Tp  Type of element.
        -:  324:   *  @tparam _Alloc  Allocator type, defaults to allocator<_Tp>.
        -:  325:   *
        -:  326:   *  Meets the requirements of a <a href="tables.html#65">container</a>, a
        -:  327:   *  <a href="tables.html#66">reversible container</a>, and a
        -:  328:   *  <a href="tables.html#67">sequence</a>, including the
        -:  329:   *  <a href="tables.html#68">optional sequence requirements</a> with the
        -:  330:   *  %exception of @c push_front and @c pop_front.
        -:  331:   *
        -:  332:   *  In some terminology a %vector can be described as a dynamic
        -:  333:   *  C-style array, it offers fast and efficient access to individual
        -:  334:   *  elements in any order and saves the user from worrying about
        -:  335:   *  memory and size allocation.  Subscripting ( @c [] ) access is
        -:  336:   *  also provided as with C-style arrays.
        -:  337:  */
        -:  338:  template<typename _Tp, typename _Alloc = std::allocator<_Tp> >
        -:  339:    class vector : protected _Vector_base<_Tp, _Alloc>
        -:  340:    {
        -:  341:#ifdef _GLIBCXX_CONCEPT_CHECKS
        -:  342:      // Concept requirements.
        -:  343:      typedef typename _Alloc::value_type		_Alloc_value_type;
        -:  344:# if __cplusplus < 201103L
        -:  345:      __glibcxx_class_requires(_Tp, _SGIAssignableConcept)
        -:  346:# endif
        -:  347:      __glibcxx_class_requires2(_Tp, _Alloc_value_type, _SameTypeConcept)
        -:  348:#endif
        -:  349:
        -:  350:#if __cplusplus >= 201103L
        -:  351:      static_assert(is_same<typename remove_cv<_Tp>::type, _Tp>::value,
        -:  352:	  "std::vector must have a non-const, non-volatile value_type");
        -:  353:# ifdef __STRICT_ANSI__
        -:  354:      static_assert(is_same<typename _Alloc::value_type, _Tp>::value,
        -:  355:	  "std::vector must have the same value_type as its allocator");
        -:  356:# endif
        -:  357:#endif
        -:  358:
        -:  359:      typedef _Vector_base<_Tp, _Alloc>			_Base;
        -:  360:      typedef typename _Base::_Tp_alloc_type		_Tp_alloc_type;
        -:  361:      typedef __gnu_cxx::__alloc_traits<_Tp_alloc_type>	_Alloc_traits;
        -:  362:
        -:  363:    public:
        -:  364:      typedef _Tp					value_type;
        -:  365:      typedef typename _Base::pointer			pointer;
        -:  366:      typedef typename _Alloc_traits::const_pointer	const_pointer;
        -:  367:      typedef typename _Alloc_traits::reference		reference;
        -:  368:      typedef typename _Alloc_traits::const_reference	const_reference;
        -:  369:      typedef __gnu_cxx::__normal_iterator<pointer, vector> iterator;
        -:  370:      typedef __gnu_cxx::__normal_iterator<const_pointer, vector>
        -:  371:      const_iterator;
        -:  372:      typedef std::reverse_iterator<const_iterator>	const_reverse_iterator;
        -:  373:      typedef std::reverse_iterator<iterator>		reverse_iterator;
        -:  374:      typedef size_t					size_type;
        -:  375:      typedef ptrdiff_t					difference_type;
        -:  376:      typedef _Alloc					allocator_type;
        -:  377:
        -:  378:    protected:
        -:  379:      using _Base::_M_allocate;
        -:  380:      using _Base::_M_deallocate;
        -:  381:      using _Base::_M_impl;
        -:  382:      using _Base::_M_get_Tp_allocator;
        -:  383:
        -:  384:    public:
        -:  385:      // [23.2.4.1] construct/copy/destroy
        -:  386:      // (assign() and get_allocator() are also listed in this section)
        -:  387:
        -:  388:      /**
        -:  389:       *  @brief  Creates a %vector with no elements.
        -:  390:       */
      222:  391:      vector()
        -:  392:#if __cplusplus >= 201103L
        -:  393:      noexcept(is_nothrow_default_constructible<_Alloc>::value)
        -:  394:#endif
      222:  395:      : _Base() { }
------------------
_ZNSt6vectorIN2rc10ShrinkableIdEESaIS2_EEC2Ev:
      113:  391:      vector()
        -:  392:#if __cplusplus >= 201103L
        -:  393:      noexcept(is_nothrow_default_constructible<_Alloc>::value)
        -:  394:#endif
      113:  395:      : _Base() { }
------------------
_ZNSt6vectorISt4pairIPN2rc6detail15PropertyContextEmESaIS5_EEC2Ev:
        1:  391:      vector()
        -:  392:#if __cplusplus >= 201103L
        -:  393:      noexcept(is_nothrow_default_constructible<_Alloc>::value)
        -:  394:#endif
        1:  395:      : _Base() { }
------------------
_ZNSt6vectorISt4pairIPN2rc3gen6detail17GenerationHandlerEmESaIS6_EEC2Ev:
        1:  391:      vector()
        -:  392:#if __cplusplus >= 201103L
        -:  393:      noexcept(is_nothrow_default_constructible<_Alloc>::value)
        -:  394:#endif
        1:  395:      : _Base() { }
------------------
_ZNSt6vectorIN2rc3gen6detail6Recipe10IngredientESaIS4_EEC2Ev:
      107:  391:      vector()
        -:  392:#if __cplusplus >= 201103L
        -:  393:      noexcept(is_nothrow_default_constructible<_Alloc>::value)
        -:  394:#endif
      107:  395:      : _Base() { }
------------------
        -:  396:
        -:  397:      /**
        -:  398:       *  @brief  Creates a %vector with no elements.
        -:  399:       *  @param  __a  An allocator object.
        -:  400:       */
        -:  401:      explicit
        -:  402:      vector(const allocator_type& __a) _GLIBCXX_NOEXCEPT
        -:  403:      : _Base(__a) { }
        -:  404:
        -:  405:#if __cplusplus >= 201103L
        -:  406:      /**
        -:  407:       *  @brief  Creates a %vector with default constructed elements.
        -:  408:       *  @param  __n  The number of elements to initially create.
        -:  409:       *  @param  __a  An allocator.
        -:  410:       *
        -:  411:       *  This constructor fills the %vector with @a __n default
        -:  412:       *  constructed elements.
        -:  413:       */
        -:  414:      explicit
        -:  415:      vector(size_type __n, const allocator_type& __a = allocator_type())
        -:  416:      : _Base(__n, __a)
        -:  417:      { _M_default_initialize(__n); }
        -:  418:
        -:  419:      /**
        -:  420:       *  @brief  Creates a %vector with copies of an exemplar element.
        -:  421:       *  @param  __n  The number of elements to initially create.
        -:  422:       *  @param  __value  An element to copy.
        -:  423:       *  @param  __a  An allocator.
        -:  424:       *
        -:  425:       *  This constructor fills the %vector with @a __n copies of @a __value.
        -:  426:       */
        -:  427:      vector(size_type __n, const value_type& __value,
        -:  428:	     const allocator_type& __a = allocator_type())
        -:  429:      : _Base(__n, __a)
        -:  430:      { _M_fill_initialize(__n, __value); }
        -:  431:#else
        -:  432:      /**
        -:  433:       *  @brief  Creates a %vector with copies of an exemplar element.
        -:  434:       *  @param  __n  The number of elements to initially create.
        -:  435:       *  @param  __value  An element to copy.
        -:  436:       *  @param  __a  An allocator.
        -:  437:       *
        -:  438:       *  This constructor fills the %vector with @a __n copies of @a __value.
        -:  439:       */
        -:  440:      explicit
        -:  441:      vector(size_type __n, const value_type& __value = value_type(),
        -:  442:	     const allocator_type& __a = allocator_type())
        -:  443:      : _Base(__n, __a)
        -:  444:      { _M_fill_initialize(__n, __value); }
        -:  445:#endif
        -:  446:
        -:  447:      /**
        -:  448:       *  @brief  %Vector copy constructor.
        -:  449:       *  @param  __x  A %vector of identical element and allocator types.
        -:  450:       *
        -:  451:       *  All the elements of @a __x are copied, but any unused capacity in
        -:  452:       *  @a __x  will not be copied
        -:  453:       *  (i.e. capacity() == size() in the new %vector).
        -:  454:       *
        -:  455:       *  The newly-created %vector uses a copy of the allocator object used
        -:  456:       *  by @a __x (unless the allocator traits dictate a different object).
        -:  457:       */
      948:  458:      vector(const vector& __x)
        -:  459:      : _Base(__x.size(),
      948:  460:	_Alloc_traits::_S_select_on_copy(__x._M_get_Tp_allocator()))
        -:  461:      {
      948:  462:	this->_M_impl._M_finish =
      948:  463:	  std::__uninitialized_copy_a(__x.begin(), __x.end(),
        -:  464:				      this->_M_impl._M_start,
      948:  465:				      _M_get_Tp_allocator());
      948:  466:      }
------------------
_ZNSt6vectorIN2rc10ShrinkableIdEESaIS2_EEC2ERKS4_:
      128:  458:      vector(const vector& __x)
        -:  459:      : _Base(__x.size(),
      128:  460:	_Alloc_traits::_S_select_on_copy(__x._M_get_Tp_allocator()))
        -:  461:      {
      128:  462:	this->_M_impl._M_finish =
      128:  463:	  std::__uninitialized_copy_a(__x.begin(), __x.end(),
        -:  464:				      this->_M_impl._M_start,
      128:  465:				      _M_get_Tp_allocator());
      128:  466:      }
------------------
_ZNSt6vectorIN2rc3gen6detail6Recipe10IngredientESaIS4_EEC2ERKS6_:
      820:  458:      vector(const vector& __x)
        -:  459:      : _Base(__x.size(),
      820:  460:	_Alloc_traits::_S_select_on_copy(__x._M_get_Tp_allocator()))
        -:  461:      {
      820:  462:	this->_M_impl._M_finish =
      820:  463:	  std::__uninitialized_copy_a(__x.begin(), __x.end(),
        -:  464:				      this->_M_impl._M_start,
      820:  465:				      _M_get_Tp_allocator());
      820:  466:      }
------------------
        -:  467:
        -:  468:#if __cplusplus >= 201103L
        -:  469:      /**
        -:  470:       *  @brief  %Vector move constructor.
        -:  471:       *  @param  __x  A %vector of identical element and allocator types.
        -:  472:       *
        -:  473:       *  The newly-created %vector contains the exact contents of @a __x.
        -:  474:       *  The contents of @a __x are a valid, but unspecified %vector.
        -:  475:       */
     1075:  476:      vector(vector&& __x) noexcept
     1075:  477:      : _Base(std::move(__x)) { }
------------------
_ZNSt6vectorIN2rc10ShrinkableIdEESaIS2_EEC2EOS4_:
      246:  476:      vector(vector&& __x) noexcept
      246:  477:      : _Base(std::move(__x)) { }
------------------
_ZNSt6vectorIdSaIdEEC2EOS1_:
      353:  476:      vector(vector&& __x) noexcept
      353:  477:      : _Base(std::move(__x)) { }
------------------
_ZNSt6vectorIN2rc3gen6detail6Recipe10IngredientESaIS4_EEC2EOS6_:
      359:  476:      vector(vector&& __x) noexcept
      359:  477:      : _Base(std::move(__x)) { }
------------------
_ZNSt6vectorINSt7__cxx1112basic_stringIcSt11char_traitsIcESaIcEEESaIS5_EEC2EOS7_:
      117:  476:      vector(vector&& __x) noexcept
      117:  477:      : _Base(std::move(__x)) { }
------------------
        -:  478:
        -:  479:      /// Copy constructor with alternative allocator
        -:  480:      vector(const vector& __x, const allocator_type& __a)
        -:  481:      : _Base(__x.size(), __a)
        -:  482:      {
        -:  483:	this->_M_impl._M_finish =
        -:  484:	  std::__uninitialized_copy_a(__x.begin(), __x.end(),
        -:  485:				      this->_M_impl._M_start,
        -:  486:				      _M_get_Tp_allocator());
        -:  487:      }
        -:  488:
        -:  489:      /// Move constructor with alternative allocator
        -:  490:      vector(vector&& __rv, const allocator_type& __m)
        -:  491:      noexcept(_Alloc_traits::_S_always_equal())
        -:  492:      : _Base(std::move(__rv), __m)
        -:  493:      {
        -:  494:	if (__rv.get_allocator() != __m)
        -:  495:	  {
        -:  496:	    this->_M_impl._M_finish =
        -:  497:	      std::__uninitialized_move_a(__rv.begin(), __rv.end(),
        -:  498:					  this->_M_impl._M_start,
        -:  499:					  _M_get_Tp_allocator());
        -:  500:	    __rv.clear();
        -:  501:	  }
        -:  502:      }
        -:  503:
        -:  504:      /**
        -:  505:       *  @brief  Builds a %vector from an initializer list.
        -:  506:       *  @param  __l  An initializer_list.
        -:  507:       *  @param  __a  An allocator.
        -:  508:       *
        -:  509:       *  Create a %vector consisting of copies of the elements in the
        -:  510:       *  initializer_list @a __l.
        -:  511:       *
        -:  512:       *  This will call the element type's copy constructor N times
        -:  513:       *  (where N is @a __l.size()) and do no memory reallocation.
        -:  514:       */
        -:  515:      vector(initializer_list<value_type> __l,
        -:  516:	     const allocator_type& __a = allocator_type())
        -:  517:      : _Base(__a)
        -:  518:      {
        -:  519:	_M_range_initialize(__l.begin(), __l.end(),
        -:  520:			    random_access_iterator_tag());
        -:  521:      }
        -:  522:#endif
        -:  523:
        -:  524:      /**
        -:  525:       *  @brief  Builds a %vector from a range.
        -:  526:       *  @param  __first  An input iterator.
        -:  527:       *  @param  __last  An input iterator.
        -:  528:       *  @param  __a  An allocator.
        -:  529:       *
        -:  530:       *  Create a %vector consisting of copies of the elements from
        -:  531:       *  [first,last).
        -:  532:       *
        -:  533:       *  If the iterators are forward, bidirectional, or
        -:  534:       *  random-access, then this will call the elements' copy
        -:  535:       *  constructor N times (where N is distance(first,last)) and do
        -:  536:       *  no memory reallocation.  But if only input iterators are
        -:  537:       *  used, then this will do at most 2N calls to the copy
        -:  538:       *  constructor, and logN memory reallocations.
        -:  539:       */
        -:  540:#if __cplusplus >= 201103L
        -:  541:      template<typename _InputIterator,
        -:  542:	       typename = std::_RequireInputIter<_InputIterator>>
      118:  543:	vector(_InputIterator __first, _InputIterator __last,
        -:  544:	       const allocator_type& __a = allocator_type())
      118:  545:	: _Base(__a)
      118:  546:	{ _M_initialize_dispatch(__first, __last, __false_type()); }
        -:  547:#else
        -:  548:      template<typename _InputIterator>
        -:  549:	vector(_InputIterator __first, _InputIterator __last,
        -:  550:	       const allocator_type& __a = allocator_type())
        -:  551:	: _Base(__a)
        -:  552:	{
        -:  553:	  // Check whether it's an integral type.  If so, it's not an iterator.
        -:  554:	  typedef typename std::__is_integer<_InputIterator>::__type _Integral;
        -:  555:	  _M_initialize_dispatch(__first, __last, _Integral());
        -:  556:	}
        -:  557:#endif
        -:  558:
        -:  559:      /**
        -:  560:       *  The dtor only erases the elements, and note that if the
        -:  561:       *  elements themselves are pointers, the pointed-to memory is
        -:  562:       *  not touched in any way.  Managing the pointer is the user's
        -:  563:       *  responsibility.
        -:  564:       */
     2963:  565:      ~vector() _GLIBCXX_NOEXCEPT
        -:  566:      {
     2963:  567:	std::_Destroy(this->_M_impl._M_start, this->_M_impl._M_finish,
     2963:  568:		      _M_get_Tp_allocator());
        -:  569:	_GLIBCXX_ASAN_ANNOTATE_BEFORE_DEALLOC;
     2963:  570:      }
------------------
_ZNSt6vectorIN2rc10ShrinkableIdEESaIS2_EED2Ev:
      487:  565:      ~vector() _GLIBCXX_NOEXCEPT
        -:  566:      {
      487:  567:	std::_Destroy(this->_M_impl._M_start, this->_M_impl._M_finish,
      487:  568:		      _M_get_Tp_allocator());
        -:  569:	_GLIBCXX_ASAN_ANNOTATE_BEFORE_DEALLOC;
      487:  570:      }
------------------
_ZNSt6vectorISt4pairIPN2rc6detail15PropertyContextEmESaIS5_EED2Ev:
        1:  565:      ~vector() _GLIBCXX_NOEXCEPT
        -:  566:      {
        1:  567:	std::_Destroy(this->_M_impl._M_start, this->_M_impl._M_finish,
        1:  568:		      _M_get_Tp_allocator());
        -:  569:	_GLIBCXX_ASAN_ANNOTATE_BEFORE_DEALLOC;
        1:  570:      }
------------------
_ZNSt6vectorISt4pairIPN2rc3gen6detail17GenerationHandlerEmESaIS6_EED2Ev:
        1:  565:      ~vector() _GLIBCXX_NOEXCEPT
        -:  566:      {
        1:  567:	std::_Destroy(this->_M_impl._M_start, this->_M_impl._M_finish,
        1:  568:		      _M_get_Tp_allocator());
        -:  569:	_GLIBCXX_ASAN_ANNOTATE_BEFORE_DEALLOC;
        1:  570:      }
------------------
_ZNSt6vectorIdSaIdEED2Ev:
      474:  565:      ~vector() _GLIBCXX_NOEXCEPT
        -:  566:      {
      474:  567:	std::_Destroy(this->_M_impl._M_start, this->_M_impl._M_finish,
      474:  568:		      _M_get_Tp_allocator());
        -:  569:	_GLIBCXX_ASAN_ANNOTATE_BEFORE_DEALLOC;
      474:  570:      }
------------------
_ZNSt6vectorINSt7__cxx1112basic_stringIcSt11char_traitsIcESaIcEEESaIS5_EED2Ev:
      696:  565:      ~vector() _GLIBCXX_NOEXCEPT
        -:  566:      {
      696:  567:	std::_Destroy(this->_M_impl._M_start, this->_M_impl._M_finish,
      696:  568:		      _M_get_Tp_allocator());
        -:  569:	_GLIBCXX_ASAN_ANNOTATE_BEFORE_DEALLOC;
      696:  570:      }
------------------
_ZNSt6vectorISt4pairINSt7__cxx1112basic_stringIcSt11char_traitsIcESaIcEEES6_ESaIS7_EED2Ev:
        8:  565:      ~vector() _GLIBCXX_NOEXCEPT
        -:  566:      {
        8:  567:	std::_Destroy(this->_M_impl._M_start, this->_M_impl._M_finish,
        8:  568:		      _M_get_Tp_allocator());
        -:  569:	_GLIBCXX_ASAN_ANNOTATE_BEFORE_DEALLOC;
        8:  570:      }
------------------
_ZNSt6vectorImSaImEED2Ev:
       10:  565:      ~vector() _GLIBCXX_NOEXCEPT
        -:  566:      {
       10:  567:	std::_Destroy(this->_M_impl._M_start, this->_M_impl._M_finish,
       10:  568:		      _M_get_Tp_allocator());
        -:  569:	_GLIBCXX_ASAN_ANNOTATE_BEFORE_DEALLOC;
       10:  570:      }
------------------
_ZNSt6vectorIN2rc3gen6detail6Recipe10IngredientESaIS4_EED2Ev:
     1286:  565:      ~vector() _GLIBCXX_NOEXCEPT
        -:  566:      {
     1286:  567:	std::_Destroy(this->_M_impl._M_start, this->_M_impl._M_finish,
     1286:  568:		      _M_get_Tp_allocator());
        -:  569:	_GLIBCXX_ASAN_ANNOTATE_BEFORE_DEALLOC;
     1286:  570:      }
------------------
        -:  571:
        -:  572:      /**
        -:  573:       *  @brief  %Vector assignment operator.
        -:  574:       *  @param  __x  A %vector of identical element and allocator types.
        -:  575:       *
        -:  576:       *  All the elements of @a __x are copied, but any unused capacity in
        -:  577:       *  @a __x will not be copied.
        -:  578:       *
        -:  579:       *  Whether the allocator is copied depends on the allocator traits.
        -:  580:       */
        -:  581:      vector&
        -:  582:      operator=(const vector& __x);
        -:  583:
        -:  584:#if __cplusplus >= 201103L
        -:  585:      /**
        -:  586:       *  @brief  %Vector move assignment operator.
        -:  587:       *  @param  __x  A %vector of identical element and allocator types.
        -:  588:       *
        -:  589:       *  The contents of @a __x are moved into this %vector (without copying,
        -:  590:       *  if the allocators permit it).
        -:  591:       *  Afterwards @a __x is a valid, but unspecified %vector.
        -:  592:       *
        -:  593:       *  Whether the allocator is moved depends on the allocator traits.
        -:  594:       */
        -:  595:      vector&
        -:  596:      operator=(vector&& __x) noexcept(_Alloc_traits::_S_nothrow_move())
        -:  597:      {
        -:  598:	constexpr bool __move_storage =
        -:  599:	  _Alloc_traits::_S_propagate_on_move_assign()
        -:  600:	  || _Alloc_traits::_S_always_equal();
        -:  601:	_M_move_assign(std::move(__x), __bool_constant<__move_storage>());
        -:  602:	return *this;
        -:  603:      }
        -:  604:
        -:  605:      /**
        -:  606:       *  @brief  %Vector list assignment operator.
        -:  607:       *  @param  __l  An initializer_list.
        -:  608:       *
        -:  609:       *  This function fills a %vector with copies of the elements in the
        -:  610:       *  initializer list @a __l.
        -:  611:       *
        -:  612:       *  Note that the assignment completely changes the %vector and
        -:  613:       *  that the resulting %vector's size is the same as the number
        -:  614:       *  of elements assigned.
        -:  615:       */
        -:  616:      vector&
        -:  617:      operator=(initializer_list<value_type> __l)
        -:  618:      {
        -:  619:	this->_M_assign_aux(__l.begin(), __l.end(),
        -:  620:			    random_access_iterator_tag());
        -:  621:	return *this;
        -:  622:      }
        -:  623:#endif
        -:  624:
        -:  625:      /**
        -:  626:       *  @brief  Assigns a given value to a %vector.
        -:  627:       *  @param  __n  Number of elements to be assigned.
        -:  628:       *  @param  __val  Value to be assigned.
        -:  629:       *
        -:  630:       *  This function fills a %vector with @a __n copies of the given
        -:  631:       *  value.  Note that the assignment completely changes the
        -:  632:       *  %vector and that the resulting %vector's size is the same as
        -:  633:       *  the number of elements assigned.
        -:  634:       */
        -:  635:      void
        -:  636:      assign(size_type __n, const value_type& __val)
        -:  637:      { _M_fill_assign(__n, __val); }
        -:  638:
        -:  639:      /**
        -:  640:       *  @brief  Assigns a range to a %vector.
        -:  641:       *  @param  __first  An input iterator.
        -:  642:       *  @param  __last   An input iterator.
        -:  643:       *
        -:  644:       *  This function fills a %vector with copies of the elements in the
        -:  645:       *  range [__first,__last).
        -:  646:       *
        -:  647:       *  Note that the assignment completely changes the %vector and
        -:  648:       *  that the resulting %vector's size is the same as the number
        -:  649:       *  of elements assigned.
        -:  650:       */
        -:  651:#if __cplusplus >= 201103L
        -:  652:      template<typename _InputIterator,
        -:  653:	       typename = std::_RequireInputIter<_InputIterator>>
        -:  654:	void
        -:  655:	assign(_InputIterator __first, _InputIterator __last)
        -:  656:	{ _M_assign_dispatch(__first, __last, __false_type()); }
        -:  657:#else
        -:  658:      template<typename _InputIterator>
        -:  659:	void
        -:  660:	assign(_InputIterator __first, _InputIterator __last)
        -:  661:	{
        -:  662:	  // Check whether it's an integral type.  If so, it's not an iterator.
        -:  663:	  typedef typename std::__is_integer<_InputIterator>::__type _Integral;
        -:  664:	  _M_assign_dispatch(__first, __last, _Integral());
        -:  665:	}
        -:  666:#endif
        -:  667:
        -:  668:#if __cplusplus >= 201103L
        -:  669:      /**
        -:  670:       *  @brief  Assigns an initializer list to a %vector.
        -:  671:       *  @param  __l  An initializer_list.
        -:  672:       *
        -:  673:       *  This function fills a %vector with copies of the elements in the
        -:  674:       *  initializer list @a __l.
        -:  675:       *
        -:  676:       *  Note that the assignment completely changes the %vector and
        -:  677:       *  that the resulting %vector's size is the same as the number
        -:  678:       *  of elements assigned.
        -:  679:       */
        -:  680:      void
        -:  681:      assign(initializer_list<value_type> __l)
        -:  682:      {
        -:  683:	this->_M_assign_aux(__l.begin(), __l.end(),
        -:  684:			    random_access_iterator_tag());
        -:  685:      }
        -:  686:#endif
        -:  687:
        -:  688:      /// Get a copy of the memory allocation object.
        -:  689:      using _Base::get_allocator;
        -:  690:
        -:  691:      // iterators
        -:  692:      /**
        -:  693:       *  Returns a read/write iterator that points to the first
        -:  694:       *  element in the %vector.  Iteration is done in ordinary
        -:  695:       *  element order.
        -:  696:       */
        -:  697:      iterator
      669:  698:      begin() _GLIBCXX_NOEXCEPT
      669:  699:      { return iterator(this->_M_impl._M_start); }
------------------
_ZNSt6vectorIdSaIdEE5beginEv:
      525:  698:      begin() _GLIBCXX_NOEXCEPT
      525:  699:      { return iterator(this->_M_impl._M_start); }
------------------
_ZNSt6vectorIN2rc10ShrinkableIdEESaIS2_EE5beginEv:
       25:  698:      begin() _GLIBCXX_NOEXCEPT
       25:  699:      { return iterator(this->_M_impl._M_start); }
------------------
_ZNSt6vectorISt4pairIPN2rc6detail15PropertyContextEmESaIS5_EE5beginEv:
        1:  698:      begin() _GLIBCXX_NOEXCEPT
        1:  699:      { return iterator(this->_M_impl._M_start); }
------------------
_ZNSt6vectorIPFvvESaIS1_EE5beginEv:
      117:  698:      begin() _GLIBCXX_NOEXCEPT
      117:  699:      { return iterator(this->_M_impl._M_start); }
------------------
_ZNSt6vectorISt4pairIPN2rc3gen6detail17GenerationHandlerEmESaIS6_EE5beginEv:
        1:  698:      begin() _GLIBCXX_NOEXCEPT
        1:  699:      { return iterator(this->_M_impl._M_start); }
------------------
        -:  700:
        -:  701:      /**
        -:  702:       *  Returns a read-only (constant) iterator that points to the
        -:  703:       *  first element in the %vector.  Iteration is done in ordinary
        -:  704:       *  element order.
        -:  705:       */
        -:  706:      const_iterator
    1305*:  707:      begin() const _GLIBCXX_NOEXCEPT
    1305*:  708:      { return const_iterator(this->_M_impl._M_start); }
------------------
_ZNKSt6vectorIN2rc10ShrinkableIdEESaIS2_EE5beginEv:
      246:  707:      begin() const _GLIBCXX_NOEXCEPT
      246:  708:      { return const_iterator(this->_M_impl._M_start); }
------------------
_ZNKSt6vectorIS_IPFvvESaIS1_EESaIS3_EE5beginEv:
    #####:  707:      begin() const _GLIBCXX_NOEXCEPT
    #####:  708:      { return const_iterator(this->_M_impl._M_start); }
------------------
_ZNKSt6vectorISt4pairIPN2rc3gen6detail17GenerationHandlerEmESaIS6_EE5beginEv:
      117:  707:      begin() const _GLIBCXX_NOEXCEPT
      117:  708:      { return const_iterator(this->_M_impl._M_start); }
------------------
_ZNKSt6vectorIN2rc3gen6detail6Recipe10IngredientESaIS4_EE5beginEv:
      821:  707:      begin() const _GLIBCXX_NOEXCEPT
      821:  708:      { return const_iterator(this->_M_impl._M_start); }
------------------
_ZNKSt6vectorIdSaIdEE5beginEv:
      121:  707:      begin() const _GLIBCXX_NOEXCEPT
      121:  708:      { return const_iterator(this->_M_impl._M_start); }
------------------
        -:  709:
        -:  710:      /**
        -:  711:       *  Returns a read/write iterator that points one past the last
        -:  712:       *  element in the %vector.  Iteration is done in ordinary
        -:  713:       *  element order.
        -:  714:       */
        -:  715:      iterator
     1013:  716:      end() _GLIBCXX_NOEXCEPT
     1013:  717:      { return iterator(this->_M_impl._M_finish); }
------------------
_ZNSt6vectorIdSaIdEE3endEv:
      525:  716:      end() _GLIBCXX_NOEXCEPT
      525:  717:      { return iterator(this->_M_impl._M_finish); }
------------------
_ZNSt6vectorIN2rc10ShrinkableIdEESaIS2_EE3endEv:
       17:  716:      end() _GLIBCXX_NOEXCEPT
       17:  717:      { return iterator(this->_M_impl._M_finish); }
------------------
_ZNSt6vectorISt4pairIPN2rc6detail15PropertyContextEmESaIS5_EE3endEv:
        1:  716:      end() _GLIBCXX_NOEXCEPT
        1:  717:      { return iterator(this->_M_impl._M_finish); }
------------------
_ZNSt6vectorIPFvvESaIS1_EE3endEv:
      117:  716:      end() _GLIBCXX_NOEXCEPT
      117:  717:      { return iterator(this->_M_impl._M_finish); }
------------------
_ZNSt6vectorIS_IPFvvESaIS1_EESaIS3_EE3endEv:
      118:  716:      end() _GLIBCXX_NOEXCEPT
      118:  717:      { return iterator(this->_M_impl._M_finish); }
------------------
_ZNSt6vectorISt4pairIPN2rc3gen6detail17GenerationHandlerEmESaIS6_EE3endEv:
      235:  716:      end() _GLIBCXX_NOEXCEPT
      235:  717:      { return iterator(this->_M_impl._M_finish); }
------------------
        -:  718:
        -:  719:      /**
        -:  720:       *  Returns a read-only (constant) iterator that points one past
        -:  721:       *  the last element in the %vector.  Iteration is done in
        -:  722:       *  ordinary element order.
        -:  723:       */
        -:  724:      const_iterator
    1305*:  725:      end() const _GLIBCXX_NOEXCEPT
    1305*:  726:      { return const_iterator(this->_M_impl._M_finish); }
------------------
_ZNKSt6vectorIN2rc10ShrinkableIdEESaIS2_EE3endEv:
      246:  725:      end() const _GLIBCXX_NOEXCEPT
      246:  726:      { return const_iterator(this->_M_impl._M_finish); }
------------------
_ZNKSt6vectorIS_IPFvvESaIS1_EESaIS3_EE3endEv:
    #####:  725:      end() const _GLIBCXX_NOEXCEPT
    #####:  726:      { return const_iterator(this->_M_impl._M_finish); }
------------------
_ZNKSt6vectorISt4pairIPN2rc3gen6detail17GenerationHandlerEmESaIS6_EE3endEv:
      117:  725:      end() const _GLIBCXX_NOEXCEPT
      117:  726:      { return const_iterator(this->_M_impl._M_finish); }
------------------
_ZNKSt6vectorIN2rc3gen6detail6Recipe10IngredientESaIS4_EE3endEv:
      821:  725:      end() const _GLIBCXX_NOEXCEPT
      821:  726:      { return const_iterator(this->_M_impl._M_finish); }
------------------
_ZNKSt6vectorIdSaIdEE3endEv:
      121:  725:      end() const _GLIBCXX_NOEXCEPT
      121:  726:      { return const_iterator(this->_M_impl._M_finish); }
------------------
        -:  727:
        -:  728:      /**
        -:  729:       *  Returns a read/write reverse iterator that points to the
        -:  730:       *  last element in the %vector.  Iteration is done in reverse
        -:  731:       *  element order.
        -:  732:       */
        -:  733:      reverse_iterator
        -:  734:      rbegin() _GLIBCXX_NOEXCEPT
        -:  735:      { return reverse_iterator(end()); }
        -:  736:
        -:  737:      /**
        -:  738:       *  Returns a read-only (constant) reverse iterator that points
        -:  739:       *  to the last element in the %vector.  Iteration is done in
        -:  740:       *  reverse element order.
        -:  741:       */
        -:  742:      const_reverse_iterator
        -:  743:      rbegin() const _GLIBCXX_NOEXCEPT
        -:  744:      { return const_reverse_iterator(end()); }
        -:  745:
        -:  746:      /**
        -:  747:       *  Returns a read/write reverse iterator that points to one
        -:  748:       *  before the first element in the %vector.  Iteration is done
        -:  749:       *  in reverse element order.
        -:  750:       */
        -:  751:      reverse_iterator
        -:  752:      rend() _GLIBCXX_NOEXCEPT
        -:  753:      { return reverse_iterator(begin()); }
        -:  754:
        -:  755:      /**
        -:  756:       *  Returns a read-only (constant) reverse iterator that points
        -:  757:       *  to one before the first element in the %vector.  Iteration
        -:  758:       *  is done in reverse element order.
        -:  759:       */
        -:  760:      const_reverse_iterator
        -:  761:      rend() const _GLIBCXX_NOEXCEPT
        -:  762:      { return const_reverse_iterator(begin()); }
        -:  763:
        -:  764:#if __cplusplus >= 201103L
        -:  765:      /**
        -:  766:       *  Returns a read-only (constant) iterator that points to the
        -:  767:       *  first element in the %vector.  Iteration is done in ordinary
        -:  768:       *  element order.
        -:  769:       */
        -:  770:      const_iterator
       10:  771:      cbegin() const noexcept
       10:  772:      { return const_iterator(this->_M_impl._M_start); }
        -:  773:
        -:  774:      /**
        -:  775:       *  Returns a read-only (constant) iterator that points one past
        -:  776:       *  the last element in the %vector.  Iteration is done in
        -:  777:       *  ordinary element order.
        -:  778:       */
        -:  779:      const_iterator
        -:  780:      cend() const noexcept
        -:  781:      { return const_iterator(this->_M_impl._M_finish); }
        -:  782:
        -:  783:      /**
        -:  784:       *  Returns a read-only (constant) reverse iterator that points
        -:  785:       *  to the last element in the %vector.  Iteration is done in
        -:  786:       *  reverse element order.
        -:  787:       */
        -:  788:      const_reverse_iterator
        -:  789:      crbegin() const noexcept
        -:  790:      { return const_reverse_iterator(end()); }
        -:  791:
        -:  792:      /**
        -:  793:       *  Returns a read-only (constant) reverse iterator that points
        -:  794:       *  to one before the first element in the %vector.  Iteration
        -:  795:       *  is done in reverse element order.
        -:  796:       */
        -:  797:      const_reverse_iterator
        -:  798:      crend() const noexcept
        -:  799:      { return const_reverse_iterator(begin()); }
        -:  800:#endif
        -:  801:
        -:  802:      // [23.2.4.2] capacity
        -:  803:      /**  Returns the number of elements in the %vector.  */
        -:  804:      size_type
    6480*:  805:      size() const _GLIBCXX_NOEXCEPT
    6480*:  806:      { return size_type(this->_M_impl._M_finish - this->_M_impl._M_start); }
------------------
_ZNKSt6vectorIdSaIdEE4sizeEv:
     2097:  805:      size() const _GLIBCXX_NOEXCEPT
     2097:  806:      { return size_type(this->_M_impl._M_finish - this->_M_impl._M_start); }
------------------
_ZNKSt6vectorISt4pairIPN2rc6detail15PropertyContextEmESaIS5_EE4sizeEv:
        4:  805:      size() const _GLIBCXX_NOEXCEPT
        4:  806:      { return size_type(this->_M_impl._M_finish - this->_M_impl._M_start); }
------------------
_ZNKSt6vectorIN2rc10ShrinkableIdEESaIS2_EE4sizeEv:
     2764:  805:      size() const _GLIBCXX_NOEXCEPT
     2764:  806:      { return size_type(this->_M_impl._M_finish - this->_M_impl._M_start); }
------------------
_ZNKSt6vectorIPFvvESaIS1_EE4sizeEv:
    #####:  805:      size() const _GLIBCXX_NOEXCEPT
    #####:  806:      { return size_type(this->_M_impl._M_finish - this->_M_impl._M_start); }
------------------
_ZNKSt6vectorISt4pairIPN2rc3gen6detail17GenerationHandlerEmESaIS6_EE4sizeEv:
        4:  805:      size() const _GLIBCXX_NOEXCEPT
        4:  806:      { return size_type(this->_M_impl._M_finish - this->_M_impl._M_start); }
------------------
_ZNKSt6vectorIS_IPFvvESaIS1_EESaIS3_EE4sizeEv:
      355:  805:      size() const _GLIBCXX_NOEXCEPT
      355:  806:      { return size_type(this->_M_impl._M_finish - this->_M_impl._M_start); }
------------------
_ZNKSt6vectorIN2rc3gen6detail6Recipe10IngredientESaIS4_EE4sizeEv:
     1256:  805:      size() const _GLIBCXX_NOEXCEPT
     1256:  806:      { return size_type(this->_M_impl._M_finish - this->_M_impl._M_start); }
------------------
        -:  807:
        -:  808:      /**  Returns the size() of the largest possible %vector.  */
        -:  809:      size_type
    1165*:  810:      max_size() const _GLIBCXX_NOEXCEPT
    1165*:  811:      { return _Alloc_traits::max_size(_M_get_Tp_allocator()); }
------------------
_ZNKSt6vectorIdSaIdEE8max_sizeEv:
     1048:  810:      max_size() const _GLIBCXX_NOEXCEPT
     1048:  811:      { return _Alloc_traits::max_size(_M_get_Tp_allocator()); }
------------------
_ZNKSt6vectorIN2rc10ShrinkableIdEESaIS2_EE8max_sizeEv:
      113:  810:      max_size() const _GLIBCXX_NOEXCEPT
      113:  811:      { return _Alloc_traits::max_size(_M_get_Tp_allocator()); }
------------------
_ZNKSt6vectorISt4pairIPN2rc6detail15PropertyContextEmESaIS5_EE8max_sizeEv:
        2:  810:      max_size() const _GLIBCXX_NOEXCEPT
        2:  811:      { return _Alloc_traits::max_size(_M_get_Tp_allocator()); }
------------------
_ZNKSt6vectorIPFvvESaIS1_EE8max_sizeEv:
    #####:  810:      max_size() const _GLIBCXX_NOEXCEPT
    #####:  811:      { return _Alloc_traits::max_size(_M_get_Tp_allocator()); }
------------------
_ZNKSt6vectorISt4pairIPN2rc3gen6detail17GenerationHandlerEmESaIS6_EE8max_sizeEv:
        2:  810:      max_size() const _GLIBCXX_NOEXCEPT
        2:  811:      { return _Alloc_traits::max_size(_M_get_Tp_allocator()); }
------------------
        -:  812:
        -:  813:#if __cplusplus >= 201103L
        -:  814:      /**
        -:  815:       *  @brief  Resizes the %vector to the specified number of elements.
        -:  816:       *  @param  __new_size  Number of elements the %vector should contain.
        -:  817:       *
        -:  818:       *  This function will %resize the %vector to the specified
        -:  819:       *  number of elements.  If the number is smaller than the
        -:  820:       *  %vector's current size the %vector is truncated, otherwise
        -:  821:       *  default constructed elements are appended.
        -:  822:       */
        -:  823:      void
        -:  824:      resize(size_type __new_size)
        -:  825:      {
        -:  826:	if (__new_size > size())
        -:  827:	  _M_default_append(__new_size - size());
        -:  828:	else if (__new_size < size())
        -:  829:	  _M_erase_at_end(this->_M_impl._M_start + __new_size);
        -:  830:      }
        -:  831:
        -:  832:      /**
        -:  833:       *  @brief  Resizes the %vector to the specified number of elements.
        -:  834:       *  @param  __new_size  Number of elements the %vector should contain.
        -:  835:       *  @param  __x  Data with which new elements should be populated.
        -:  836:       *
        -:  837:       *  This function will %resize the %vector to the specified
        -:  838:       *  number of elements.  If the number is smaller than the
        -:  839:       *  %vector's current size the %vector is truncated, otherwise
        -:  840:       *  the %vector is extended and new elements are populated with
        -:  841:       *  given data.
        -:  842:       */
        -:  843:      void
        -:  844:      resize(size_type __new_size, const value_type& __x)
        -:  845:      {
        -:  846:	if (__new_size > size())
        -:  847:	  _M_fill_insert(end(), __new_size - size(), __x);
        -:  848:	else if (__new_size < size())
        -:  849:	  _M_erase_at_end(this->_M_impl._M_start + __new_size);
        -:  850:      }
        -:  851:#else
        -:  852:      /**
        -:  853:       *  @brief  Resizes the %vector to the specified number of elements.
        -:  854:       *  @param  __new_size  Number of elements the %vector should contain.
        -:  855:       *  @param  __x  Data with which new elements should be populated.
        -:  856:       *
        -:  857:       *  This function will %resize the %vector to the specified
        -:  858:       *  number of elements.  If the number is smaller than the
        -:  859:       *  %vector's current size the %vector is truncated, otherwise
        -:  860:       *  the %vector is extended and new elements are populated with
        -:  861:       *  given data.
        -:  862:       */
        -:  863:      void
        -:  864:      resize(size_type __new_size, value_type __x = value_type())
        -:  865:      {
        -:  866:	if (__new_size > size())
        -:  867:	  _M_fill_insert(end(), __new_size - size(), __x);
        -:  868:	else if (__new_size < size())
        -:  869:	  _M_erase_at_end(this->_M_impl._M_start + __new_size);
        -:  870:      }
        -:  871:#endif
        -:  872:
        -:  873:#if __cplusplus >= 201103L
        -:  874:      /**  A non-binding request to reduce capacity() to size().  */
        -:  875:      void
        -:  876:      shrink_to_fit()
        -:  877:      { _M_shrink_to_fit(); }
        -:  878:#endif
        -:  879:
        -:  880:      /**
        -:  881:       *  Returns the total number of elements that the %vector can
        -:  882:       *  hold before needing to allocate more memory.
        -:  883:       */
        -:  884:      size_type
      113:  885:      capacity() const _GLIBCXX_NOEXCEPT
      113:  886:      { return size_type(this->_M_impl._M_end_of_storage
      113:  887:			 - this->_M_impl._M_start); }
        -:  888:
        -:  889:      /**
        -:  890:       *  Returns true if the %vector is empty.  (Thus begin() would
        -:  891:       *  equal end().)
        -:  892:       */
        -:  893:      bool
     117*:  894:      empty() const _GLIBCXX_NOEXCEPT
     117*:  895:      { return begin() == end(); }
------------------
_ZNKSt6vectorIS_IPFvvESaIS1_EESaIS3_EE5emptyEv:
    #####:  894:      empty() const _GLIBCXX_NOEXCEPT
    #####:  895:      { return begin() == end(); }
------------------
_ZNKSt6vectorISt4pairIPN2rc3gen6detail17GenerationHandlerEmESaIS6_EE5emptyEv:
      117:  894:      empty() const _GLIBCXX_NOEXCEPT
      117:  895:      { return begin() == end(); }
------------------
        -:  896:
        -:  897:      /**
        -:  898:       *  @brief  Attempt to preallocate enough memory for specified number of
        -:  899:       *          elements.
        -:  900:       *  @param  __n  Number of elements required.
        -:  901:       *  @throw  std::length_error  If @a n exceeds @c max_size().
        -:  902:       *
        -:  903:       *  This function attempts to reserve enough memory for the
        -:  904:       *  %vector to hold the specified number of elements.  If the
        -:  905:       *  number requested is more than max_size(), length_error is
        -:  906:       *  thrown.
        -:  907:       *
        -:  908:       *  The advantage of this function is that if optimal code is a
        -:  909:       *  necessity and the user can determine the number of elements
        -:  910:       *  that will be required, the user can reserve the memory in
        -:  911:       *  %advance, and thus prevent a possible reallocation of memory
        -:  912:       *  and copying of %vector data.
        -:  913:       */
        -:  914:      void
        -:  915:      reserve(size_type __n);
        -:  916:
        -:  917:      // element access
        -:  918:      /**
        -:  919:       *  @brief  Subscript access to the data contained in the %vector.
        -:  920:       *  @param __n The index of the element for which data should be
        -:  921:       *  accessed.
        -:  922:       *  @return  Read/write reference to data.
        -:  923:       *
        -:  924:       *  This operator allows for easy, array-style, data access.
        -:  925:       *  Note that data access with this operator is unchecked and
        -:  926:       *  out_of_range lookups are not defined. (For checked lookups
        -:  927:       *  see at().)
        -:  928:       */
        -:  929:      reference
        3:  930:      operator[](size_type __n) _GLIBCXX_NOEXCEPT
        -:  931:      {
        -:  932:	__glibcxx_requires_subscript(__n);
        3:  933:	return *(this->_M_impl._M_start + __n);
        -:  934:      }
        -:  935:
        -:  936:      /**
        -:  937:       *  @brief  Subscript access to the data contained in the %vector.
        -:  938:       *  @param __n The index of the element for which data should be
        -:  939:       *  accessed.
        -:  940:       *  @return  Read-only (constant) reference to data.
        -:  941:       *
        -:  942:       *  This operator allows for easy, array-style, data access.
        -:  943:       *  Note that data access with this operator is unchecked and
        -:  944:       *  out_of_range lookups are not defined. (For checked lookups
        -:  945:       *  see at().)
        -:  946:       */
        -:  947:      const_reference
        -:  948:      operator[](size_type __n) const _GLIBCXX_NOEXCEPT
        -:  949:      {
        -:  950:	__glibcxx_requires_subscript(__n);
        -:  951:	return *(this->_M_impl._M_start + __n);
        -:  952:      }
        -:  953:
        -:  954:    protected:
        -:  955:      /// Safety check used only from at().
        -:  956:      void
        -:  957:      _M_range_check(size_type __n) const
        -:  958:      {
        -:  959:	if (__n >= this->size())
[...]
        -: 1439:
        -: 1440:      // Called by the second initialize_dispatch above
        -: 1441:      template<typename _InputIterator>
        -: 1442:	void
     2536: 1443:	_M_range_initialize(_InputIterator __first, _InputIterator __last,
        -: 1444:			    std::input_iterator_tag)
        -: 1445:	{
        -: 1446:	  __try {
     2536: 1447:	    for (; __first != __last; ++__first)
        -: 1448:#if __cplusplus >= 201103L
     2418: 1449:	      emplace_back(*__first);
        -: 1450:#else
        -: 1451:	      push_back(*__first);
        -: 1452:#endif
    =====: 1453:	  } __catch(...) {
    =====: 1454:	    clear();
    =====: 1455:	    __throw_exception_again;
        -: 1456:	  }
      118: 1457:	}
        -: 1458:
        -: 1459:      // Called by the second initialize_dispatch above
        -: 1460:      template<typename _ForwardIterator>
        -: 1461:	void
        -: 1462:	_M_range_initialize(_ForwardIterator __first, _ForwardIterator __last,
        -: 1463:			    std::forward_iterator_tag)
        -: 1464:	{
        -: 1465:	  const size_type __n = std::distance(__first, __last);
        -: 1466:	  this->_M_impl._M_start = this->_M_allocate(__n);
        -: 1467:	  this->_M_impl._M_end_of_storage = this->_M_impl._M_start + __n;
        -: 1468:	  this->_M_impl._M_finish =
        -: 1469:	    std::__uninitialized_copy_a(__first, __last,
        -: 1470:					this->_M_impl._M_start,
        -: 1471:					_M_get_Tp_allocator());
        -: 1472:	}
        -: 1473:
        -: 1474:      // Called by the first initialize_dispatch above and by the
        -: 1475:      // vector(n,value,a) constructor.
        -: 1476:      void
        -: 1477:      _M_fill_initialize(size_type __n, const value_type& __value)
        -: 1478:      {
        -: 1479:	this->_M_impl._M_finish =
        -: 1480:	  std::__uninitialized_fill_n_a(this->_M_impl._M_start, __n, __value,
        -: 1481:					_M_get_Tp_allocator());
        -: 1482:      }
        -: 1483:
        -: 1484:#if __cplusplus >= 201103L
        -: 1485:      // Called by the vector(n) constructor.
        -: 1486:      void
        -: 1487:      _M_default_initialize(size_type __n)
        -: 1488:      {
        -: 1489:	this->_M_impl._M_finish =
        -: 1490:	  std::__uninitialized_default_n_a(this->_M_impl._M_start, __n,
        -: 1491:					   _M_get_Tp_allocator());
        -: 1492:      }
        -: 1493:#endif
        -: 1494:
        -: 1495:      // Internal assign functions follow.  The *_aux functions do the actual
        -: 1496:      // assignment work for the range versions.
        -: 1497:
        -: 1498:      // Called by the range assign to implement [23.1.1]/9
        -: 1499:
        -: 1500:      // _GLIBCXX_RESOLVE_LIB_DEFECTS
        -: 1501:      // 438. Ambiguity in the "do the right thing" clause
        -: 1502:      template<typename _Integer>
        -: 1503:	void
        -: 1504:	_M_assign_dispatch(_Integer __n, _Integer __val, __true_type)
        -: 1505:	{ _M_fill_assign(__n, __val); }
        -: 1506:
        -: 1507:      // Called by the range assign to implement [23.1.1]/9
        -: 1508:      template<typename _InputIterator>
        -: 1509:	void
        -: 1510:	_M_assign_dispatch(_InputIterator __first, _InputIterator __last,
        -: 1511:			   __false_type)
        -: 1512:	{ _M_assign_aux(__first, __last, std::__iterator_category(__first)); }
        -: 1513:
        -: 1514:      // Called by the second assign_dispatch above
        -: 1515:      template<typename _InputIterator>
        -: 1516:	void
        -: 1517:	_M_assign_aux(_InputIterator __first, _InputIterator __last,
        -: 1518:		      std::input_iterator_tag);
        -: 1519:
        -: 1520:      // Called by the second assign_dispatch above
        -: 1521:      template<typename _ForwardIterator>
        -: 1522:	void
        -: 1523:	_M_assign_aux(_ForwardIterator __first, _ForwardIterator __last,
        -: 1524:		      std::forward_iterator_tag);
        -: 1525:
        -: 1526:      // Called by assign(n,t), and the range assign when it turns out
        -: 1527:      // to be the same thing.
        -: 1528:      void
        -: 1529:      _M_fill_assign(size_type __n, const value_type& __val);
        -: 1530:
        -: 1531:      // Internal insert functions follow.
        -: 1532:
        -: 1533:      // Called by the range insert to implement [23.1.1]/9
        -: 1534:
        -: 1535:      // _GLIBCXX_RESOLVE_LIB_DEFECTS
        -: 1536:      // 438. Ambiguity in the "do the right thing" clause
        -: 1537:      template<typename _Integer>
        -: 1538:	void
        -: 1539:	_M_insert_dispatch(iterator __pos, _Integer __n, _Integer __val,
        -: 1540:			   __true_type)
        -: 1541:	{ _M_fill_insert(__pos, __n, __val); }
        -: 1542:
        -: 1543:      // Called by the range insert to implement [23.1.1]/9
        -: 1544:      template<typename _InputIterator>
        -: 1545:	void
       10: 1546:	_M_insert_dispatch(iterator __pos, _InputIterator __first,
        -: 1547:			   _InputIterator __last, __false_type)
        -: 1548:	{
       10: 1549:	  _M_range_insert(__pos, __first, __last,
       10: 1550:			  std::__iterator_category(__first));
       10: 1551:	}
        -: 1552:
        -: 1553:      // Called by the second insert_dispatch above
        -: 1554:      template<typename _InputIterator>
        -: 1555:	void
        -: 1556:	_M_range_insert(iterator __pos, _InputIterator __first,
        -: 1557:			_InputIterator __last, std::input_iterator_tag);
        -: 1558:
        -: 1559:      // Called by the second insert_dispatch above
        -: 1560:      template<typename _ForwardIterator>
        -: 1561:	void
        -: 1562:	_M_range_insert(iterator __pos, _ForwardIterator __first,
        -: 1563:			_ForwardIterator __last, std::forward_iterator_tag);
        -: 1564:
        -: 1565:      // Called by insert(p,n,x), and the range insert when it turns out to be
        -: 1566:      // the same thing.
        -: 1567:      void
        -: 1568:      _M_fill_insert(iterator __pos, size_type __n, const value_type& __x);
        -: 1569:
        -: 1570:#if __cplusplus >= 201103L
        -: 1571:      // Called by resize(n).
        -: 1572:      void
        -: 1573:      _M_default_append(size_type __n);
        -: 1574:
        -: 1575:      bool
        -: 1576:      _M_shrink_to_fit();
        -: 1577:#endif
        -: 1578:
        -: 1579:#if __cplusplus < 201103L
        -: 1580:      // Called by insert(p,x)
        -: 1581:      void
        -: 1582:      _M_insert_aux(iterator __position, const value_type& __x);
        -: 1583:
        -: 1584:      void
        -: 1585:      _M_realloc_insert(iterator __position, const value_type& __x);
        -: 1586:#else
        -: 1587:      // A value_type object constructed with _Alloc_traits::construct()
        -: 1588:      // and destroyed with _Alloc_traits::destroy().
        -: 1589:      struct _Temporary_value
        -: 1590:      {
        -: 1591:	template<typename... _Args>
        -: 1592:	  explicit
        -: 1593:	  _Temporary_value(vector* __vec, _Args&&... __args) : _M_this(__vec)
        -: 1594:	  {
        -: 1595:	    _Alloc_traits::construct(_M_this->_M_impl, _M_ptr(),
        -: 1596:				     std::forward<_Args>(__args)...);
        -: 1597:	  }
        -: 1598:
        -: 1599:	~_Temporary_value()
        -: 1600:	{ _Alloc_traits::destroy(_M_this->_M_impl, _M_ptr()); }
        -: 1601:
        -: 1602:	value_type&
        -: 1603:	_M_val() { return *reinterpret_cast<_Tp*>(&__buf); }
        -: 1604:
        -: 1605:      private:
        -: 1606:	pointer
        -: 1607:	_M_ptr() { return pointer_traits<pointer>::pointer_to(_M_val()); }
        -: 1608:
        -: 1609:	vector* _M_this;
        -: 1610:	typename aligned_storage<sizeof(_Tp), alignof(_Tp)>::type __buf;
        -: 1611:      };
        -: 1612:
        -: 1613:      // Called by insert(p,x) and other functions when insertion needs to
        -: 1614:      // reallocate or move existing elements. _Arg is either _Tp& or _Tp.
        -: 1615:      template<typename _Arg>
        -: 1616:	void
        -: 1617:	_M_insert_aux(iterator __position, _Arg&& __arg);
        -: 1618:
        -: 1619:      template<typename... _Args>
        -: 1620:	void
        -: 1621:	_M_realloc_insert(iterator __position, _Args&&... __args);
        -: 1622:
        -: 1623:      // Either move-construct at the end, or forward to _M_insert_aux.
        -: 1624:      iterator
        -: 1625:      _M_insert_rval(const_iterator __position, value_type&& __v);
        -: 1626:
        -: 1627:      // Try to emplace at the end, otherwise forward to _M_insert_aux.
        -: 1628:      template<typename... _Args>
        -: 1629:	iterator
        -: 1630:	_M_emplace_aux(const_iterator __position, _Args&&... __args);
        -: 1631:
        -: 1632:      // Emplacing an rvalue of the correct type can use _M_insert_rval.
        -: 1633:      iterator
        -: 1634:      _M_emplace_aux(const_iterator __position, value_type&& __v)
        -: 1635:      { return _M_insert_rval(__position, std::move(__v)); }
        -: 1636:#endif
        -: 1637:
        -: 1638:      // Called by _M_fill_insert, _M_insert_aux etc.
        -: 1639:      size_type
     526*: 1640:      _M_check_len(size_type __n, const char* __s) const
        -: 1641:      {
     526*: 1642:	if (max_size() - size() < __n)
    #####: 1643:	  __throw_length_error(__N(__s));
        -: 1644:
     526*: 1645:	const size_type __len = size() + std::max(size(), __n);
     526*: 1646:	return (__len < size() || __len > max_size()) ? max_size() : __len;
        -: 1647:      }
------------------
_ZNKSt6vectorIdSaIdEE12_M_check_lenEmPKc:
      524: 1640:      _M_check_len(size_type __n, const char* __s) const
        -: 1641:      {
      524: 1642:	if (max_size() - size() < __n)
    #####: 1643:	  __throw_length_error(__N(__s));
        -: 1644:
      524: 1645:	const size_type __len = size() + std::max(size(), __n);
     524*: 1646:	return (__len < size() || __len > max_size()) ? max_size() : __len;
        -: 1647:      }
------------------
_ZNKSt6vectorIN2rc10ShrinkableIdEESaIS2_EE12_M_check_lenEmPKc:
    #####: 1640:      _M_check_len(size_type __n, const char* __s) const
        -: 1641:      {
    #####: 1642:	if (max_size() - size() < __n)
    #####: 1643:	  __throw_length_error(__N(__s));
        -: 1644:
    #####: 1645:	const size_type __len = size() + std::max(size(), __n);
    #####: 1646:	return (__len < size() || __len > max_size()) ? max_size() : __len;
        -: 1647:      }
------------------
_ZNKSt6vectorISt4pairIPN2rc6detail15PropertyContextEmESaIS5_EE12_M_check_lenEmPKc:
        1: 1640:      _M_check_len(size_type __n, const char* __s) const
        -: 1641:      {
        1: 1642:	if (max_size() - size() < __n)
    #####: 1643:	  __throw_length_error(__N(__s));
        -: 1644:
        1: 1645:	const size_type __len = size() + std::max(size(), __n);
       1*: 1646:	return (__len < size() || __len > max_size()) ? max_size() : __len;
        -: 1647:      }
------------------
_ZNKSt6vectorIPFvvESaIS1_EE12_M_check_lenEmPKc:
    #####: 1640:      _M_check_len(size_type __n, const char* __s) const
        -: 1641:      {
    #####: 1642:	if (max_size() - size() < __n)
    #####: 1643:	  __throw_length_error(__N(__s));
        -: 1644:
    #####: 1645:	const size_type __len = size() + std::max(size(), __n);
    #####: 1646:	return (__len < size() || __len > max_size()) ? max_size() : __len;
        -: 1647:      }
------------------
_ZNKSt6vectorISt4pairIPN2rc3gen6detail17GenerationHandlerEmESaIS6_EE12_M_check_lenEmPKc:
        1: 1640:      _M_check_len(size_type __n, const char* __s) const
        -: 1641:      {
        1: 1642:	if (max_size() - size() < __n)
    #####: 1643:	  __throw_length_error(__N(__s));
        -: 1644:
        1: 1645:	const size_type __len = size() + std::max(size(), __n);
       1*: 1646:	return (__len < size() || __len > max_size()) ? max_size() : __len;
        -: 1647:      }
------------------
        -: 1648:
        -: 1649:      // Internal erase functions follow.
        -: 1650:
        -: 1651:      // Called by erase(q1,q2), clear(), resize(), _M_fill_assign,
        -: 1652:      // _M_assign_aux.
        -: 1653:      void
    #####: 1654:      _M_erase_at_end(pointer __pos) _GLIBCXX_NOEXCEPT
        -: 1655:      {
    #####: 1656:	if (size_type __n = this->_M_impl._M_finish - __pos)
        -: 1657:	  {
    #####: 1658:	    std::_Destroy(__pos, this->_M_impl._M_finish,
    #####: 1659:			  _M_get_Tp_allocator());
    #####: 1660:	    this->_M_impl._M_finish = __pos;
        -: 1661:	    _GLIBCXX_ASAN_ANNOTATE_SHRINK(__n);
        -: 1662:	  }
    #####: 1663:      }
        -: 1664:
        -: 1665:      iterator
        -: 1666:      _M_erase(iterator __position);
        -: 1667:
        -: 1668:      iterator
        -: 1669:      _M_erase(iterator __first, iterator __last);
        -: 1670:
        -: 1671:#if __cplusplus >= 201103L
        -: 1672:    private:
        -: 1673:      // Constant-time move assignment when source object's memory can be
        -: 1674:      // moved, either because the source's allocator will move too
        -: 1675:      // or because the allocators are equal.
        -: 1676:      void
        -: 1677:      _M_move_assign(vector&& __x, std::true_type) noexcept
        -: 1678:      {
        -: 1679:	vector __tmp(get_allocator());
        -: 1680:	this->_M_impl._M_swap_data(__tmp._M_impl);
        -: 1681:	this->_M_impl._M_swap_data(__x._M_impl);
        -: 1682:	std::__alloc_on_move(_M_get_Tp_allocator(), __x._M_get_Tp_allocator());
        -: 1683:      }
        -: 1684:
        -: 1685:      // Do move assignment when it might not be possible to move source
        -: 1686:      // object's memory, resulting in a linear-time operation.
        -: 1687:      void
        -: 1688:      _M_move_assign(vector&& __x, std::false_type)
        -: 1689:      {
        -: 1690:	if (__x._M_get_Tp_allocator() == this->_M_get_Tp_allocator())
        -: 1691:	  _M_move_assign(std::move(__x), std::true_type());
        -: 1692:	else
        -: 1693:	  {
        -: 1694:	    // The rvalue's allocator cannot be moved and is not equal,
        -: 1695:	    // so we need to individually move each element.
        -: 1696:	    this->assign(std::__make_move_if_noexcept_iterator(__x.begin()),
        -: 1697:			 std::__make_move_if_noexcept_iterator(__x.end()));
        -: 1698:	    __x.clear();
        -: 1699:	  }
        -: 1700:      }
        -: 1701:#endif
        -: 1702:
        -: 1703:      template<typename _Up>
        -: 1704:	_Up*
        -: 1705:	_M_data_ptr(_Up* __ptr) const _GLIBCXX_NOEXCEPT
        -: 1706:	{ return __ptr; }
        -: 1707:
        -: 1708:#if __cplusplus >= 201103L
        -: 1709:      template<typename _Ptr>
        -: 1710:	typename std::pointer_traits<_Ptr>::element_type*
        -: 1711:	_M_data_ptr(_Ptr __ptr) const
        -: 1712:	{ return empty() ? nullptr : std::__to_address(__ptr); }
        -: 1713:#else
        -: 1714:      template<typename _Up>
        -: 1715:	_Up*
        -: 1716:	_M_data_ptr(_Up* __ptr) _GLIBCXX_NOEXCEPT
        -: 1717:	{ return __ptr; }
        -: 1718:
        -: 1719:      template<typename _Ptr>
        -: 1720:	value_type*
        -: 1721:	_M_data_ptr(_Ptr __ptr)
        -: 1722:	{ return empty() ? (value_type*)0 : __ptr.operator->(); }
        -: 1723:
        -: 1724:      template<typename _Ptr>
        -: 1725:	const value_type*
        -: 1726:	_M_data_ptr(_Ptr __ptr) const
        -: 1727:	{ return empty() ? (const value_type*)0 : __ptr.operator->(); }
        -: 1728:#endif
        -: 1729:    };
        -: 1730:
        -: 1731:#if __cpp_deduction_guides >= 201606
        -: 1732:  template<typename _InputIterator, typename _ValT
        -: 1733:	     = typename iterator_traits<_InputIterator>::value_type,
        -: 1734:	   typename _Allocator = allocator<_ValT>,
        -: 1735:	   typename = _RequireInputIter<_InputIterator>,
        -: 1736:	   typename = _RequireAllocator<_Allocator>>
        -: 1737:    vector(_InputIterator, _InputIterator, _Allocator = _Allocator())
        -: 1738:      -> vector<_ValT, _Allocator>;
        -: 1739:#endif
        -: 1740:
        -: 1741:  /**
        -: 1742:   *  @brief  Vector equality comparison.
        -: 1743:   *  @param  __x  A %vector.
        -: 1744:   *  @param  __y  A %vector of the same type as @a __x.
        -: 1745:   *  @return  True iff the size and elements of the vectors are equal.
        -: 1746:   *
        -: 1747:   *  This is an equivalence relation.  It is linear in the size of the
        -: 1748:   *  vectors.  Vectors are considered equivalent if their sizes are equal,
        -: 1749:   *  and if corresponding elements compare equal.
        -: 1750:  */
        -: 1751:  template<typename _Tp, typename _Alloc>
        -: 1752:    inline bool
        -: 1753:    operator==(const vector<_Tp, _Alloc>& __x, const vector<_Tp, _Alloc>& __y)
        -: 1754:    { return (__x.size() == __y.size()
        -: 1755:	      && std::equal(__x.begin(), __x.end(), __y.begin())); }
        -: 1756:
        -: 1757:  /**
        -: 1758:   *  @brief  Vector ordering relation.
        -: 1759:   *  @param  __x  A %vector.
        -: 1760:   *  @param  __y  A %vector of the same type as @a __x.
        -: 1761:   *  @return  True iff @a __x is lexicographically less than @a __y.
        -: 1762:   *
        -: 1763:   *  This is a total ordering relation.  It is linear in the size of the
        -: 1764:   *  vectors.  The elements must be comparable with @c <.
        -: 1765:   *
        -: 1766:   *  See std::lexicographical_compare() for how the determination is made.
        -: 1767:  */
        -: 1768:  template<typename _Tp, typename _Alloc>
        -: 1769:    inline bool
        -: 1770:    operator<(const vector<_Tp, _Alloc>& __x, const vector<_Tp, _Alloc>& __y)
        -: 1771:    { return std::lexicographical_compare(__x.begin(), __x.end(),
        -: 1772:					  __y.begin(), __y.end()); }
        -: 1773:
        -: 1774:  /// Based on operator==
        -: 1775:  template<typename _Tp, typename _Alloc>
        -: 1776:    inline bool
        -: 1777:    operator!=(const vector<_Tp, _Alloc>& __x, const vector<_Tp, _Alloc>& __y)
        -: 1778:    { return !(__x == __y); }
        -: 1779:
        -: 1780:  /// Based on operator<
        -: 1781:  template<typename _Tp, typename _Alloc>
        -: 1782:    inline bool
        -: 1783:    operator>(const vector<_Tp, _Alloc>& __x, const vector<_Tp, _Alloc>& __y)
        -: 1784:    { return __y < __x; }
        -: 1785:
        -: 1786:  /// Based on operator<
        -: 1787:  template<typename _Tp, typename _Alloc>
        -: 1788:    inline bool
        -: 1789:    operator<=(const vector<_Tp, _Alloc>& __x, const vector<_Tp, _Alloc>& __y)
        -: 1790:    { return !(__y < __x); }
        -: 1791:
        -: 1792:  /// Based on operator<
        -: 1793:  template<typename _Tp, typename _Alloc>
        -: 1794:    inline bool
        -: 1795:    operator>=(const vector<_Tp, _Alloc>& __x, const vector<_Tp, _Alloc>& __y)
        -: 1796:    { return !(__x < __y); }
        -: 1797:
        -: 1798:  /// See std::vector::swap().
        -: 1799:  template<typename _Tp, typename _Alloc>
        -: 1800:    inline void
        -: 1801:    swap(vector<_Tp, _Alloc>& __x, vector<_Tp, _Alloc>& __y)
        -: 1802:    _GLIBCXX_NOEXCEPT_IF(noexcept(__x.swap(__y)))
        -: 1803:    { __x.swap(__y); }
        -: 1804:
        -: 1805:_GLIBCXX_END_NAMESPACE_CONTAINER
        -: 1806:_GLIBCXX_END_NAMESPACE_VERSION
        -: 1807:} // namespace std
        -: 1808:
        -: 1809:#endif /* _STL_VECTOR_H */
